{"timestamp":"2026-05-04T12:19:55.787Z","eventType":"task_creation","step":"USING_ENHANCED_HELPER","status":"START","data":{"taskId":"69f88eebeca34fc7208c1f1f","taskType":"regular"},"processId":12152}
{"timestamp":"2026-05-04T12:19:55.801Z","eventType":"task_creation","step":"NOTIFICATION_START","status":"START","data":{"taskId":"69f88eebeca34fc7208c1f1f","taskType":"regular","title":"jddfkjsdf","createdBy":"69f833f84b4a527968d7e46b","assignedTo":"69f833f84b4a527968d7e46b","collaborators":0,"approvers":0},"processId":12152}
{"timestamp":"2026-05-04T12:19:55.815Z","eventType":"task_creation","step":"NOTIFY_ASSIGNEE_SKIPPED","status":"SKIP","data":{"reason":"Creator is assignee","createdBy":"69f833f84b4a527968d7e46b","assignedTo":"69f833f84b4a527968d7e46b"},"processId":12152}
{"timestamp":"2026-05-04T12:19:56.329Z","eventType":"task_creation","step":"NOTIFY_CREATOR_SUCCESS","status":"SUCCESS","data":{"createdBy":"69f833f84b4a527968d7e46b","notificationId":"69f88eececa34fc7208c1f2f"},"processId":12152}
{"timestamp":"2026-05-04T12:19:56.333Z","eventType":"task_creation","step":"NOTIFICATION_COMPLETE","status":"SUCCESS","data":{"taskId":"69f88eebeca34fc7208c1f1f","summary":{"assigneeNotifications":0,"collaboratorNotifications":0,"approverNotifications":0,"errors":0}},"processId":12152}
{"timestamp":"2026-05-04T12:19:56.336Z","eventType":"task_creation","step":"ENHANCED_NOTIFICATIONS_SENT","status":"SUCCESS","data":{"taskId":"69f88eebeca34fc7208c1f1f","assigneeNotifications":0,"collaboratorNotifications":0,"approverNotifications":0,"errors":0},"processId":12152}
{"timestamp":"2026-05-04T12:21:00.165Z","eventType":"task_creation","step":"USING_ENHANCED_HELPER","status":"START","data":{"taskId":"69f88f23eca34fc7208c1f88","taskType":"recurring"},"processId":12152}
{"timestamp":"2026-05-04T12:21:00.168Z","eventType":"task_creation","step":"NOTIFICATION_START","status":"START","data":{"taskId":"69f88f23eca34fc7208c1f88","taskType":"recurring","title":"fgfdgdffg","createdBy":"69f833f84b4a527968d7e46b","assignedTo":"69f833f84b4a527968d7e46b","collaborators":0,"approvers":0},"processId":12152}
{"timestamp":"2026-05-04T12:21:00.173Z","eventType":"task_creation","step":"NOTIFY_ASSIGNEE_SKIPPED","status":"SKIP","data":{"reason":"Creator is assignee","createdBy":"69f833f84b4a527968d7e46b","assignedTo":"69f833f84b4a527968d7e46b"},"processId":12152}
{"timestamp":"2026-05-04T12:21:00.643Z","eventType":"task_creation","step":"NOTIFY_CREATOR_SUCCESS","status":"SUCCESS","data":{"createdBy":"69f833f84b4a527968d7e46b","notificationId":"69f88f2ceca34fc7208c202f"},"processId":12152}
{"timestamp":"2026-05-04T12:21:00.645Z","eventType":"task_creation","step":"NOTIFICATION_COMPLETE","status":"SUCCESS","data":{"taskId":"69f88f23eca34fc7208c1f88","summary":{"assigneeNotifications":0,"collaboratorNotifications":0,"approverNotifications":0,"errors":0}},"processId":12152}
{"timestamp":"2026-05-04T12:21:00.647Z","eventType":"task_creation","step":"ENHANCED_NOTIFICATIONS_SENT","status":"SUCCESS","data":{"taskId":"69f88f23eca34fc7208c1f88","assigneeNotifications":0,"collaboratorNotifications":0,"approverNotifications":0,"errors":0},"processId":12152}
{"timestamp":"2026-05-04T12:21:33.336Z","eventType":"task_creation","step":"USING_ENHANCED_HELPER","status":"START","data":{"taskId":"69f88f4ceca34fc7208c20a1","taskType":"regular"},"processId":12152}
{"timestamp":"2026-05-04T12:21:33.340Z","eventType":"task_creation","step":"NOTIFICATION_START","status":"START","data":{"taskId":"69f88f4ceca34fc7208c20a1","taskType":"regular","title":"gfdgdfgddfgdfg","createdBy":"69f833f84b4a527968d7e46b","assignedTo":"69f833f84b4a527968d7e46b","collaborators":0,"approvers":0},"processId":12152}
{"timestamp":"2026-05-04T12:21:33.343Z","eventType":"task_creation","step":"NOTIFY_ASSIGNEE_SKIPPED","status":"SKIP","data":{"reason":"Creator is assignee","createdBy":"69f833f84b4a527968d7e46b","assignedTo":"69f833f84b4a527968d7e46b"},"processId":12152}
{"timestamp":"2026-05-04T12:21:33.778Z","eventType":"task_creation","step":"NOTIFY_CREATOR_SUCCESS","status":"SUCCESS","data":{"createdBy":"69f833f84b4a527968d7e46b","notificationId":"69f88f4deca34fc7208c20b1"},"processId":12152}
{"timestamp":"2026-05-04T12:21:33.780Z","eventType":"task_creation","step":"NOTIFICATION_COMPLETE","status":"SUCCESS","data":{"taskId":"69f88f4ceca34fc7208c20a1","summary":{"assigneeNotifications":0,"collaboratorNotifications":0,"approverNotifications":0,"errors":0}},"processId":12152}
{"timestamp":"2026-05-04T12:21:33.782Z","eventType":"task_creation","step":"ENHANCED_NOTIFICATIONS_SENT","status":"SUCCESS","data":{"taskId":"69f88f4ceca34fc7208c20a1","assigneeNotifications":0,"collaboratorNotifications":0,"approverNotifications":0,"errors":0},"processId":12152}
{"timestamp":"2026-05-04T12:45:31.987Z","eventType":"task_creation","step":"USING_ENHANCED_HELPER","status":"START","data":{"taskId":"69f894eb77a8247315f0b5e8","taskType":"regular"},"processId":20232}
{"timestamp":"2026-05-04T12:45:31.992Z","eventType":"task_creation","step":"NOTIFICATION_START","status":"START","data":{"taskId":"69f894eb77a8247315f0b5e8","taskType":"regular","title":"design update","createdBy":"69f8304bd4f3da9b3c135286","assignedTo":"69f8304bd4f3da9b3c135286","collaborators":0,"approvers":0},"processId":20232}
{"timestamp":"2026-05-04T12:45:31.997Z","eventType":"task_creation","step":"NOTIFY_ASSIGNEE_SKIPPED","status":"SKIP","data":{"reason":"Creator is assignee","createdBy":"69f8304bd4f3da9b3c135286","assignedTo":"69f8304bd4f3da9b3c135286"},"processId":20232}
{"timestamp":"2026-05-04T12:45:32.608Z","eventType":"task_creation","step":"NOTIFY_CREATOR_SUCCESS","status":"SUCCESS","data":{"createdBy":"69f8304bd4f3da9b3c135286","notificationId":"69f894ec77a8247315f0b5f8"},"processId":20232}
{"timestamp":"2026-05-04T12:45:32.611Z","eventType":"task_creation","step":"NOTIFICATION_COMPLETE","status":"SUCCESS","data":{"taskId":"69f894eb77a8247315f0b5e8","summary":{"assigneeNotifications":0,"collaboratorNotifications":0,"approverNotifications":0,"errors":0}},"processId":20232}
{"timestamp":"2026-05-04T12:45:32.620Z","eventType":"task_creation","step":"ENHANCED_NOTIFICATIONS_SENT","status":"SUCCESS","data":{"taskId":"69f894eb77a8247315f0b5e8","assigneeNotifications":0,"collaboratorNotifications":0,"approverNotifications":0,"errors":0},"processId":20232}
