{"timestamp":"2026-07-23T06:28:08.936Z","eventType":"task_creation","step":"USING_ENHANCED_HELPER","status":"START","data":{"taskId":"6a61b478c2d94422828f4d3b","taskType":"regular"},"processId":11860}
{"timestamp":"2026-07-23T06:28:08.943Z","eventType":"task_creation","step":"NOTIFICATION_START","status":"START","data":{"taskId":"6a61b478c2d94422828f4d3b","taskType":"regular","title":"regular task cronJobs","createdBy":"6a52123b9dd92c35a0ae69cd","assignedTo":"6a52123b9dd92c35a0ae69cd","collaborators":0,"approvers":0},"processId":11860}
{"timestamp":"2026-07-23T06:28:08.945Z","eventType":"task_creation","step":"NOTIFY_ASSIGNEE_SKIPPED","status":"SKIP","data":{"reason":"Creator is assignee","createdBy":"6a52123b9dd92c35a0ae69cd","assignedTo":"6a52123b9dd92c35a0ae69cd"},"processId":11860}
{"timestamp":"2026-07-23T06:28:12.922Z","eventType":"task_creation","step":"NOTIFY_CREATOR_SUCCESS","status":"SUCCESS","data":{"createdBy":"6a52123b9dd92c35a0ae69cd","notificationId":"6a61b47cc2d94422828f4d53"},"processId":11860}
{"timestamp":"2026-07-23T06:28:12.923Z","eventType":"task_creation","step":"NOTIFICATION_COMPLETE","status":"SUCCESS","data":{"taskId":"6a61b478c2d94422828f4d3b","summary":{"assigneeNotifications":0,"collaboratorNotifications":0,"approverNotifications":0,"errors":0}},"processId":11860}
{"timestamp":"2026-07-23T06:28:12.924Z","eventType":"task_creation","step":"ENHANCED_NOTIFICATIONS_SENT","status":"SUCCESS","data":{"taskId":"6a61b478c2d94422828f4d3b","assigneeNotifications":0,"collaboratorNotifications":0,"approverNotifications":0,"errors":0},"processId":11860}
{"timestamp":"2026-07-23T06:40:21.722Z","eventType":"task_creation","step":"USING_ENHANCED_HELPER","status":"START","data":{"taskId":"6a61b755013632d50b455e4d","taskType":"regular"},"processId":22140}
{"timestamp":"2026-07-23T06:40:21.725Z","eventType":"task_creation","step":"NOTIFICATION_START","status":"START","data":{"taskId":"6a61b755013632d50b455e4d","taskType":"regular","title":"update task design","createdBy":"6a52123b9dd92c35a0ae69cd","assignedTo":"6a52123b9dd92c35a0ae69cd","collaborators":0,"approvers":0},"processId":22140}
{"timestamp":"2026-07-23T06:40:21.726Z","eventType":"task_creation","step":"NOTIFY_ASSIGNEE_SKIPPED","status":"SKIP","data":{"reason":"Creator is assignee","createdBy":"6a52123b9dd92c35a0ae69cd","assignedTo":"6a52123b9dd92c35a0ae69cd"},"processId":22140}
{"timestamp":"2026-07-23T06:40:22.224Z","eventType":"task_creation","step":"NOTIFY_CREATOR_SUCCESS","status":"SUCCESS","data":{"createdBy":"6a52123b9dd92c35a0ae69cd","notificationId":"6a61b756013632d50b455e60"},"processId":22140}
{"timestamp":"2026-07-23T06:40:22.225Z","eventType":"task_creation","step":"NOTIFICATION_COMPLETE","status":"SUCCESS","data":{"taskId":"6a61b755013632d50b455e4d","summary":{"assigneeNotifications":0,"collaboratorNotifications":0,"approverNotifications":0,"errors":0}},"processId":22140}
{"timestamp":"2026-07-23T06:40:22.225Z","eventType":"task_creation","step":"ENHANCED_NOTIFICATIONS_SENT","status":"SUCCESS","data":{"taskId":"6a61b755013632d50b455e4d","assigneeNotifications":0,"collaboratorNotifications":0,"approverNotifications":0,"errors":0},"processId":22140}
{"timestamp":"2026-07-23T06:41:18.112Z","eventType":"task_creation","step":"USING_ENHANCED_HELPER","status":"START","data":{"taskId":"6a61b78c013632d50b455eea","taskType":"recurring"},"processId":22140}
{"timestamp":"2026-07-23T06:41:18.113Z","eventType":"task_creation","step":"NOTIFICATION_START","status":"START","data":{"taskId":"6a61b78c013632d50b455eea","taskType":"recurring","title":"update code","createdBy":"6a52123b9dd92c35a0ae69cd","assignedTo":"6a52123b9dd92c35a0ae69cd","collaborators":0,"approvers":0},"processId":22140}
{"timestamp":"2026-07-23T06:41:18.114Z","eventType":"task_creation","step":"NOTIFY_ASSIGNEE_SKIPPED","status":"SKIP","data":{"reason":"Creator is assignee","createdBy":"6a52123b9dd92c35a0ae69cd","assignedTo":"6a52123b9dd92c35a0ae69cd"},"processId":22140}
{"timestamp":"2026-07-23T06:41:18.616Z","eventType":"task_creation","step":"NOTIFY_CREATOR_SUCCESS","status":"SUCCESS","data":{"createdBy":"6a52123b9dd92c35a0ae69cd","notificationId":"6a61b78e013632d50b455f12"},"processId":22140}
{"timestamp":"2026-07-23T06:41:18.618Z","eventType":"task_creation","step":"NOTIFICATION_COMPLETE","status":"SUCCESS","data":{"taskId":"6a61b78c013632d50b455eea","summary":{"assigneeNotifications":0,"collaboratorNotifications":0,"approverNotifications":0,"errors":0}},"processId":22140}
{"timestamp":"2026-07-23T06:41:18.618Z","eventType":"task_creation","step":"ENHANCED_NOTIFICATIONS_SENT","status":"SUCCESS","data":{"taskId":"6a61b78c013632d50b455eea","assigneeNotifications":0,"collaboratorNotifications":0,"approverNotifications":0,"errors":0},"processId":22140}
{"timestamp":"2026-07-23T06:42:32.982Z","eventType":"task_creation","step":"USING_ENHANCED_HELPER","status":"START","data":{"taskId":"6a61b7d8013632d50b456019","taskType":"milestone"},"processId":22140}
{"timestamp":"2026-07-23T06:42:32.984Z","eventType":"task_creation","step":"NOTIFICATION_START","status":"START","data":{"taskId":"6a61b7d8013632d50b456019","taskType":"milestone","title":"update task design milstone","createdBy":"6a52123b9dd92c35a0ae69cd","assignedTo":"6a52123b9dd92c35a0ae69cd","collaborators":0,"approvers":0},"processId":22140}
{"timestamp":"2026-07-23T06:42:32.985Z","eventType":"task_creation","step":"NOTIFY_ASSIGNEE_SKIPPED","status":"SKIP","data":{"reason":"Creator is assignee","createdBy":"6a52123b9dd92c35a0ae69cd","assignedTo":"6a52123b9dd92c35a0ae69cd"},"processId":22140}
{"timestamp":"2026-07-23T06:42:33.505Z","eventType":"task_creation","step":"NOTIFY_CREATOR_SUCCESS","status":"SUCCESS","data":{"createdBy":"6a52123b9dd92c35a0ae69cd","notificationId":"6a61b7d9013632d50b45602c"},"processId":22140}
{"timestamp":"2026-07-23T06:42:33.506Z","eventType":"task_creation","step":"NOTIFICATION_COMPLETE","status":"SUCCESS","data":{"taskId":"6a61b7d8013632d50b456019","summary":{"assigneeNotifications":0,"collaboratorNotifications":0,"approverNotifications":0,"errors":0}},"processId":22140}
{"timestamp":"2026-07-23T06:42:33.507Z","eventType":"task_creation","step":"ENHANCED_NOTIFICATIONS_SENT","status":"SUCCESS","data":{"taskId":"6a61b7d8013632d50b456019","assigneeNotifications":0,"collaboratorNotifications":0,"approverNotifications":0,"errors":0},"processId":22140}
{"timestamp":"2026-07-23T06:49:14.231Z","eventType":"task_creation","step":"USING_ENHANCED_HELPER","status":"START","data":{"taskId":"6a61b969494d018393587b44","taskType":"milestone"},"processId":25672}
{"timestamp":"2026-07-23T06:49:14.236Z","eventType":"task_creation","step":"NOTIFICATION_START","status":"START","data":{"taskId":"6a61b969494d018393587b44","taskType":"milestone","title":"last linked task check","createdBy":"6a52123b9dd92c35a0ae69cd","assignedTo":"6a52123b9dd92c35a0ae69cd","collaborators":0,"approvers":0},"processId":25672}
{"timestamp":"2026-07-23T06:49:14.238Z","eventType":"task_creation","step":"NOTIFY_ASSIGNEE_SKIPPED","status":"SKIP","data":{"reason":"Creator is assignee","createdBy":"6a52123b9dd92c35a0ae69cd","assignedTo":"6a52123b9dd92c35a0ae69cd"},"processId":25672}
{"timestamp":"2026-07-23T06:49:14.792Z","eventType":"task_creation","step":"NOTIFY_CREATOR_SUCCESS","status":"SUCCESS","data":{"createdBy":"6a52123b9dd92c35a0ae69cd","notificationId":"6a61b96a494d018393587b58"},"processId":25672}
{"timestamp":"2026-07-23T06:49:14.793Z","eventType":"task_creation","step":"NOTIFICATION_COMPLETE","status":"SUCCESS","data":{"taskId":"6a61b969494d018393587b44","summary":{"assigneeNotifications":0,"collaboratorNotifications":0,"approverNotifications":0,"errors":0}},"processId":25672}
{"timestamp":"2026-07-23T06:49:14.793Z","eventType":"task_creation","step":"ENHANCED_NOTIFICATIONS_SENT","status":"SUCCESS","data":{"taskId":"6a61b969494d018393587b44","assigneeNotifications":0,"collaboratorNotifications":0,"approverNotifications":0,"errors":0},"processId":25672}
{"timestamp":"2026-07-23T06:56:03.378Z","eventType":"task_creation","step":"USING_ENHANCED_HELPER","status":"START","data":{"taskId":"6a61bb0296f4c8c5a85835ea","taskType":"regular"},"processId":26540}
{"timestamp":"2026-07-23T06:56:03.385Z","eventType":"task_creation","step":"NOTIFICATION_START","status":"START","data":{"taskId":"6a61bb0296f4c8c5a85835ea","taskType":"regular","title":"padding update","createdBy":"6a52123b9dd92c35a0ae69cd","assignedTo":"6a52123b9dd92c35a0ae69cd","collaborators":0,"approvers":0},"processId":26540}
{"timestamp":"2026-07-23T06:56:03.388Z","eventType":"task_creation","step":"NOTIFY_ASSIGNEE_SKIPPED","status":"SKIP","data":{"reason":"Creator is assignee","createdBy":"6a52123b9dd92c35a0ae69cd","assignedTo":"6a52123b9dd92c35a0ae69cd"},"processId":26540}
{"timestamp":"2026-07-23T06:56:03.961Z","eventType":"task_creation","step":"NOTIFY_CREATOR_SUCCESS","status":"SUCCESS","data":{"createdBy":"6a52123b9dd92c35a0ae69cd","notificationId":"6a61bb0396f4c8c5a85835fd"},"processId":26540}
{"timestamp":"2026-07-23T06:56:03.963Z","eventType":"task_creation","step":"NOTIFICATION_COMPLETE","status":"SUCCESS","data":{"taskId":"6a61bb0296f4c8c5a85835ea","summary":{"assigneeNotifications":0,"collaboratorNotifications":0,"approverNotifications":0,"errors":0}},"processId":26540}
{"timestamp":"2026-07-23T06:56:03.964Z","eventType":"task_creation","step":"ENHANCED_NOTIFICATIONS_SENT","status":"SUCCESS","data":{"taskId":"6a61bb0296f4c8c5a85835ea","assigneeNotifications":0,"collaboratorNotifications":0,"approverNotifications":0,"errors":0},"processId":26540}
