{"timestamp":"2026-06-15T08:45:24.279Z","eventType":"task_creation","step":"USING_ENHANCED_HELPER","status":"START","data":{"taskId":"6a2fbba37ef7aebc0f068831","taskType":"approval"},"processId":22360}
{"timestamp":"2026-06-15T08:45:24.303Z","eventType":"task_creation","step":"NOTIFICATION_START","status":"START","data":{"taskId":"6a2fbba37ef7aebc0f068831","taskType":"approval","title":"update task design approver testing","createdBy":"69f1b70ef22a552efa7865d8","assignedTo":"69f1b70ef22a552efa7865d8","collaborators":0,"approvers":1},"processId":22360}
{"timestamp":"2026-06-15T08:45:24.328Z","eventType":"task_creation","step":"NOTIFY_ASSIGNEE_SKIPPED","status":"SKIP","data":{"reason":"Creator is assignee","createdBy":"69f1b70ef22a552efa7865d8","assignedTo":"69f1b70ef22a552efa7865d8"},"processId":22360}
{"timestamp":"2026-06-15T08:45:25.226Z","eventType":"task_creation","step":"NOTIFY_CREATOR_SUCCESS","status":"SUCCESS","data":{"createdBy":"69f1b70ef22a552efa7865d8","notificationId":"6a2fbba57ef7aebc0f068846"},"processId":22360}
{"timestamp":"2026-06-15T08:45:25.233Z","eventType":"task_creation","step":"NOTIFY_APPROVERS_START","status":"PROGRESS","data":{"approverCount":1,"taskId":"6a2fbba37ef7aebc0f068831","approvalMode":"any"},"processId":22360}
{"timestamp":"2026-06-15T08:45:25.676Z","eventType":"task_creation","step":"NOTIFY_APPROVER_SUCCESS","status":"SUCCESS","data":{"approverId":"69f1a9f4cef05240117bd5b8","index":1,"notificationId":"6a2fbba57ef7aebc0f06884e"},"processId":22360}
{"timestamp":"2026-06-15T08:45:25.678Z","eventType":"task_creation","step":"NOTIFICATION_COMPLETE","status":"SUCCESS","data":{"taskId":"6a2fbba37ef7aebc0f068831","summary":{"assigneeNotifications":0,"collaboratorNotifications":0,"approverNotifications":1,"errors":0}},"processId":22360}
{"timestamp":"2026-06-15T08:45:25.681Z","eventType":"task_creation","step":"ENHANCED_NOTIFICATIONS_SENT","status":"SUCCESS","data":{"taskId":"6a2fbba37ef7aebc0f068831","assigneeNotifications":0,"collaboratorNotifications":0,"approverNotifications":1,"errors":0},"processId":22360}
{"timestamp":"2026-06-15T10:23:04.746Z","eventType":"task_creation","step":"USING_ENHANCED_HELPER","status":"START","data":{"taskId":"6a2fd2888d2441981f5dd11a","taskType":"regular"},"processId":22584}
{"timestamp":"2026-06-15T10:23:04.751Z","eventType":"task_creation","step":"NOTIFICATION_START","status":"START","data":{"taskId":"6a2fd2888d2441981f5dd11a","taskType":"regular","title":"check status  management","createdBy":"69f1a9f4cef05240117bd5b8","assignedTo":"69f1a9f4cef05240117bd5b8","collaborators":0,"approvers":0},"processId":22584}
{"timestamp":"2026-06-15T10:23:04.753Z","eventType":"task_creation","step":"NOTIFY_ASSIGNEE_SKIPPED","status":"SKIP","data":{"reason":"Creator is assignee","createdBy":"69f1a9f4cef05240117bd5b8","assignedTo":"69f1a9f4cef05240117bd5b8"},"processId":22584}
{"timestamp":"2026-06-15T10:23:05.565Z","eventType":"task_creation","step":"NOTIFY_CREATOR_SUCCESS","status":"SUCCESS","data":{"createdBy":"69f1a9f4cef05240117bd5b8","notificationId":"6a2fd2898d2441981f5dd12b"},"processId":22584}
{"timestamp":"2026-06-15T10:23:05.566Z","eventType":"task_creation","step":"NOTIFICATION_COMPLETE","status":"SUCCESS","data":{"taskId":"6a2fd2888d2441981f5dd11a","summary":{"assigneeNotifications":0,"collaboratorNotifications":0,"approverNotifications":0,"errors":0}},"processId":22584}
{"timestamp":"2026-06-15T10:23:05.567Z","eventType":"task_creation","step":"ENHANCED_NOTIFICATIONS_SENT","status":"SUCCESS","data":{"taskId":"6a2fd2888d2441981f5dd11a","assigneeNotifications":0,"collaboratorNotifications":0,"approverNotifications":0,"errors":0},"processId":22584}
{"timestamp":"2026-06-15T10:23:58.585Z","eventType":"task_creation","step":"USING_ENHANCED_HELPER","status":"START","data":{"taskId":"6a2fd2be8d2441981f5dd276","taskType":"regular"},"processId":22584}
{"timestamp":"2026-06-15T10:23:58.588Z","eventType":"task_creation","step":"NOTIFICATION_START","status":"START","data":{"taskId":"6a2fd2be8d2441981f5dd276","taskType":"regular","title":"check status  management","createdBy":"6a2290e257e15e46726454dc","assignedTo":"6a2290e257e15e46726454dc","collaborators":0,"approvers":0},"processId":22584}
{"timestamp":"2026-06-15T10:23:58.593Z","eventType":"task_creation","step":"NOTIFY_ASSIGNEE_SKIPPED","status":"SKIP","data":{"reason":"Creator is assignee","createdBy":"6a2290e257e15e46726454dc","assignedTo":"6a2290e257e15e46726454dc"},"processId":22584}
{"timestamp":"2026-06-15T10:23:58.984Z","eventType":"task_creation","step":"NOTIFY_CREATOR_SUCCESS","status":"SUCCESS","data":{"createdBy":"6a2290e257e15e46726454dc","notificationId":"6a2fd2be8d2441981f5dd286"},"processId":22584}
{"timestamp":"2026-06-15T10:23:58.985Z","eventType":"task_creation","step":"NOTIFICATION_COMPLETE","status":"SUCCESS","data":{"taskId":"6a2fd2be8d2441981f5dd276","summary":{"assigneeNotifications":0,"collaboratorNotifications":0,"approverNotifications":0,"errors":0}},"processId":22584}
{"timestamp":"2026-06-15T10:23:58.986Z","eventType":"task_creation","step":"ENHANCED_NOTIFICATIONS_SENT","status":"SUCCESS","data":{"taskId":"6a2fd2be8d2441981f5dd276","assigneeNotifications":0,"collaboratorNotifications":0,"approverNotifications":0,"errors":0},"processId":22584}
