{"timestamp":"2026-05-14T08:55:54.803Z","eventType":"task_creation","step":"USING_ENHANCED_HELPER","status":"START","data":{"taskId":"6a058e1ae79bbad3974053b9","taskType":"regular"},"processId":22100}
{"timestamp":"2026-05-14T08:55:54.807Z","eventType":"task_creation","step":"NOTIFICATION_START","status":"START","data":{"taskId":"6a058e1ae79bbad3974053b9","taskType":"regular","title":"update code","createdBy":"69f1a9f4cef05240117bd5b8","assignedTo":"69f1a9f4cef05240117bd5b8","collaborators":0,"approvers":0},"processId":22100}
{"timestamp":"2026-05-14T08:55:54.810Z","eventType":"task_creation","step":"NOTIFY_ASSIGNEE_SKIPPED","status":"SKIP","data":{"reason":"Creator is assignee","createdBy":"69f1a9f4cef05240117bd5b8","assignedTo":"69f1a9f4cef05240117bd5b8"},"processId":22100}
{"timestamp":"2026-05-14T08:55:55.100Z","eventType":"task_creation","step":"NOTIFY_CREATOR_SUCCESS","status":"SUCCESS","data":{"createdBy":"69f1a9f4cef05240117bd5b8","notificationId":"6a058e1be79bbad3974053c8"},"processId":22100}
{"timestamp":"2026-05-14T08:55:55.102Z","eventType":"task_creation","step":"NOTIFICATION_COMPLETE","status":"SUCCESS","data":{"taskId":"6a058e1ae79bbad3974053b9","summary":{"assigneeNotifications":0,"collaboratorNotifications":0,"approverNotifications":0,"errors":0}},"processId":22100}
{"timestamp":"2026-05-14T08:55:55.102Z","eventType":"task_creation","step":"ENHANCED_NOTIFICATIONS_SENT","status":"SUCCESS","data":{"taskId":"6a058e1ae79bbad3974053b9","assigneeNotifications":0,"collaboratorNotifications":0,"approverNotifications":0,"errors":0},"processId":22100}
{"timestamp":"2026-05-14T09:07:01.053Z","eventType":"task_creation","step":"USING_ENHANCED_HELPER","status":"START","data":{"taskId":"6a0590b44ca03f5bea233a2e","taskType":"regular"},"processId":6756}
{"timestamp":"2026-05-14T09:07:01.056Z","eventType":"task_creation","step":"NOTIFICATION_START","status":"START","data":{"taskId":"6a0590b44ca03f5bea233a2e","taskType":"regular","title":"cvncvc","createdBy":"69f1a9f4cef05240117bd5b8","assignedTo":"69f1a9f4cef05240117bd5b8","collaborators":0,"approvers":0},"processId":6756}
{"timestamp":"2026-05-14T09:07:01.057Z","eventType":"task_creation","step":"NOTIFY_ASSIGNEE_SKIPPED","status":"SKIP","data":{"reason":"Creator is assignee","createdBy":"69f1a9f4cef05240117bd5b8","assignedTo":"69f1a9f4cef05240117bd5b8"},"processId":6756}
{"timestamp":"2026-05-14T09:07:01.442Z","eventType":"task_creation","step":"NOTIFY_CREATOR_SUCCESS","status":"SUCCESS","data":{"createdBy":"69f1a9f4cef05240117bd5b8","notificationId":"6a0590b54ca03f5bea233a3d"},"processId":6756}
{"timestamp":"2026-05-14T09:07:01.444Z","eventType":"task_creation","step":"NOTIFICATION_COMPLETE","status":"SUCCESS","data":{"taskId":"6a0590b44ca03f5bea233a2e","summary":{"assigneeNotifications":0,"collaboratorNotifications":0,"approverNotifications":0,"errors":0}},"processId":6756}
{"timestamp":"2026-05-14T09:07:01.445Z","eventType":"task_creation","step":"ENHANCED_NOTIFICATIONS_SENT","status":"SUCCESS","data":{"taskId":"6a0590b44ca03f5bea233a2e","assigneeNotifications":0,"collaboratorNotifications":0,"approverNotifications":0,"errors":0},"processId":6756}
{"timestamp":"2026-05-14T09:20:19.839Z","eventType":"task_creation","step":"USING_ENHANCED_HELPER","status":"START","data":{"taskId":"6a0593d34ca03f5bea234072","taskType":"regular"},"processId":6756}
{"timestamp":"2026-05-14T09:20:19.840Z","eventType":"task_creation","step":"NOTIFICATION_START","status":"START","data":{"taskId":"6a0593d34ca03f5bea234072","taskType":"regular","title":"last testing","createdBy":"69f1a9f4cef05240117bd5b8","assignedTo":"69f1a9f4cef05240117bd5b8","collaborators":0,"approvers":0},"processId":6756}
{"timestamp":"2026-05-14T09:20:19.841Z","eventType":"task_creation","step":"NOTIFY_ASSIGNEE_SKIPPED","status":"SKIP","data":{"reason":"Creator is assignee","createdBy":"69f1a9f4cef05240117bd5b8","assignedTo":"69f1a9f4cef05240117bd5b8"},"processId":6756}
{"timestamp":"2026-05-14T09:20:20.144Z","eventType":"task_creation","step":"NOTIFY_CREATOR_SUCCESS","status":"SUCCESS","data":{"createdBy":"69f1a9f4cef05240117bd5b8","notificationId":"6a0593d44ca03f5bea234081"},"processId":6756}
{"timestamp":"2026-05-14T09:20:20.145Z","eventType":"task_creation","step":"NOTIFICATION_COMPLETE","status":"SUCCESS","data":{"taskId":"6a0593d34ca03f5bea234072","summary":{"assigneeNotifications":0,"collaboratorNotifications":0,"approverNotifications":0,"errors":0}},"processId":6756}
{"timestamp":"2026-05-14T09:20:20.146Z","eventType":"task_creation","step":"ENHANCED_NOTIFICATIONS_SENT","status":"SUCCESS","data":{"taskId":"6a0593d34ca03f5bea234072","assigneeNotifications":0,"collaboratorNotifications":0,"approverNotifications":0,"errors":0},"processId":6756}
{"timestamp":"2026-05-14T12:16:34.982Z","eventType":"task_creation","step":"USING_ENHANCED_HELPER","status":"START","data":{"taskId":"6a05bd22a8945da1e5d093d8","taskType":"recurring"},"processId":15408}
{"timestamp":"2026-05-14T12:16:34.988Z","eventType":"task_creation","step":"NOTIFICATION_START","status":"START","data":{"taskId":"6a05bd22a8945da1e5d093d8","taskType":"recurring","title":"padding update","createdBy":"69f85d924b4a527968d7e69e","assignedTo":"69f85d924b4a527968d7e69e","collaborators":0,"approvers":0},"processId":15408}
{"timestamp":"2026-05-14T12:16:34.991Z","eventType":"task_creation","step":"NOTIFY_ASSIGNEE_SKIPPED","status":"SKIP","data":{"reason":"Creator is assignee","createdBy":"69f85d924b4a527968d7e69e","assignedTo":"69f85d924b4a527968d7e69e"},"processId":15408}
{"timestamp":"2026-05-14T12:16:35.309Z","eventType":"task_creation","step":"NOTIFY_CREATOR_SUCCESS","status":"SUCCESS","data":{"createdBy":"69f85d924b4a527968d7e69e","notificationId":"6a05bd23a8945da1e5d093ed"},"processId":15408}
{"timestamp":"2026-05-14T12:16:35.311Z","eventType":"task_creation","step":"NOTIFICATION_COMPLETE","status":"SUCCESS","data":{"taskId":"6a05bd22a8945da1e5d093d8","summary":{"assigneeNotifications":0,"collaboratorNotifications":0,"approverNotifications":0,"errors":0}},"processId":15408}
{"timestamp":"2026-05-14T12:16:35.312Z","eventType":"task_creation","step":"ENHANCED_NOTIFICATIONS_SENT","status":"SUCCESS","data":{"taskId":"6a05bd22a8945da1e5d093d8","assigneeNotifications":0,"collaboratorNotifications":0,"approverNotifications":0,"errors":0},"processId":15408}
{"timestamp":"2026-05-14T12:37:41.323Z","eventType":"task_creation","step":"USING_ENHANCED_HELPER","status":"START","data":{"taskId":"6a05c214a8945da1e5d0962b","taskType":"recurring"},"processId":15408}
{"timestamp":"2026-05-14T12:37:41.345Z","eventType":"task_creation","step":"NOTIFICATION_START","status":"START","data":{"taskId":"6a05c214a8945da1e5d0962b","taskType":"recurring","title":"code","createdBy":"69f85d924b4a527968d7e69e","assignedTo":"69f85d924b4a527968d7e69e","collaborators":0,"approvers":0},"processId":15408}
{"timestamp":"2026-05-14T12:37:41.363Z","eventType":"task_creation","step":"NOTIFY_ASSIGNEE_SKIPPED","status":"SKIP","data":{"reason":"Creator is assignee","createdBy":"69f85d924b4a527968d7e69e","assignedTo":"69f85d924b4a527968d7e69e"},"processId":15408}
{"timestamp":"2026-05-14T12:37:41.733Z","eventType":"task_creation","step":"NOTIFY_CREATOR_SUCCESS","status":"SUCCESS","data":{"createdBy":"69f85d924b4a527968d7e69e","notificationId":"6a05c215a8945da1e5d0963b"},"processId":15408}
{"timestamp":"2026-05-14T12:37:41.738Z","eventType":"task_creation","step":"NOTIFICATION_COMPLETE","status":"SUCCESS","data":{"taskId":"6a05c214a8945da1e5d0962b","summary":{"assigneeNotifications":0,"collaboratorNotifications":0,"approverNotifications":0,"errors":0}},"processId":15408}
{"timestamp":"2026-05-14T12:37:41.744Z","eventType":"task_creation","step":"ENHANCED_NOTIFICATIONS_SENT","status":"SUCCESS","data":{"taskId":"6a05c214a8945da1e5d0962b","assigneeNotifications":0,"collaboratorNotifications":0,"approverNotifications":0,"errors":0},"processId":15408}
{"timestamp":"2026-05-14T04:57:54.168Z","eventType":"task_creation","step":"USING_ENHANCED_HELPER","status":"START","data":{"taskId":"6a05565095049dbc35628acd","taskType":"approval"},"processId":7224}
{"timestamp":"2026-05-14T04:57:54.173Z","eventType":"task_creation","step":"NOTIFICATION_START","status":"START","data":{"taskId":"6a05565095049dbc35628acd","taskType":"approval","title":"ayush","createdBy":"69f1b70ef22a552efa7865d8","assignedTo":"69f1b70ef22a552efa7865d8","collaborators":0,"approvers":3},"processId":7224}
{"timestamp":"2026-05-14T04:57:54.174Z","eventType":"task_creation","step":"NOTIFY_ASSIGNEE_SKIPPED","status":"SKIP","data":{"reason":"Creator is assignee","createdBy":"69f1b70ef22a552efa7865d8","assignedTo":"69f1b70ef22a552efa7865d8"},"processId":7224}
{"timestamp":"2026-05-14T04:57:54.558Z","eventType":"task_creation","step":"USING_ENHANCED_HELPER","status":"START","data":{"taskId":"6a05565195049dbc35628ae4","taskType":"approval"},"processId":7224}
{"timestamp":"2026-05-14T04:57:54.558Z","eventType":"task_creation","step":"NOTIFICATION_START","status":"START","data":{"taskId":"6a05565195049dbc35628ae4","taskType":"approval","title":"ayush","createdBy":"69f1b70ef22a552efa7865d8","assignedTo":"69f1b70ef22a552efa7865d8","collaborators":0,"approvers":3},"processId":7224}
{"timestamp":"2026-05-14T04:57:54.559Z","eventType":"task_creation","step":"NOTIFY_ASSIGNEE_SKIPPED","status":"SKIP","data":{"reason":"Creator is assignee","createdBy":"69f1b70ef22a552efa7865d8","assignedTo":"69f1b70ef22a552efa7865d8"},"processId":7224}
{"timestamp":"2026-05-14T04:57:54.682Z","eventType":"task_creation","step":"USING_ENHANCED_HELPER","status":"START","data":{"taskId":"6a05565195049dbc35628aee","taskType":"approval"},"processId":7224}
{"timestamp":"2026-05-14T04:57:54.683Z","eventType":"task_creation","step":"NOTIFICATION_START","status":"START","data":{"taskId":"6a05565195049dbc35628aee","taskType":"approval","title":"ayush","createdBy":"69f1b70ef22a552efa7865d8","assignedTo":"69f1b70ef22a552efa7865d8","collaborators":0,"approvers":3},"processId":7224}
{"timestamp":"2026-05-14T04:57:54.684Z","eventType":"task_creation","step":"NOTIFY_ASSIGNEE_SKIPPED","status":"SKIP","data":{"reason":"Creator is assignee","createdBy":"69f1b70ef22a552efa7865d8","assignedTo":"69f1b70ef22a552efa7865d8"},"processId":7224}
{"timestamp":"2026-05-14T04:57:54.694Z","eventType":"task_creation","step":"USING_ENHANCED_HELPER","status":"START","data":{"taskId":"6a05565195049dbc35628af0","taskType":"approval"},"processId":7224}
{"timestamp":"2026-05-14T04:57:54.694Z","eventType":"task_creation","step":"NOTIFICATION_START","status":"START","data":{"taskId":"6a05565195049dbc35628af0","taskType":"approval","title":"ayush","createdBy":"69f1b70ef22a552efa7865d8","assignedTo":"69f1b70ef22a552efa7865d8","collaborators":0,"approvers":3},"processId":7224}
{"timestamp":"2026-05-14T04:57:54.695Z","eventType":"task_creation","step":"NOTIFY_ASSIGNEE_SKIPPED","status":"SKIP","data":{"reason":"Creator is assignee","createdBy":"69f1b70ef22a552efa7865d8","assignedTo":"69f1b70ef22a552efa7865d8"},"processId":7224}
{"timestamp":"2026-05-14T04:57:54.698Z","eventType":"task_creation","step":"NOTIFY_CREATOR_SUCCESS","status":"SUCCESS","data":{"createdBy":"69f1b70ef22a552efa7865d8","notificationId":"6a05565295049dbc35628b45"},"processId":7224}
{"timestamp":"2026-05-14T04:57:54.699Z","eventType":"task_creation","step":"NOTIFY_APPROVERS_START","status":"PROGRESS","data":{"approverCount":3,"taskId":"6a05565095049dbc35628acd","approvalMode":"any"},"processId":7224}
{"timestamp":"2026-05-14T04:57:55.346Z","eventType":"task_creation","step":"NOTIFY_CREATOR_SUCCESS","status":"SUCCESS","data":{"createdBy":"69f1b70ef22a552efa7865d8","notificationId":"6a05565395049dbc35628b62"},"processId":7224}
{"timestamp":"2026-05-14T04:57:55.347Z","eventType":"task_creation","step":"NOTIFY_APPROVERS_START","status":"PROGRESS","data":{"approverCount":3,"taskId":"6a05565195049dbc35628ae4","approvalMode":"any"},"processId":7224}
{"timestamp":"2026-05-14T04:57:55.484Z","eventType":"task_creation","step":"NOTIFY_CREATOR_SUCCESS","status":"SUCCESS","data":{"createdBy":"69f1b70ef22a552efa7865d8","notificationId":"6a05565395049dbc35628b6a"},"processId":7224}
{"timestamp":"2026-05-14T04:57:55.484Z","eventType":"task_creation","step":"NOTIFY_APPROVERS_START","status":"PROGRESS","data":{"approverCount":3,"taskId":"6a05565195049dbc35628af0","approvalMode":"any"},"processId":7224}
{"timestamp":"2026-05-14T04:57:55.488Z","eventType":"task_creation","step":"NOTIFY_APPROVER_SUCCESS","status":"SUCCESS","data":{"approverId":"69f1a9f4cef05240117bd5b8","index":1,"notificationId":"6a05565395049dbc35628b6d"},"processId":7224}
{"timestamp":"2026-05-14T04:57:55.495Z","eventType":"task_creation","step":"NOTIFY_CREATOR_SUCCESS","status":"SUCCESS","data":{"createdBy":"69f1b70ef22a552efa7865d8","notificationId":"6a05565395049dbc35628b6f"},"processId":7224}
{"timestamp":"2026-05-14T04:57:55.496Z","eventType":"task_creation","step":"NOTIFY_APPROVERS_START","status":"PROGRESS","data":{"approverCount":3,"taskId":"6a05565195049dbc35628aee","approvalMode":"any"},"processId":7224}
{"timestamp":"2026-05-14T04:57:55.775Z","eventType":"task_creation","step":"NOTIFY_APPROVER_SUCCESS","status":"SUCCESS","data":{"approverId":"69f1a9f4cef05240117bd5b8","index":1,"notificationId":"6a05565395049dbc35628b98"},"processId":7224}
{"timestamp":"2026-05-14T04:57:55.894Z","eventType":"task_creation","step":"NOTIFY_APPROVER_SUCCESS","status":"SUCCESS","data":{"approverId":"69f1ea6824bbc693a12da7da","index":3,"notificationId":"6a05565395049dbc35628ba7"},"processId":7224}
{"timestamp":"2026-05-14T04:57:55.895Z","eventType":"task_creation","step":"NOTIFICATION_COMPLETE","status":"SUCCESS","data":{"taskId":"6a05565095049dbc35628acd","summary":{"assigneeNotifications":0,"collaboratorNotifications":0,"approverNotifications":2,"errors":0}},"processId":7224}
{"timestamp":"2026-05-14T04:57:55.896Z","eventType":"task_creation","step":"ENHANCED_NOTIFICATIONS_SENT","status":"SUCCESS","data":{"taskId":"6a05565095049dbc35628acd","assigneeNotifications":0,"collaboratorNotifications":0,"approverNotifications":2,"errors":0},"processId":7224}
{"timestamp":"2026-05-14T04:57:55.905Z","eventType":"task_creation","step":"NOTIFY_APPROVER_SUCCESS","status":"SUCCESS","data":{"approverId":"69f1a9f4cef05240117bd5b8","index":1,"notificationId":"6a05565395049dbc35628ba9"},"processId":7224}
{"timestamp":"2026-05-14T04:57:55.937Z","eventType":"task_creation","step":"NOTIFY_APPROVER_SUCCESS","status":"SUCCESS","data":{"approverId":"69f1a9f4cef05240117bd5b8","index":1,"notificationId":"6a05565395049dbc35628bb0"},"processId":7224}
{"timestamp":"2026-05-14T04:57:56.537Z","eventType":"task_creation","step":"NOTIFY_APPROVER_SUCCESS","status":"SUCCESS","data":{"approverId":"69f1ea6824bbc693a12da7da","index":3,"notificationId":"6a05565495049dbc35628bde"},"processId":7224}
{"timestamp":"2026-05-14T04:57:56.539Z","eventType":"task_creation","step":"NOTIFICATION_COMPLETE","status":"SUCCESS","data":{"taskId":"6a05565195049dbc35628ae4","summary":{"assigneeNotifications":0,"collaboratorNotifications":0,"approverNotifications":2,"errors":0}},"processId":7224}
{"timestamp":"2026-05-14T04:57:56.540Z","eventType":"task_creation","step":"ENHANCED_NOTIFICATIONS_SENT","status":"SUCCESS","data":{"taskId":"6a05565195049dbc35628ae4","assigneeNotifications":0,"collaboratorNotifications":0,"approverNotifications":2,"errors":0},"processId":7224}
{"timestamp":"2026-05-14T04:57:56.754Z","eventType":"task_creation","step":"NOTIFY_APPROVER_SUCCESS","status":"SUCCESS","data":{"approverId":"69f1ea6824bbc693a12da7da","index":3,"notificationId":"6a05565495049dbc35628bf6"},"processId":7224}
{"timestamp":"2026-05-14T04:57:56.755Z","eventType":"task_creation","step":"NOTIFICATION_COMPLETE","status":"SUCCESS","data":{"taskId":"6a05565195049dbc35628aee","summary":{"assigneeNotifications":0,"collaboratorNotifications":0,"approverNotifications":2,"errors":0}},"processId":7224}
{"timestamp":"2026-05-14T04:57:56.755Z","eventType":"task_creation","step":"ENHANCED_NOTIFICATIONS_SENT","status":"SUCCESS","data":{"taskId":"6a05565195049dbc35628aee","assigneeNotifications":0,"collaboratorNotifications":0,"approverNotifications":2,"errors":0},"processId":7224}
{"timestamp":"2026-05-14T04:57:56.760Z","eventType":"task_creation","step":"NOTIFY_APPROVER_SUCCESS","status":"SUCCESS","data":{"approverId":"69f1ea6824bbc693a12da7da","index":3,"notificationId":"6a05565495049dbc35628bf8"},"processId":7224}
{"timestamp":"2026-05-14T04:57:56.760Z","eventType":"task_creation","step":"NOTIFICATION_COMPLETE","status":"SUCCESS","data":{"taskId":"6a05565195049dbc35628af0","summary":{"assigneeNotifications":0,"collaboratorNotifications":0,"approverNotifications":2,"errors":0}},"processId":7224}
{"timestamp":"2026-05-14T04:57:56.761Z","eventType":"task_creation","step":"ENHANCED_NOTIFICATIONS_SENT","status":"SUCCESS","data":{"taskId":"6a05565195049dbc35628af0","assigneeNotifications":0,"collaboratorNotifications":0,"approverNotifications":2,"errors":0},"processId":7224}
{"timestamp":"2026-05-14T06:26:47.897Z","eventType":"task_creation","step":"USING_ENHANCED_HELPER","status":"START","data":{"taskId":"6a056b2795049dbc3562ba30","taskType":"regular"},"processId":7224}
{"timestamp":"2026-05-14T06:26:47.910Z","eventType":"task_creation","step":"NOTIFICATION_START","status":"START","data":{"taskId":"6a056b2795049dbc3562ba30","taskType":"regular","title":"task 1","createdBy":"69f1b70ef22a552efa7865d8","assignedTo":"69f1b70ef22a552efa7865d8","collaborators":0,"approvers":0},"processId":7224}
{"timestamp":"2026-05-14T06:26:47.911Z","eventType":"task_creation","step":"NOTIFY_ASSIGNEE_SKIPPED","status":"SKIP","data":{"reason":"Creator is assignee","createdBy":"69f1b70ef22a552efa7865d8","assignedTo":"69f1b70ef22a552efa7865d8"},"processId":7224}
{"timestamp":"2026-05-14T06:26:48.552Z","eventType":"task_creation","step":"NOTIFY_CREATOR_SUCCESS","status":"SUCCESS","data":{"createdBy":"69f1b70ef22a552efa7865d8","notificationId":"6a056b2895049dbc3562ba42"},"processId":7224}
{"timestamp":"2026-05-14T06:26:48.553Z","eventType":"task_creation","step":"NOTIFICATION_COMPLETE","status":"SUCCESS","data":{"taskId":"6a056b2795049dbc3562ba30","summary":{"assigneeNotifications":0,"collaboratorNotifications":0,"approverNotifications":0,"errors":0}},"processId":7224}
{"timestamp":"2026-05-14T06:26:48.554Z","eventType":"task_creation","step":"ENHANCED_NOTIFICATIONS_SENT","status":"SUCCESS","data":{"taskId":"6a056b2795049dbc3562ba30","assigneeNotifications":0,"collaboratorNotifications":0,"approverNotifications":0,"errors":0},"processId":7224}
{"timestamp":"2026-05-14T06:27:58.272Z","eventType":"task_creation","step":"USING_ENHANCED_HELPER","status":"START","data":{"taskId":"6a056b6d95049dbc3562c33c","taskType":"regular"},"processId":7224}
{"timestamp":"2026-05-14T06:27:58.273Z","eventType":"task_creation","step":"NOTIFICATION_START","status":"START","data":{"taskId":"6a056b6d95049dbc3562c33c","taskType":"regular","title":"task 1","createdBy":"69f1b70ef22a552efa7865d8","assignedTo":"69f1b70ef22a552efa7865d8","collaborators":0,"approvers":0},"processId":7224}
{"timestamp":"2026-05-14T06:27:58.274Z","eventType":"task_creation","step":"NOTIFY_ASSIGNEE_SKIPPED","status":"SKIP","data":{"reason":"Creator is assignee","createdBy":"69f1b70ef22a552efa7865d8","assignedTo":"69f1b70ef22a552efa7865d8"},"processId":7224}
{"timestamp":"2026-05-14T06:27:58.977Z","eventType":"task_creation","step":"NOTIFY_CREATOR_SUCCESS","status":"SUCCESS","data":{"createdBy":"69f1b70ef22a552efa7865d8","notificationId":"6a056b6e95049dbc3562c38f"},"processId":7224}
{"timestamp":"2026-05-14T06:27:58.978Z","eventType":"task_creation","step":"NOTIFICATION_COMPLETE","status":"SUCCESS","data":{"taskId":"6a056b6d95049dbc3562c33c","summary":{"assigneeNotifications":0,"collaboratorNotifications":0,"approverNotifications":0,"errors":0}},"processId":7224}
{"timestamp":"2026-05-14T06:27:58.980Z","eventType":"task_creation","step":"ENHANCED_NOTIFICATIONS_SENT","status":"SUCCESS","data":{"taskId":"6a056b6d95049dbc3562c33c","assigneeNotifications":0,"collaboratorNotifications":0,"approverNotifications":0,"errors":0},"processId":7224}
