{"timestamp":"2026-05-14T07:23:58.601Z","eventType":"task_update","step":"USING_ENHANCED_HELPER","status":"START","data":{"taskId":"6a056b6d95049dbc3562c33c","updateKeys":["progress","updatedAt"]},"processId":22100}
{"timestamp":"2026-05-14T07:23:58.614Z","eventType":"task_update","step":"NOTIFICATION_START","status":"START","data":{"taskId":"6a056b6d95049dbc3562c33c","taskTitle":"task 1","updatedBy":"69f1a9f4cef05240117bd5b8","changedFields":["progress"]},"processId":22100}
{"timestamp":"2026-05-14T07:23:59.393Z","eventType":"task_update","step":"NOTIFY_USER_SUCCESS","status":"SUCCESS","data":{"userId":"69f1b70ef22a552efa7865d8","notificationId":"6a05788fe79bbad39740415b"},"processId":22100}
{"timestamp":"2026-05-14T07:23:59.397Z","eventType":"task_update","step":"NOTIFICATION_COMPLETE","status":"SUCCESS","data":{"taskId":"6a056b6d95049dbc3562c33c","usersNotified":1},"processId":22100}
{"timestamp":"2026-05-14T07:23:59.400Z","eventType":"task_update","step":"ENHANCED_NOTIFICATIONS_SENT","status":"SUCCESS","data":{"taskId":"6a056b6d95049dbc3562c33c","usersNotified":1},"processId":22100}
{"timestamp":"2026-05-14T07:24:13.353Z","eventType":"task_update","step":"USING_ENHANCED_HELPER","status":"START","data":{"taskId":"6a056b6d95049dbc3562c33c","updateKeys":["progress","updatedAt"]},"processId":22100}
{"timestamp":"2026-05-14T07:24:13.357Z","eventType":"task_update","step":"NOTIFICATION_START","status":"START","data":{"taskId":"6a056b6d95049dbc3562c33c","taskTitle":"task 1","updatedBy":"69f1a9f4cef05240117bd5b8","changedFields":["progress"]},"processId":22100}
{"timestamp":"2026-05-14T07:24:13.975Z","eventType":"task_update","step":"NOTIFY_USER_SUCCESS","status":"SUCCESS","data":{"userId":"69f1b70ef22a552efa7865d8","notificationId":"6a05789de79bbad3974041ac"},"processId":22100}
{"timestamp":"2026-05-14T07:24:13.978Z","eventType":"task_update","step":"NOTIFICATION_COMPLETE","status":"SUCCESS","data":{"taskId":"6a056b6d95049dbc3562c33c","usersNotified":1},"processId":22100}
{"timestamp":"2026-05-14T07:24:13.981Z","eventType":"task_update","step":"ENHANCED_NOTIFICATIONS_SENT","status":"SUCCESS","data":{"taskId":"6a056b6d95049dbc3562c33c","usersNotified":1},"processId":22100}
{"timestamp":"2026-05-14T07:24:14.542Z","eventType":"task_update","step":"USING_ENHANCED_HELPER","status":"START","data":{"taskId":"6a056b6d95049dbc3562c33c","updateKeys":["progress","updatedAt"]},"processId":22100}
{"timestamp":"2026-05-14T07:24:14.545Z","eventType":"task_update","step":"NOTIFICATION_START","status":"START","data":{"taskId":"6a056b6d95049dbc3562c33c","taskTitle":"task 1","updatedBy":"69f1a9f4cef05240117bd5b8","changedFields":["progress"]},"processId":22100}
{"timestamp":"2026-05-14T07:24:15.503Z","eventType":"task_update","step":"NOTIFY_USER_SUCCESS","status":"SUCCESS","data":{"userId":"69f1b70ef22a552efa7865d8","notificationId":"6a05789fe79bbad3974041d5"},"processId":22100}
{"timestamp":"2026-05-14T07:24:15.506Z","eventType":"task_update","step":"NOTIFICATION_COMPLETE","status":"SUCCESS","data":{"taskId":"6a056b6d95049dbc3562c33c","usersNotified":1},"processId":22100}
{"timestamp":"2026-05-14T07:24:15.508Z","eventType":"task_update","step":"ENHANCED_NOTIFICATIONS_SENT","status":"SUCCESS","data":{"taskId":"6a056b6d95049dbc3562c33c","usersNotified":1},"processId":22100}
{"timestamp":"2026-05-14T07:24:31.465Z","eventType":"task_update","step":"USING_ENHANCED_HELPER","status":"START","data":{"taskId":"6a056b6d95049dbc3562c33c","updateKeys":["progress","updatedAt"]},"processId":22100}
{"timestamp":"2026-05-14T07:24:31.467Z","eventType":"task_update","step":"NOTIFICATION_START","status":"START","data":{"taskId":"6a056b6d95049dbc3562c33c","taskTitle":"task 1","updatedBy":"69f1a9f4cef05240117bd5b8","changedFields":["progress"]},"processId":22100}
{"timestamp":"2026-05-14T07:24:32.092Z","eventType":"task_update","step":"NOTIFY_USER_SUCCESS","status":"SUCCESS","data":{"userId":"69f1b70ef22a552efa7865d8","notificationId":"6a0578b0e79bbad39740422b"},"processId":22100}
{"timestamp":"2026-05-14T07:24:32.095Z","eventType":"task_update","step":"NOTIFICATION_COMPLETE","status":"SUCCESS","data":{"taskId":"6a056b6d95049dbc3562c33c","usersNotified":1},"processId":22100}
{"timestamp":"2026-05-14T07:24:32.098Z","eventType":"task_update","step":"ENHANCED_NOTIFICATIONS_SENT","status":"SUCCESS","data":{"taskId":"6a056b6d95049dbc3562c33c","usersNotified":1},"processId":22100}
{"timestamp":"2026-05-14T08:52:24.144Z","eventType":"task_update","step":"USING_ENHANCED_HELPER","status":"START","data":{"taskId":"6a056b6d95049dbc3562c33c","updateKeys":["progress","updatedAt"]},"processId":22100}
{"timestamp":"2026-05-14T08:52:24.147Z","eventType":"task_update","step":"NOTIFICATION_START","status":"START","data":{"taskId":"6a056b6d95049dbc3562c33c","taskTitle":"task 1","updatedBy":"69f1a9f4cef05240117bd5b8","changedFields":["progress"]},"processId":22100}
{"timestamp":"2026-05-14T08:52:25.321Z","eventType":"task_update","step":"NOTIFY_USER_SUCCESS","status":"SUCCESS","data":{"userId":"69f1b70ef22a552efa7865d8","notificationId":"6a058d49e79bbad3974051ec"},"processId":22100}
{"timestamp":"2026-05-14T08:52:25.347Z","eventType":"task_update","step":"NOTIFICATION_COMPLETE","status":"SUCCESS","data":{"taskId":"6a056b6d95049dbc3562c33c","usersNotified":1},"processId":22100}
{"timestamp":"2026-05-14T08:52:25.349Z","eventType":"task_update","step":"ENHANCED_NOTIFICATIONS_SENT","status":"SUCCESS","data":{"taskId":"6a056b6d95049dbc3562c33c","usersNotified":1},"processId":22100}
{"timestamp":"2026-05-14T08:52:34.565Z","eventType":"task_update","step":"USING_ENHANCED_HELPER","status":"START","data":{"taskId":"6a056b6d95049dbc3562c33c","updateKeys":["progress","updatedAt"]},"processId":22100}
{"timestamp":"2026-05-14T08:52:34.566Z","eventType":"task_update","step":"NOTIFICATION_START","status":"START","data":{"taskId":"6a056b6d95049dbc3562c33c","taskTitle":"task 1","updatedBy":"69f1a9f4cef05240117bd5b8","changedFields":["progress"]},"processId":22100}
{"timestamp":"2026-05-14T08:52:35.060Z","eventType":"task_update","step":"USING_ENHANCED_HELPER","status":"START","data":{"taskId":"6a056b6d95049dbc3562c33c","updateKeys":["progress","updatedAt"]},"processId":22100}
{"timestamp":"2026-05-14T08:52:35.061Z","eventType":"task_update","step":"NOTIFICATION_START","status":"START","data":{"taskId":"6a056b6d95049dbc3562c33c","taskTitle":"task 1","updatedBy":"69f1a9f4cef05240117bd5b8","changedFields":["progress"]},"processId":22100}
{"timestamp":"2026-05-14T08:52:35.085Z","eventType":"task_update","step":"NOTIFY_USER_SUCCESS","status":"SUCCESS","data":{"userId":"69f1b70ef22a552efa7865d8","notificationId":"6a058d53e79bbad39740523e"},"processId":22100}
{"timestamp":"2026-05-14T08:52:35.085Z","eventType":"task_update","step":"NOTIFICATION_COMPLETE","status":"SUCCESS","data":{"taskId":"6a056b6d95049dbc3562c33c","usersNotified":1},"processId":22100}
{"timestamp":"2026-05-14T08:52:35.086Z","eventType":"task_update","step":"ENHANCED_NOTIFICATIONS_SENT","status":"SUCCESS","data":{"taskId":"6a056b6d95049dbc3562c33c","usersNotified":1},"processId":22100}
{"timestamp":"2026-05-14T08:52:35.696Z","eventType":"task_update","step":"NOTIFY_USER_SUCCESS","status":"SUCCESS","data":{"userId":"69f1b70ef22a552efa7865d8","notificationId":"6a058d53e79bbad397405255"},"processId":22100}
{"timestamp":"2026-05-14T08:52:35.697Z","eventType":"task_update","step":"NOTIFICATION_COMPLETE","status":"SUCCESS","data":{"taskId":"6a056b6d95049dbc3562c33c","usersNotified":1},"processId":22100}
{"timestamp":"2026-05-14T08:52:35.697Z","eventType":"task_update","step":"ENHANCED_NOTIFICATIONS_SENT","status":"SUCCESS","data":{"taskId":"6a056b6d95049dbc3562c33c","usersNotified":1},"processId":22100}
{"timestamp":"2026-05-14T08:52:49.544Z","eventType":"task_update","step":"USING_ENHANCED_HELPER","status":"START","data":{"taskId":"6a056b6d95049dbc3562c33c","updateKeys":["progress","updatedAt"]},"processId":22100}
{"timestamp":"2026-05-14T08:52:49.544Z","eventType":"task_update","step":"NOTIFICATION_START","status":"START","data":{"taskId":"6a056b6d95049dbc3562c33c","taskTitle":"task 1","updatedBy":"69f1a9f4cef05240117bd5b8","changedFields":["progress"]},"processId":22100}
{"timestamp":"2026-05-14T08:52:50.255Z","eventType":"task_update","step":"NOTIFY_USER_SUCCESS","status":"SUCCESS","data":{"userId":"69f1b70ef22a552efa7865d8","notificationId":"6a058d62e79bbad3974052b2"},"processId":22100}
{"timestamp":"2026-05-14T08:52:50.258Z","eventType":"task_update","step":"NOTIFICATION_COMPLETE","status":"SUCCESS","data":{"taskId":"6a056b6d95049dbc3562c33c","usersNotified":1},"processId":22100}
{"timestamp":"2026-05-14T08:52:50.261Z","eventType":"task_update","step":"ENHANCED_NOTIFICATIONS_SENT","status":"SUCCESS","data":{"taskId":"6a056b6d95049dbc3562c33c","usersNotified":1},"processId":22100}
{"timestamp":"2026-05-14T08:53:00.660Z","eventType":"task_update","step":"USING_ENHANCED_HELPER","status":"START","data":{"taskId":"6a056b6d95049dbc3562c33c","updateKeys":["progress","updatedAt"]},"processId":22100}
{"timestamp":"2026-05-14T08:53:00.661Z","eventType":"task_update","step":"NOTIFICATION_START","status":"START","data":{"taskId":"6a056b6d95049dbc3562c33c","taskTitle":"task 1","updatedBy":"69f1a9f4cef05240117bd5b8","changedFields":["progress"]},"processId":22100}
{"timestamp":"2026-05-14T08:53:01.635Z","eventType":"task_update","step":"NOTIFY_USER_SUCCESS","status":"SUCCESS","data":{"userId":"69f1b70ef22a552efa7865d8","notificationId":"6a058d6de79bbad3974052f6"},"processId":22100}
{"timestamp":"2026-05-14T08:53:01.659Z","eventType":"task_update","step":"NOTIFICATION_COMPLETE","status":"SUCCESS","data":{"taskId":"6a056b6d95049dbc3562c33c","usersNotified":1},"processId":22100}
{"timestamp":"2026-05-14T08:53:01.667Z","eventType":"task_update","step":"ENHANCED_NOTIFICATIONS_SENT","status":"SUCCESS","data":{"taskId":"6a056b6d95049dbc3562c33c","usersNotified":1},"processId":22100}
{"timestamp":"2026-05-14T08:56:13.250Z","eventType":"task_update","step":"USING_ENHANCED_HELPER","status":"START","data":{"taskId":"6a058e1ae79bbad3974053b9","updateKeys":["progress","updatedAt"]},"processId":22100}
{"timestamp":"2026-05-14T08:56:13.253Z","eventType":"task_update","step":"NOTIFICATION_START","status":"START","data":{"taskId":"6a058e1ae79bbad3974053b9","taskTitle":"update code","updatedBy":"69f1a9f4cef05240117bd5b8","changedFields":["progress"]},"processId":22100}
{"timestamp":"2026-05-14T08:56:13.257Z","eventType":"task_update","step":"NOTIFICATION_COMPLETE","status":"SUCCESS","data":{"taskId":"6a058e1ae79bbad3974053b9","usersNotified":0},"processId":22100}
{"timestamp":"2026-05-14T08:56:13.258Z","eventType":"task_update","step":"ENHANCED_NOTIFICATIONS_SENT","status":"SUCCESS","data":{"taskId":"6a058e1ae79bbad3974053b9","usersNotified":0},"processId":22100}
{"timestamp":"2026-05-14T08:56:21.054Z","eventType":"task_update","step":"USING_ENHANCED_HELPER","status":"START","data":{"taskId":"6a058e1ae79bbad3974053b9","updateKeys":["progress","updatedAt"]},"processId":22100}
{"timestamp":"2026-05-14T08:56:21.055Z","eventType":"task_update","step":"NOTIFICATION_START","status":"START","data":{"taskId":"6a058e1ae79bbad3974053b9","taskTitle":"update code","updatedBy":"69f1a9f4cef05240117bd5b8","changedFields":["progress"]},"processId":22100}
{"timestamp":"2026-05-14T08:56:21.055Z","eventType":"task_update","step":"NOTIFICATION_COMPLETE","status":"SUCCESS","data":{"taskId":"6a058e1ae79bbad3974053b9","usersNotified":0},"processId":22100}
{"timestamp":"2026-05-14T08:56:21.056Z","eventType":"task_update","step":"ENHANCED_NOTIFICATIONS_SENT","status":"SUCCESS","data":{"taskId":"6a058e1ae79bbad3974053b9","usersNotified":0},"processId":22100}
{"timestamp":"2026-05-14T08:56:29.960Z","eventType":"task_update","step":"USING_ENHANCED_HELPER","status":"START","data":{"taskId":"6a058e1ae79bbad3974053b9","updateKeys":["progress","updatedAt"]},"processId":22100}
{"timestamp":"2026-05-14T08:56:29.961Z","eventType":"task_update","step":"NOTIFICATION_START","status":"START","data":{"taskId":"6a058e1ae79bbad3974053b9","taskTitle":"update code","updatedBy":"69f1a9f4cef05240117bd5b8","changedFields":["progress"]},"processId":22100}
{"timestamp":"2026-05-14T08:56:29.961Z","eventType":"task_update","step":"NOTIFICATION_COMPLETE","status":"SUCCESS","data":{"taskId":"6a058e1ae79bbad3974053b9","usersNotified":0},"processId":22100}
{"timestamp":"2026-05-14T08:56:29.962Z","eventType":"task_update","step":"ENHANCED_NOTIFICATIONS_SENT","status":"SUCCESS","data":{"taskId":"6a058e1ae79bbad3974053b9","usersNotified":0},"processId":22100}
{"timestamp":"2026-05-14T09:02:56.302Z","eventType":"task_update","step":"USING_ENHANCED_HELPER","status":"START","data":{"taskId":"6a058e1ae79bbad3974053b9","updateKeys":["progress","updatedAt"]},"processId":6756}
{"timestamp":"2026-05-14T09:02:56.313Z","eventType":"task_update","step":"NOTIFICATION_START","status":"START","data":{"taskId":"6a058e1ae79bbad3974053b9","taskTitle":"update code","updatedBy":"69f1a9f4cef05240117bd5b8","changedFields":["progress"]},"processId":6756}
{"timestamp":"2026-05-14T09:02:56.316Z","eventType":"task_update","step":"NOTIFICATION_COMPLETE","status":"SUCCESS","data":{"taskId":"6a058e1ae79bbad3974053b9","usersNotified":0},"processId":6756}
{"timestamp":"2026-05-14T09:02:56.317Z","eventType":"task_update","step":"ENHANCED_NOTIFICATIONS_SENT","status":"SUCCESS","data":{"taskId":"6a058e1ae79bbad3974053b9","usersNotified":0},"processId":6756}
{"timestamp":"2026-05-14T09:04:05.026Z","eventType":"task_update","step":"USING_ENHANCED_HELPER","status":"START","data":{"taskId":"6a058e1ae79bbad3974053b9","updateKeys":["progress","updatedAt"]},"processId":6756}
{"timestamp":"2026-05-14T09:04:05.026Z","eventType":"task_update","step":"NOTIFICATION_START","status":"START","data":{"taskId":"6a058e1ae79bbad3974053b9","taskTitle":"update code","updatedBy":"69f1a9f4cef05240117bd5b8","changedFields":["progress"]},"processId":6756}
{"timestamp":"2026-05-14T09:04:05.027Z","eventType":"task_update","step":"NOTIFICATION_COMPLETE","status":"SUCCESS","data":{"taskId":"6a058e1ae79bbad3974053b9","usersNotified":0},"processId":6756}
{"timestamp":"2026-05-14T09:04:05.028Z","eventType":"task_update","step":"ENHANCED_NOTIFICATIONS_SENT","status":"SUCCESS","data":{"taskId":"6a058e1ae79bbad3974053b9","usersNotified":0},"processId":6756}
{"timestamp":"2026-05-14T09:20:41.026Z","eventType":"task_update","step":"USING_ENHANCED_HELPER","status":"START","data":{"taskId":"6a0593d34ca03f5bea234072","updateKeys":["progress","updatedAt"]},"processId":6756}
{"timestamp":"2026-05-14T09:20:41.034Z","eventType":"task_update","step":"NOTIFICATION_START","status":"START","data":{"taskId":"6a0593d34ca03f5bea234072","taskTitle":"last testing","updatedBy":"69f1a9f4cef05240117bd5b8","changedFields":["progress"]},"processId":6756}
{"timestamp":"2026-05-14T09:20:41.034Z","eventType":"task_update","step":"NOTIFICATION_COMPLETE","status":"SUCCESS","data":{"taskId":"6a0593d34ca03f5bea234072","usersNotified":0},"processId":6756}
{"timestamp":"2026-05-14T09:20:41.035Z","eventType":"task_update","step":"ENHANCED_NOTIFICATIONS_SENT","status":"SUCCESS","data":{"taskId":"6a0593d34ca03f5bea234072","usersNotified":0},"processId":6756}
{"timestamp":"2026-05-14T09:32:23.166Z","eventType":"task_update","step":"USING_ENHANCED_HELPER","status":"START","data":{"taskId":"6a0593d34ca03f5bea234072","updateKeys":["progress","updatedAt"]},"processId":17136}
{"timestamp":"2026-05-14T09:32:23.168Z","eventType":"task_update","step":"NOTIFICATION_START","status":"START","data":{"taskId":"6a0593d34ca03f5bea234072","taskTitle":"last testing","updatedBy":"69f1a9f4cef05240117bd5b8","changedFields":["progress"]},"processId":17136}
{"timestamp":"2026-05-14T09:32:23.169Z","eventType":"task_update","step":"NOTIFICATION_COMPLETE","status":"SUCCESS","data":{"taskId":"6a0593d34ca03f5bea234072","usersNotified":0},"processId":17136}
{"timestamp":"2026-05-14T09:32:23.170Z","eventType":"task_update","step":"ENHANCED_NOTIFICATIONS_SENT","status":"SUCCESS","data":{"taskId":"6a0593d34ca03f5bea234072","usersNotified":0},"processId":17136}
{"timestamp":"2026-05-14T09:34:11.230Z","eventType":"task_update","step":"USING_ENHANCED_HELPER","status":"START","data":{"taskId":"6a0593d34ca03f5bea234072","updateKeys":["progress","updatedAt"]},"processId":17136}
{"timestamp":"2026-05-14T09:34:11.231Z","eventType":"task_update","step":"NOTIFICATION_START","status":"START","data":{"taskId":"6a0593d34ca03f5bea234072","taskTitle":"last testing","updatedBy":"69f1a9f4cef05240117bd5b8","changedFields":["progress"]},"processId":17136}
{"timestamp":"2026-05-14T09:34:11.239Z","eventType":"task_update","step":"NOTIFICATION_COMPLETE","status":"SUCCESS","data":{"taskId":"6a0593d34ca03f5bea234072","usersNotified":0},"processId":17136}
{"timestamp":"2026-05-14T09:34:11.240Z","eventType":"task_update","step":"ENHANCED_NOTIFICATIONS_SENT","status":"SUCCESS","data":{"taskId":"6a0593d34ca03f5bea234072","usersNotified":0},"processId":17136}
{"timestamp":"2026-05-14T09:46:30.948Z","eventType":"task_update","step":"USING_ENHANCED_HELPER","status":"START","data":{"taskId":"6a0593d34ca03f5bea234072","updateKeys":["progress","updatedAt"]},"processId":15292}
{"timestamp":"2026-05-14T09:46:30.950Z","eventType":"task_update","step":"NOTIFICATION_START","status":"START","data":{"taskId":"6a0593d34ca03f5bea234072","taskTitle":"last testing","updatedBy":"69f1a9f4cef05240117bd5b8","changedFields":["progress"]},"processId":15292}
{"timestamp":"2026-05-14T09:46:30.951Z","eventType":"task_update","step":"NOTIFICATION_COMPLETE","status":"SUCCESS","data":{"taskId":"6a0593d34ca03f5bea234072","usersNotified":0},"processId":15292}
{"timestamp":"2026-05-14T09:46:30.952Z","eventType":"task_update","step":"ENHANCED_NOTIFICATIONS_SENT","status":"SUCCESS","data":{"taskId":"6a0593d34ca03f5bea234072","usersNotified":0},"processId":15292}
{"timestamp":"2026-05-14T09:49:00.621Z","eventType":"task_update","step":"USING_ENHANCED_HELPER","status":"START","data":{"taskId":"6a0593d34ca03f5bea234072","updateKeys":["progress","updatedAt"]},"processId":15292}
{"timestamp":"2026-05-14T09:49:00.622Z","eventType":"task_update","step":"NOTIFICATION_START","status":"START","data":{"taskId":"6a0593d34ca03f5bea234072","taskTitle":"last testing","updatedBy":"69f1a9f4cef05240117bd5b8","changedFields":["progress"]},"processId":15292}
{"timestamp":"2026-05-14T09:49:00.623Z","eventType":"task_update","step":"NOTIFICATION_COMPLETE","status":"SUCCESS","data":{"taskId":"6a0593d34ca03f5bea234072","usersNotified":0},"processId":15292}
{"timestamp":"2026-05-14T09:49:00.623Z","eventType":"task_update","step":"ENHANCED_NOTIFICATIONS_SENT","status":"SUCCESS","data":{"taskId":"6a0593d34ca03f5bea234072","usersNotified":0},"processId":15292}
{"timestamp":"2026-05-14T10:00:31.333Z","eventType":"task_update","step":"USING_ENHANCED_HELPER","status":"START","data":{"taskId":"6a0593d34ca03f5bea234072","updateKeys":["progress","updatedAt"]},"processId":15292}
{"timestamp":"2026-05-14T10:00:31.342Z","eventType":"task_update","step":"NOTIFICATION_START","status":"START","data":{"taskId":"6a0593d34ca03f5bea234072","taskTitle":"last testing","updatedBy":"69f1a9f4cef05240117bd5b8","changedFields":["progress"]},"processId":15292}
{"timestamp":"2026-05-14T10:00:31.343Z","eventType":"task_update","step":"NOTIFICATION_COMPLETE","status":"SUCCESS","data":{"taskId":"6a0593d34ca03f5bea234072","usersNotified":0},"processId":15292}
{"timestamp":"2026-05-14T10:00:31.344Z","eventType":"task_update","step":"ENHANCED_NOTIFICATIONS_SENT","status":"SUCCESS","data":{"taskId":"6a0593d34ca03f5bea234072","usersNotified":0},"processId":15292}
{"timestamp":"2026-05-14T12:06:27.433Z","eventType":"task_update","step":"USING_ENHANCED_HELPER","status":"START","data":{"taskId":"69f85e0e4b4a527968d7e7ad","updateKeys":["progress","updatedAt"]},"processId":15408}
{"timestamp":"2026-05-14T12:06:27.439Z","eventType":"task_update","step":"NOTIFICATION_START","status":"START","data":{"taskId":"69f85e0e4b4a527968d7e7ad","taskTitle":"Testing Regular Task","updatedBy":"69f85d924b4a527968d7e69e","changedFields":["progress"]},"processId":15408}
{"timestamp":"2026-05-14T12:06:27.442Z","eventType":"task_update","step":"NOTIFICATION_COMPLETE","status":"SUCCESS","data":{"taskId":"69f85e0e4b4a527968d7e7ad","usersNotified":0},"processId":15408}
{"timestamp":"2026-05-14T12:06:27.443Z","eventType":"task_update","step":"ENHANCED_NOTIFICATIONS_SENT","status":"SUCCESS","data":{"taskId":"69f85e0e4b4a527968d7e7ad","usersNotified":0},"processId":15408}
{"timestamp":"2026-05-14T12:06:34.787Z","eventType":"task_update","step":"USING_ENHANCED_HELPER","status":"START","data":{"taskId":"69f85e0e4b4a527968d7e7ad","updateKeys":["progress","updatedAt"]},"processId":15408}
{"timestamp":"2026-05-14T12:06:34.789Z","eventType":"task_update","step":"NOTIFICATION_START","status":"START","data":{"taskId":"69f85e0e4b4a527968d7e7ad","taskTitle":"Testing Regular Task","updatedBy":"69f85d924b4a527968d7e69e","changedFields":["progress"]},"processId":15408}
{"timestamp":"2026-05-14T12:06:34.790Z","eventType":"task_update","step":"NOTIFICATION_COMPLETE","status":"SUCCESS","data":{"taskId":"69f85e0e4b4a527968d7e7ad","usersNotified":0},"processId":15408}
{"timestamp":"2026-05-14T12:06:34.791Z","eventType":"task_update","step":"ENHANCED_NOTIFICATIONS_SENT","status":"SUCCESS","data":{"taskId":"69f85e0e4b4a527968d7e7ad","usersNotified":0},"processId":15408}
