{"timestamp":"2026-06-12T08:39:12.926Z","eventType":"task_update","step":"USING_ENHANCED_HELPER","status":"START","data":{"taskId":"6a2bc4bc1b6d7e88b0fefae2","updateKeys":["dueDate","updatedAt"]},"processId":2248}
{"timestamp":"2026-06-12T08:39:12.940Z","eventType":"task_update","step":"NOTIFICATION_START","status":"START","data":{"taskId":"6a2bc4bc1b6d7e88b0fefae2","taskTitle":"final regulat testinng","updatedBy":"69f85d924b4a527968d7e69e","changedFields":["dueDate"]},"processId":2248}
{"timestamp":"2026-06-12T08:39:12.942Z","eventType":"task_update","step":"NOTIFICATION_COMPLETE","status":"SUCCESS","data":{"taskId":"6a2bc4bc1b6d7e88b0fefae2","usersNotified":0},"processId":2248}
{"timestamp":"2026-06-12T08:39:12.943Z","eventType":"task_update","step":"ENHANCED_NOTIFICATIONS_SENT","status":"SUCCESS","data":{"taskId":"6a2bc4bc1b6d7e88b0fefae2","usersNotified":0},"processId":2248}
{"timestamp":"2026-06-12T08:39:49.265Z","eventType":"task_update","step":"USING_ENHANCED_HELPER","status":"START","data":{"taskId":"6a2bc4bc1b6d7e88b0fefae2","updateKeys":["dueDate","updatedAt"]},"processId":2248}
{"timestamp":"2026-06-12T08:39:49.268Z","eventType":"task_update","step":"NOTIFICATION_START","status":"START","data":{"taskId":"6a2bc4bc1b6d7e88b0fefae2","taskTitle":"final regulat testinng","updatedBy":"69f85d924b4a527968d7e69e","changedFields":["dueDate"]},"processId":2248}
{"timestamp":"2026-06-12T08:39:49.271Z","eventType":"task_update","step":"NOTIFICATION_COMPLETE","status":"SUCCESS","data":{"taskId":"6a2bc4bc1b6d7e88b0fefae2","usersNotified":0},"processId":2248}
{"timestamp":"2026-06-12T08:39:49.274Z","eventType":"task_update","step":"ENHANCED_NOTIFICATIONS_SENT","status":"SUCCESS","data":{"taskId":"6a2bc4bc1b6d7e88b0fefae2","usersNotified":0},"processId":2248}
{"timestamp":"2026-06-12T14:36:24.417Z","eventType":"task_update","step":"USING_ENHANCED_HELPER","status":"START","data":{"taskId":"6a2bc4bc1b6d7e88b0fefae2","updateKeys":["dueDate","updatedAt"]},"processId":2248}
{"timestamp":"2026-06-12T14:36:24.422Z","eventType":"task_update","step":"NOTIFICATION_START","status":"START","data":{"taskId":"6a2bc4bc1b6d7e88b0fefae2","taskTitle":"final regulat testinng","updatedBy":"69f85d924b4a527968d7e69e","changedFields":["dueDate"]},"processId":2248}
{"timestamp":"2026-06-12T14:36:24.426Z","eventType":"task_update","step":"NOTIFICATION_COMPLETE","status":"SUCCESS","data":{"taskId":"6a2bc4bc1b6d7e88b0fefae2","usersNotified":0},"processId":2248}
{"timestamp":"2026-06-12T14:36:24.428Z","eventType":"task_update","step":"ENHANCED_NOTIFICATIONS_SENT","status":"SUCCESS","data":{"taskId":"6a2bc4bc1b6d7e88b0fefae2","usersNotified":0},"processId":2248}
{"timestamp":"2026-06-12T14:48:36.929Z","eventType":"task_update","step":"USING_ENHANCED_HELPER","status":"START","data":{"taskId":"6a2bc4bc1b6d7e88b0fefae2","updateKeys":["dueDate","updatedAt"]},"processId":2248}
{"timestamp":"2026-06-12T14:48:36.930Z","eventType":"task_update","step":"NOTIFICATION_START","status":"START","data":{"taskId":"6a2bc4bc1b6d7e88b0fefae2","taskTitle":"final regulat testinng","updatedBy":"69f85d924b4a527968d7e69e","changedFields":["dueDate"]},"processId":2248}
{"timestamp":"2026-06-12T14:48:36.931Z","eventType":"task_update","step":"NOTIFICATION_COMPLETE","status":"SUCCESS","data":{"taskId":"6a2bc4bc1b6d7e88b0fefae2","usersNotified":0},"processId":2248}
{"timestamp":"2026-06-12T14:48:36.931Z","eventType":"task_update","step":"ENHANCED_NOTIFICATIONS_SENT","status":"SUCCESS","data":{"taskId":"6a2bc4bc1b6d7e88b0fefae2","usersNotified":0},"processId":2248}
{"timestamp":"2026-06-12T14:51:09.054Z","eventType":"task_update","step":"USING_ENHANCED_HELPER","status":"START","data":{"taskId":"6a2bc4bc1b6d7e88b0fefae2","updateKeys":["dueDate","updatedAt"]},"processId":2248}
{"timestamp":"2026-06-12T14:51:09.055Z","eventType":"task_update","step":"NOTIFICATION_START","status":"START","data":{"taskId":"6a2bc4bc1b6d7e88b0fefae2","taskTitle":"final regulat testinng","updatedBy":"69f85d924b4a527968d7e69e","changedFields":["dueDate"]},"processId":2248}
{"timestamp":"2026-06-12T14:51:09.056Z","eventType":"task_update","step":"NOTIFICATION_COMPLETE","status":"SUCCESS","data":{"taskId":"6a2bc4bc1b6d7e88b0fefae2","usersNotified":0},"processId":2248}
{"timestamp":"2026-06-12T14:51:09.057Z","eventType":"task_update","step":"ENHANCED_NOTIFICATIONS_SENT","status":"SUCCESS","data":{"taskId":"6a2bc4bc1b6d7e88b0fefae2","usersNotified":0},"processId":2248}
{"timestamp":"2026-06-12T14:51:34.065Z","eventType":"task_update","step":"USING_ENHANCED_HELPER","status":"START","data":{"taskId":"6a2bc4bc1b6d7e88b0fefae2","updateKeys":["dueDate","updatedAt"]},"processId":2248}
{"timestamp":"2026-06-12T14:51:34.068Z","eventType":"task_update","step":"NOTIFICATION_START","status":"START","data":{"taskId":"6a2bc4bc1b6d7e88b0fefae2","taskTitle":"final regulat testinng","updatedBy":"69f85d924b4a527968d7e69e","changedFields":["dueDate"]},"processId":2248}
{"timestamp":"2026-06-12T14:51:34.070Z","eventType":"task_update","step":"NOTIFICATION_COMPLETE","status":"SUCCESS","data":{"taskId":"6a2bc4bc1b6d7e88b0fefae2","usersNotified":0},"processId":2248}
{"timestamp":"2026-06-12T14:51:34.072Z","eventType":"task_update","step":"ENHANCED_NOTIFICATIONS_SENT","status":"SUCCESS","data":{"taskId":"6a2bc4bc1b6d7e88b0fefae2","usersNotified":0},"processId":2248}
{"timestamp":"2026-06-12T15:02:52.800Z","eventType":"task_update","step":"USING_ENHANCED_HELPER","status":"START","data":{"taskId":"6a2bc4bc1b6d7e88b0fefae2","updateKeys":["dueDate","updatedAt"]},"processId":2248}
{"timestamp":"2026-06-12T15:02:52.812Z","eventType":"task_update","step":"NOTIFICATION_START","status":"START","data":{"taskId":"6a2bc4bc1b6d7e88b0fefae2","taskTitle":"final regulat testinng","updatedBy":"69f85d924b4a527968d7e69e","changedFields":["dueDate"]},"processId":2248}
{"timestamp":"2026-06-12T15:02:52.815Z","eventType":"task_update","step":"NOTIFICATION_COMPLETE","status":"SUCCESS","data":{"taskId":"6a2bc4bc1b6d7e88b0fefae2","usersNotified":0},"processId":2248}
{"timestamp":"2026-06-12T15:02:52.817Z","eventType":"task_update","step":"ENHANCED_NOTIFICATIONS_SENT","status":"SUCCESS","data":{"taskId":"6a2bc4bc1b6d7e88b0fefae2","usersNotified":0},"processId":2248}
{"timestamp":"2026-06-12T15:03:45.177Z","eventType":"task_update","step":"USING_ENHANCED_HELPER","status":"START","data":{"taskId":"6a2bc4bc1b6d7e88b0fefae2","updateKeys":["dueDate","updatedAt"]},"processId":2248}
{"timestamp":"2026-06-12T15:03:45.179Z","eventType":"task_update","step":"NOTIFICATION_START","status":"START","data":{"taskId":"6a2bc4bc1b6d7e88b0fefae2","taskTitle":"final regulat testinng","updatedBy":"69f85d924b4a527968d7e69e","changedFields":["dueDate"]},"processId":2248}
{"timestamp":"2026-06-12T15:03:45.181Z","eventType":"task_update","step":"NOTIFICATION_COMPLETE","status":"SUCCESS","data":{"taskId":"6a2bc4bc1b6d7e88b0fefae2","usersNotified":0},"processId":2248}
{"timestamp":"2026-06-12T15:03:45.182Z","eventType":"task_update","step":"ENHANCED_NOTIFICATIONS_SENT","status":"SUCCESS","data":{"taskId":"6a2bc4bc1b6d7e88b0fefae2","usersNotified":0},"processId":2248}
{"timestamp":"2026-06-12T15:04:10.871Z","eventType":"task_update","step":"USING_ENHANCED_HELPER","status":"START","data":{"taskId":"6a2bc4bc1b6d7e88b0fefae2","updateKeys":["dueDate","updatedAt"]},"processId":2248}
{"timestamp":"2026-06-12T15:04:10.874Z","eventType":"task_update","step":"NOTIFICATION_START","status":"START","data":{"taskId":"6a2bc4bc1b6d7e88b0fefae2","taskTitle":"final regulat testinng","updatedBy":"69f85d924b4a527968d7e69e","changedFields":["dueDate"]},"processId":2248}
{"timestamp":"2026-06-12T15:04:10.876Z","eventType":"task_update","step":"NOTIFICATION_COMPLETE","status":"SUCCESS","data":{"taskId":"6a2bc4bc1b6d7e88b0fefae2","usersNotified":0},"processId":2248}
{"timestamp":"2026-06-12T15:04:10.880Z","eventType":"task_update","step":"ENHANCED_NOTIFICATIONS_SENT","status":"SUCCESS","data":{"taskId":"6a2bc4bc1b6d7e88b0fefae2","usersNotified":0},"processId":2248}
{"timestamp":"2026-06-12T15:04:27.777Z","eventType":"task_update","step":"USING_ENHANCED_HELPER","status":"START","data":{"taskId":"6a2bc4bc1b6d7e88b0fefae2","updateKeys":["dueDate","updatedAt"]},"processId":2248}
{"timestamp":"2026-06-12T15:04:27.779Z","eventType":"task_update","step":"NOTIFICATION_START","status":"START","data":{"taskId":"6a2bc4bc1b6d7e88b0fefae2","taskTitle":"final regulat testinng","updatedBy":"69f85d924b4a527968d7e69e","changedFields":["dueDate"]},"processId":2248}
{"timestamp":"2026-06-12T15:04:27.780Z","eventType":"task_update","step":"NOTIFICATION_COMPLETE","status":"SUCCESS","data":{"taskId":"6a2bc4bc1b6d7e88b0fefae2","usersNotified":0},"processId":2248}
{"timestamp":"2026-06-12T15:04:27.780Z","eventType":"task_update","step":"ENHANCED_NOTIFICATIONS_SENT","status":"SUCCESS","data":{"taskId":"6a2bc4bc1b6d7e88b0fefae2","usersNotified":0},"processId":2248}
{"timestamp":"2026-06-12T15:04:38.791Z","eventType":"task_update","step":"USING_ENHANCED_HELPER","status":"START","data":{"taskId":"6a2bc4bc1b6d7e88b0fefae2","updateKeys":["dueDate","updatedAt"]},"processId":2248}
{"timestamp":"2026-06-12T15:04:38.792Z","eventType":"task_update","step":"NOTIFICATION_START","status":"START","data":{"taskId":"6a2bc4bc1b6d7e88b0fefae2","taskTitle":"final regulat testinng","updatedBy":"69f85d924b4a527968d7e69e","changedFields":["dueDate"]},"processId":2248}
{"timestamp":"2026-06-12T15:04:38.793Z","eventType":"task_update","step":"NOTIFICATION_COMPLETE","status":"SUCCESS","data":{"taskId":"6a2bc4bc1b6d7e88b0fefae2","usersNotified":0},"processId":2248}
{"timestamp":"2026-06-12T15:04:38.793Z","eventType":"task_update","step":"ENHANCED_NOTIFICATIONS_SENT","status":"SUCCESS","data":{"taskId":"6a2bc4bc1b6d7e88b0fefae2","usersNotified":0},"processId":2248}
{"timestamp":"2026-06-12T15:05:02.290Z","eventType":"task_update","step":"USING_ENHANCED_HELPER","status":"START","data":{"taskId":"6a2bc4bc1b6d7e88b0fefae2","updateKeys":["dueDate","updatedAt"]},"processId":2248}
{"timestamp":"2026-06-12T15:05:02.291Z","eventType":"task_update","step":"NOTIFICATION_START","status":"START","data":{"taskId":"6a2bc4bc1b6d7e88b0fefae2","taskTitle":"final regulat testinng","updatedBy":"69f85d924b4a527968d7e69e","changedFields":["dueDate"]},"processId":2248}
{"timestamp":"2026-06-12T15:05:02.292Z","eventType":"task_update","step":"NOTIFICATION_COMPLETE","status":"SUCCESS","data":{"taskId":"6a2bc4bc1b6d7e88b0fefae2","usersNotified":0},"processId":2248}
{"timestamp":"2026-06-12T15:05:02.292Z","eventType":"task_update","step":"ENHANCED_NOTIFICATIONS_SENT","status":"SUCCESS","data":{"taskId":"6a2bc4bc1b6d7e88b0fefae2","usersNotified":0},"processId":2248}
{"timestamp":"2026-06-12T15:09:43.603Z","eventType":"task_update","step":"USING_ENHANCED_HELPER","status":"START","data":{"taskId":"6a2bc4bc1b6d7e88b0fefae2","updateKeys":["dueDate","updatedAt"]},"processId":2248}
{"timestamp":"2026-06-12T15:09:43.604Z","eventType":"task_update","step":"NOTIFICATION_START","status":"START","data":{"taskId":"6a2bc4bc1b6d7e88b0fefae2","taskTitle":"final regulat testinng","updatedBy":"69f85d924b4a527968d7e69e","changedFields":["dueDate"]},"processId":2248}
{"timestamp":"2026-06-12T15:09:43.605Z","eventType":"task_update","step":"NOTIFICATION_COMPLETE","status":"SUCCESS","data":{"taskId":"6a2bc4bc1b6d7e88b0fefae2","usersNotified":0},"processId":2248}
{"timestamp":"2026-06-12T15:09:43.605Z","eventType":"task_update","step":"ENHANCED_NOTIFICATIONS_SENT","status":"SUCCESS","data":{"taskId":"6a2bc4bc1b6d7e88b0fefae2","usersNotified":0},"processId":2248}
{"timestamp":"2026-06-12T15:11:37.572Z","eventType":"task_update","step":"USING_ENHANCED_HELPER","status":"START","data":{"taskId":"6a2bc4bc1b6d7e88b0fefae2","updateKeys":["dueDate","updatedAt"]},"processId":2248}
{"timestamp":"2026-06-12T15:11:37.574Z","eventType":"task_update","step":"NOTIFICATION_START","status":"START","data":{"taskId":"6a2bc4bc1b6d7e88b0fefae2","taskTitle":"final regulat testinng","updatedBy":"69f85d924b4a527968d7e69e","changedFields":["dueDate"]},"processId":2248}
{"timestamp":"2026-06-12T15:11:37.575Z","eventType":"task_update","step":"NOTIFICATION_COMPLETE","status":"SUCCESS","data":{"taskId":"6a2bc4bc1b6d7e88b0fefae2","usersNotified":0},"processId":2248}
{"timestamp":"2026-06-12T15:11:37.576Z","eventType":"task_update","step":"ENHANCED_NOTIFICATIONS_SENT","status":"SUCCESS","data":{"taskId":"6a2bc4bc1b6d7e88b0fefae2","usersNotified":0},"processId":2248}
{"timestamp":"2026-06-12T15:14:07.974Z","eventType":"task_update","step":"USING_ENHANCED_HELPER","status":"START","data":{"taskId":"6a2bc4bc1b6d7e88b0fefae2","updateKeys":["dueDate","updatedAt"]},"processId":2248}
{"timestamp":"2026-06-12T15:14:07.987Z","eventType":"task_update","step":"NOTIFICATION_START","status":"START","data":{"taskId":"6a2bc4bc1b6d7e88b0fefae2","taskTitle":"final regulat testinng","updatedBy":"69f85d924b4a527968d7e69e","changedFields":["dueDate"]},"processId":2248}
{"timestamp":"2026-06-12T15:14:07.990Z","eventType":"task_update","step":"NOTIFICATION_COMPLETE","status":"SUCCESS","data":{"taskId":"6a2bc4bc1b6d7e88b0fefae2","usersNotified":0},"processId":2248}
{"timestamp":"2026-06-12T15:14:07.993Z","eventType":"task_update","step":"ENHANCED_NOTIFICATIONS_SENT","status":"SUCCESS","data":{"taskId":"6a2bc4bc1b6d7e88b0fefae2","usersNotified":0},"processId":2248}
{"timestamp":"2026-06-12T15:24:09.961Z","eventType":"task_update","step":"USING_ENHANCED_HELPER","status":"START","data":{"taskId":"6a2bc4bc1b6d7e88b0fefae2","updateKeys":["dueDate","updatedAt"]},"processId":6792}
{"timestamp":"2026-06-12T15:24:09.967Z","eventType":"task_update","step":"NOTIFICATION_START","status":"START","data":{"taskId":"6a2bc4bc1b6d7e88b0fefae2","taskTitle":"final regulat testinng","updatedBy":"69f85d924b4a527968d7e69e","changedFields":["dueDate"]},"processId":6792}
{"timestamp":"2026-06-12T15:24:09.970Z","eventType":"task_update","step":"NOTIFICATION_COMPLETE","status":"SUCCESS","data":{"taskId":"6a2bc4bc1b6d7e88b0fefae2","usersNotified":0},"processId":6792}
{"timestamp":"2026-06-12T15:24:09.971Z","eventType":"task_update","step":"ENHANCED_NOTIFICATIONS_SENT","status":"SUCCESS","data":{"taskId":"6a2bc4bc1b6d7e88b0fefae2","usersNotified":0},"processId":6792}
{"timestamp":"2026-06-12T15:24:37.626Z","eventType":"task_update","step":"USING_ENHANCED_HELPER","status":"START","data":{"taskId":"6a2bc4bc1b6d7e88b0fefae2","updateKeys":["dueDate","updatedAt"]},"processId":6792}
{"timestamp":"2026-06-12T15:24:37.628Z","eventType":"task_update","step":"NOTIFICATION_START","status":"START","data":{"taskId":"6a2bc4bc1b6d7e88b0fefae2","taskTitle":"final regulat testinng","updatedBy":"69f85d924b4a527968d7e69e","changedFields":["dueDate"]},"processId":6792}
{"timestamp":"2026-06-12T15:24:37.632Z","eventType":"task_update","step":"NOTIFICATION_COMPLETE","status":"SUCCESS","data":{"taskId":"6a2bc4bc1b6d7e88b0fefae2","usersNotified":0},"processId":6792}
{"timestamp":"2026-06-12T15:24:37.635Z","eventType":"task_update","step":"ENHANCED_NOTIFICATIONS_SENT","status":"SUCCESS","data":{"taskId":"6a2bc4bc1b6d7e88b0fefae2","usersNotified":0},"processId":6792}
{"timestamp":"2026-06-12T15:24:47.874Z","eventType":"task_update","step":"USING_ENHANCED_HELPER","status":"START","data":{"taskId":"6a2bc4bc1b6d7e88b0fefae2","updateKeys":["dueDate","updatedAt"]},"processId":6792}
{"timestamp":"2026-06-12T15:24:47.877Z","eventType":"task_update","step":"NOTIFICATION_START","status":"START","data":{"taskId":"6a2bc4bc1b6d7e88b0fefae2","taskTitle":"final regulat testinng","updatedBy":"69f85d924b4a527968d7e69e","changedFields":["dueDate"]},"processId":6792}
{"timestamp":"2026-06-12T15:24:47.880Z","eventType":"task_update","step":"NOTIFICATION_COMPLETE","status":"SUCCESS","data":{"taskId":"6a2bc4bc1b6d7e88b0fefae2","usersNotified":0},"processId":6792}
{"timestamp":"2026-06-12T15:24:47.882Z","eventType":"task_update","step":"ENHANCED_NOTIFICATIONS_SENT","status":"SUCCESS","data":{"taskId":"6a2bc4bc1b6d7e88b0fefae2","usersNotified":0},"processId":6792}
{"timestamp":"2026-06-12T15:25:39.125Z","eventType":"task_update","step":"USING_ENHANCED_HELPER","status":"START","data":{"taskId":"6a2bc4bc1b6d7e88b0fefae2","updateKeys":["dueDate","updatedAt"]},"processId":6792}
{"timestamp":"2026-06-12T15:25:39.126Z","eventType":"task_update","step":"NOTIFICATION_START","status":"START","data":{"taskId":"6a2bc4bc1b6d7e88b0fefae2","taskTitle":"final regulat testinng","updatedBy":"69f85d924b4a527968d7e69e","changedFields":["dueDate"]},"processId":6792}
{"timestamp":"2026-06-12T15:25:39.128Z","eventType":"task_update","step":"NOTIFICATION_COMPLETE","status":"SUCCESS","data":{"taskId":"6a2bc4bc1b6d7e88b0fefae2","usersNotified":0},"processId":6792}
{"timestamp":"2026-06-12T15:25:39.128Z","eventType":"task_update","step":"ENHANCED_NOTIFICATIONS_SENT","status":"SUCCESS","data":{"taskId":"6a2bc4bc1b6d7e88b0fefae2","usersNotified":0},"processId":6792}
{"timestamp":"2026-06-12T15:25:51.513Z","eventType":"task_update","step":"USING_ENHANCED_HELPER","status":"START","data":{"taskId":"6a2bc4bc1b6d7e88b0fefae2","updateKeys":["dueDate","updatedAt"]},"processId":6792}
{"timestamp":"2026-06-12T15:25:51.514Z","eventType":"task_update","step":"NOTIFICATION_START","status":"START","data":{"taskId":"6a2bc4bc1b6d7e88b0fefae2","taskTitle":"final regulat testinng","updatedBy":"69f85d924b4a527968d7e69e","changedFields":["dueDate"]},"processId":6792}
{"timestamp":"2026-06-12T15:25:51.515Z","eventType":"task_update","step":"NOTIFICATION_COMPLETE","status":"SUCCESS","data":{"taskId":"6a2bc4bc1b6d7e88b0fefae2","usersNotified":0},"processId":6792}
{"timestamp":"2026-06-12T15:25:51.515Z","eventType":"task_update","step":"ENHANCED_NOTIFICATIONS_SENT","status":"SUCCESS","data":{"taskId":"6a2bc4bc1b6d7e88b0fefae2","usersNotified":0},"processId":6792}
{"timestamp":"2026-06-12T15:27:16.863Z","eventType":"task_update","step":"USING_ENHANCED_HELPER","status":"START","data":{"taskId":"6a2bc6061b6d7e88b0ff004c","updateKeys":["dueDate","updatedAt"]},"processId":6792}
{"timestamp":"2026-06-12T15:27:16.864Z","eventType":"task_update","step":"NOTIFICATION_START","status":"START","data":{"taskId":"6a2bc6061b6d7e88b0ff004c","taskTitle":"regular task","updatedBy":"69f85d924b4a527968d7e69e","changedFields":["dueDate"]},"processId":6792}
{"timestamp":"2026-06-12T15:27:16.868Z","eventType":"task_update","step":"NOTIFICATION_COMPLETE","status":"SUCCESS","data":{"taskId":"6a2bc6061b6d7e88b0ff004c","usersNotified":0},"processId":6792}
{"timestamp":"2026-06-12T15:27:16.874Z","eventType":"task_update","step":"ENHANCED_NOTIFICATIONS_SENT","status":"SUCCESS","data":{"taskId":"6a2bc6061b6d7e88b0ff004c","usersNotified":0},"processId":6792}
{"timestamp":"2026-06-12T15:29:43.785Z","eventType":"task_update","step":"USING_ENHANCED_HELPER","status":"START","data":{"taskId":"6a2bc4bc1b6d7e88b0fefae2","updateKeys":["dueDate","updatedAt"]},"processId":6792}
{"timestamp":"2026-06-12T15:29:43.795Z","eventType":"task_update","step":"NOTIFICATION_START","status":"START","data":{"taskId":"6a2bc4bc1b6d7e88b0fefae2","taskTitle":"final regulat testinng","updatedBy":"69f85d924b4a527968d7e69e","changedFields":["dueDate"]},"processId":6792}
{"timestamp":"2026-06-12T15:29:43.798Z","eventType":"task_update","step":"NOTIFICATION_COMPLETE","status":"SUCCESS","data":{"taskId":"6a2bc4bc1b6d7e88b0fefae2","usersNotified":0},"processId":6792}
{"timestamp":"2026-06-12T15:29:43.800Z","eventType":"task_update","step":"ENHANCED_NOTIFICATIONS_SENT","status":"SUCCESS","data":{"taskId":"6a2bc4bc1b6d7e88b0fefae2","usersNotified":0},"processId":6792}
{"timestamp":"2026-06-12T15:30:31.487Z","eventType":"task_update","step":"USING_ENHANCED_HELPER","status":"START","data":{"taskId":"6a2bc4bc1b6d7e88b0fefae2","updateKeys":["dueDate","updatedAt"]},"processId":6792}
{"timestamp":"2026-06-12T15:30:31.488Z","eventType":"task_update","step":"NOTIFICATION_START","status":"START","data":{"taskId":"6a2bc4bc1b6d7e88b0fefae2","taskTitle":"final regulat testinng","updatedBy":"69f85d924b4a527968d7e69e","changedFields":["dueDate"]},"processId":6792}
{"timestamp":"2026-06-12T15:30:31.488Z","eventType":"task_update","step":"NOTIFICATION_COMPLETE","status":"SUCCESS","data":{"taskId":"6a2bc4bc1b6d7e88b0fefae2","usersNotified":0},"processId":6792}
{"timestamp":"2026-06-12T15:30:31.489Z","eventType":"task_update","step":"ENHANCED_NOTIFICATIONS_SENT","status":"SUCCESS","data":{"taskId":"6a2bc4bc1b6d7e88b0fefae2","usersNotified":0},"processId":6792}
{"timestamp":"2026-06-12T15:33:12.982Z","eventType":"task_update","step":"USING_ENHANCED_HELPER","status":"START","data":{"taskId":"6a2bbf47a10ed59e9b9fafcd","updateKeys":["dueDate","updatedAt"]},"processId":6792}
{"timestamp":"2026-06-12T15:33:12.985Z","eventType":"task_update","step":"NOTIFICATION_START","status":"START","data":{"taskId":"6a2bbf47a10ed59e9b9fafcd","taskTitle":"recurrig task testing","updatedBy":"69f85d924b4a527968d7e69e","changedFields":["dueDate"]},"processId":6792}
{"timestamp":"2026-06-12T15:33:12.987Z","eventType":"task_update","step":"NOTIFICATION_COMPLETE","status":"SUCCESS","data":{"taskId":"6a2bbf47a10ed59e9b9fafcd","usersNotified":0},"processId":6792}
{"timestamp":"2026-06-12T15:33:12.990Z","eventType":"task_update","step":"ENHANCED_NOTIFICATIONS_SENT","status":"SUCCESS","data":{"taskId":"6a2bbf47a10ed59e9b9fafcd","usersNotified":0},"processId":6792}
{"timestamp":"2026-06-12T15:36:01.598Z","eventType":"task_update","step":"USING_ENHANCED_HELPER","status":"START","data":{"taskId":"6a2c27513307288212742b40","updateKeys":["dueDate","updatedAt"]},"processId":6792}
{"timestamp":"2026-06-12T15:36:01.601Z","eventType":"task_update","step":"NOTIFICATION_START","status":"START","data":{"taskId":"6a2c27513307288212742b40","taskTitle":"update task design milstone","updatedBy":"69f85d924b4a527968d7e69e","changedFields":["dueDate"]},"processId":6792}
{"timestamp":"2026-06-12T15:36:01.603Z","eventType":"task_update","step":"NOTIFICATION_COMPLETE","status":"SUCCESS","data":{"taskId":"6a2c27513307288212742b40","usersNotified":0},"processId":6792}
{"timestamp":"2026-06-12T15:36:01.606Z","eventType":"task_update","step":"ENHANCED_NOTIFICATIONS_SENT","status":"SUCCESS","data":{"taskId":"6a2c27513307288212742b40","usersNotified":0},"processId":6792}
