{"timestamp":"2026-04-23T07:10:50.972Z","eventType":"task_update","step":"USING_ENHANCED_HELPER","status":"START","data":{"taskId":"69e9bdb9db4bd75a5bb63c9b","updateKeys":["priority","updatedAt"]},"processId":20744}
{"timestamp":"2026-04-23T07:10:50.978Z","eventType":"task_update","step":"NOTIFICATION_START","status":"START","data":{"taskId":"69e9bdb9db4bd75a5bb63c9b","taskTitle":"fix the design issues","updatedBy":"69e1ed3ab3467af7b7f575f2","changedFields":["priority"]},"processId":20744}
{"timestamp":"2026-04-23T07:10:50.981Z","eventType":"task_update","step":"NOTIFICATION_COMPLETE","status":"SUCCESS","data":{"taskId":"69e9bdb9db4bd75a5bb63c9b","usersNotified":0},"processId":20744}
{"timestamp":"2026-04-23T07:10:50.981Z","eventType":"task_update","step":"ENHANCED_NOTIFICATIONS_SENT","status":"SUCCESS","data":{"taskId":"69e9bdb9db4bd75a5bb63c9b","usersNotified":0},"processId":20744}
{"timestamp":"2026-04-23T07:35:32.055Z","eventType":"task_update","step":"USING_ENHANCED_HELPER","status":"START","data":{"taskId":"69e9bdb9db4bd75a5bb63c9b","updateKeys":["timeEstimate","updatedAt"]},"processId":20744}
{"timestamp":"2026-04-23T07:35:32.060Z","eventType":"task_update","step":"NOTIFICATION_START","status":"START","data":{"taskId":"69e9bdb9db4bd75a5bb63c9b","taskTitle":"fix the design issues","updatedBy":"69e1ed3ab3467af7b7f575f2","changedFields":["timeEstimate"]},"processId":20744}
{"timestamp":"2026-04-23T07:35:32.064Z","eventType":"task_update","step":"NOTIFICATION_COMPLETE","status":"SUCCESS","data":{"taskId":"69e9bdb9db4bd75a5bb63c9b","usersNotified":0},"processId":20744}
{"timestamp":"2026-04-23T07:35:32.065Z","eventType":"task_update","step":"ENHANCED_NOTIFICATIONS_SENT","status":"SUCCESS","data":{"taskId":"69e9bdb9db4bd75a5bb63c9b","usersNotified":0},"processId":20744}
{"timestamp":"2026-04-23T07:35:39.163Z","eventType":"task_update","step":"USING_ENHANCED_HELPER","status":"START","data":{"taskId":"69e9bdb9db4bd75a5bb63c9b","updateKeys":["timeEstimate","updatedAt"]},"processId":20744}
{"timestamp":"2026-04-23T07:35:39.165Z","eventType":"task_update","step":"NOTIFICATION_START","status":"START","data":{"taskId":"69e9bdb9db4bd75a5bb63c9b","taskTitle":"fix the design issues","updatedBy":"69e1ed3ab3467af7b7f575f2","changedFields":["timeEstimate"]},"processId":20744}
{"timestamp":"2026-04-23T07:35:39.167Z","eventType":"task_update","step":"NOTIFICATION_COMPLETE","status":"SUCCESS","data":{"taskId":"69e9bdb9db4bd75a5bb63c9b","usersNotified":0},"processId":20744}
{"timestamp":"2026-04-23T07:35:39.169Z","eventType":"task_update","step":"ENHANCED_NOTIFICATIONS_SENT","status":"SUCCESS","data":{"taskId":"69e9bdb9db4bd75a5bb63c9b","usersNotified":0},"processId":20744}
{"timestamp":"2026-04-23T07:35:44.945Z","eventType":"task_update","step":"USING_ENHANCED_HELPER","status":"START","data":{"taskId":"69e9bdb9db4bd75a5bb63c9b","updateKeys":["timeEstimate","updatedAt"]},"processId":20744}
{"timestamp":"2026-04-23T07:35:44.945Z","eventType":"task_update","step":"NOTIFICATION_START","status":"START","data":{"taskId":"69e9bdb9db4bd75a5bb63c9b","taskTitle":"fix the design issues","updatedBy":"69e1ed3ab3467af7b7f575f2","changedFields":["timeEstimate"]},"processId":20744}
{"timestamp":"2026-04-23T07:35:44.946Z","eventType":"task_update","step":"NOTIFICATION_COMPLETE","status":"SUCCESS","data":{"taskId":"69e9bdb9db4bd75a5bb63c9b","usersNotified":0},"processId":20744}
{"timestamp":"2026-04-23T07:35:44.946Z","eventType":"task_update","step":"ENHANCED_NOTIFICATIONS_SENT","status":"SUCCESS","data":{"taskId":"69e9bdb9db4bd75a5bb63c9b","usersNotified":0},"processId":20744}
{"timestamp":"2026-04-23T07:39:17.334Z","eventType":"task_update","step":"USING_ENHANCED_HELPER","status":"START","data":{"taskId":"69e9bdb9db4bd75a5bb63c9b","updateKeys":["priority","updatedAt"]},"processId":20744}
{"timestamp":"2026-04-23T07:39:17.335Z","eventType":"task_update","step":"NOTIFICATION_START","status":"START","data":{"taskId":"69e9bdb9db4bd75a5bb63c9b","taskTitle":"fix the design issues","updatedBy":"69e1ed3ab3467af7b7f575f2","changedFields":["priority"]},"processId":20744}
{"timestamp":"2026-04-23T07:39:17.336Z","eventType":"task_update","step":"NOTIFICATION_COMPLETE","status":"SUCCESS","data":{"taskId":"69e9bdb9db4bd75a5bb63c9b","usersNotified":0},"processId":20744}
{"timestamp":"2026-04-23T07:39:17.336Z","eventType":"task_update","step":"ENHANCED_NOTIFICATIONS_SENT","status":"SUCCESS","data":{"taskId":"69e9bdb9db4bd75a5bb63c9b","usersNotified":0},"processId":20744}
