{"timestamp":"2026-04-29T08:10:28.682Z","eventType":"task_creation","step":"USING_ENHANCED_HELPER","status":"START","data":{"taskId":"69f1bcf3f22a552efa786bbf","taskType":"regular"},"processId":26552}
{"timestamp":"2026-04-29T08:10:28.717Z","eventType":"task_creation","step":"NOTIFICATION_START","status":"START","data":{"taskId":"69f1bcf3f22a552efa786bbf","taskType":"regular","title":"Testing 1","createdBy":"69f1b70ef22a552efa7865d8","assignedTo":"69f1b70ef22a552efa7865d8","collaborators":0,"approvers":0},"processId":26552}
{"timestamp":"2026-04-29T08:10:28.718Z","eventType":"task_creation","step":"NOTIFY_ASSIGNEE_SKIPPED","status":"SKIP","data":{"reason":"Creator is assignee","createdBy":"69f1b70ef22a552efa7865d8","assignedTo":"69f1b70ef22a552efa7865d8"},"processId":26552}
{"timestamp":"2026-04-29T08:10:31.013Z","eventType":"task_creation","step":"NOTIFY_CREATOR_SUCCESS","status":"SUCCESS","data":{"createdBy":"69f1b70ef22a552efa7865d8","notificationId":"69f1bcf6f22a552efa786bd5"},"processId":26552}
{"timestamp":"2026-04-29T08:10:31.014Z","eventType":"task_creation","step":"NOTIFICATION_COMPLETE","status":"SUCCESS","data":{"taskId":"69f1bcf3f22a552efa786bbf","summary":{"assigneeNotifications":0,"collaboratorNotifications":0,"approverNotifications":0,"errors":0}},"processId":26552}
{"timestamp":"2026-04-29T08:10:31.015Z","eventType":"task_creation","step":"ENHANCED_NOTIFICATIONS_SENT","status":"SUCCESS","data":{"taskId":"69f1bcf3f22a552efa786bbf","assigneeNotifications":0,"collaboratorNotifications":0,"approverNotifications":0,"errors":0},"processId":26552}
{"timestamp":"2026-04-29T08:10:33.636Z","eventType":"task_creation","step":"USING_ENHANCED_HELPER","status":"START","data":{"taskId":"69f1bcf9f22a552efa786c27","taskType":"regular"},"processId":26552}
{"timestamp":"2026-04-29T08:10:33.637Z","eventType":"task_creation","step":"NOTIFICATION_START","status":"START","data":{"taskId":"69f1bcf9f22a552efa786c27","taskType":"regular","title":"Testing 1","createdBy":"69f1b70ef22a552efa7865d8","assignedTo":"69f1b70ef22a552efa7865d8","collaborators":0,"approvers":0},"processId":26552}
{"timestamp":"2026-04-29T08:10:33.638Z","eventType":"task_creation","step":"NOTIFY_ASSIGNEE_SKIPPED","status":"SKIP","data":{"reason":"Creator is assignee","createdBy":"69f1b70ef22a552efa7865d8","assignedTo":"69f1b70ef22a552efa7865d8"},"processId":26552}
{"timestamp":"2026-04-29T08:10:33.989Z","eventType":"task_creation","step":"USING_ENHANCED_HELPER","status":"START","data":{"taskId":"69f1bcf9f22a552efa786c2a","taskType":"regular"},"processId":26552}
{"timestamp":"2026-04-29T08:10:33.990Z","eventType":"task_creation","step":"NOTIFICATION_START","status":"START","data":{"taskId":"69f1bcf9f22a552efa786c2a","taskType":"regular","title":"Testing 1","createdBy":"69f1b70ef22a552efa7865d8","assignedTo":"69f1b70ef22a552efa7865d8","collaborators":0,"approvers":0},"processId":26552}
{"timestamp":"2026-04-29T08:10:33.991Z","eventType":"task_creation","step":"NOTIFY_ASSIGNEE_SKIPPED","status":"SKIP","data":{"reason":"Creator is assignee","createdBy":"69f1b70ef22a552efa7865d8","assignedTo":"69f1b70ef22a552efa7865d8"},"processId":26552}
{"timestamp":"2026-04-29T08:10:34.127Z","eventType":"task_creation","step":"USING_ENHANCED_HELPER","status":"START","data":{"taskId":"69f1bcf9f22a552efa786c2d","taskType":"regular"},"processId":26552}
{"timestamp":"2026-04-29T08:10:34.129Z","eventType":"task_creation","step":"NOTIFICATION_START","status":"START","data":{"taskId":"69f1bcf9f22a552efa786c2d","taskType":"regular","title":"Testing 1","createdBy":"69f1b70ef22a552efa7865d8","assignedTo":"69f1b70ef22a552efa7865d8","collaborators":0,"approvers":0},"processId":26552}
{"timestamp":"2026-04-29T08:10:34.130Z","eventType":"task_creation","step":"NOTIFY_ASSIGNEE_SKIPPED","status":"SKIP","data":{"reason":"Creator is assignee","createdBy":"69f1b70ef22a552efa7865d8","assignedTo":"69f1b70ef22a552efa7865d8"},"processId":26552}
{"timestamp":"2026-04-29T08:10:34.571Z","eventType":"task_creation","step":"USING_ENHANCED_HELPER","status":"START","data":{"taskId":"69f1bcf9f22a552efa786c3a","taskType":"regular"},"processId":26552}
{"timestamp":"2026-04-29T08:10:34.572Z","eventType":"task_creation","step":"NOTIFICATION_START","status":"START","data":{"taskId":"69f1bcf9f22a552efa786c3a","taskType":"regular","title":"Testing 1","createdBy":"69f1b70ef22a552efa7865d8","assignedTo":"69f1b70ef22a552efa7865d8","collaborators":0,"approvers":0},"processId":26552}
{"timestamp":"2026-04-29T08:10:34.573Z","eventType":"task_creation","step":"NOTIFY_ASSIGNEE_SKIPPED","status":"SKIP","data":{"reason":"Creator is assignee","createdBy":"69f1b70ef22a552efa7865d8","assignedTo":"69f1b70ef22a552efa7865d8"},"processId":26552}
{"timestamp":"2026-04-29T08:10:34.849Z","eventType":"task_creation","step":"NOTIFY_CREATOR_SUCCESS","status":"SUCCESS","data":{"createdBy":"69f1b70ef22a552efa7865d8","notificationId":"69f1bcfaf22a552efa786c7f"},"processId":26552}
{"timestamp":"2026-04-29T08:10:34.850Z","eventType":"task_creation","step":"NOTIFICATION_COMPLETE","status":"SUCCESS","data":{"taskId":"69f1bcf9f22a552efa786c2a","summary":{"assigneeNotifications":0,"collaboratorNotifications":0,"approverNotifications":0,"errors":0}},"processId":26552}
{"timestamp":"2026-04-29T08:10:34.851Z","eventType":"task_creation","step":"ENHANCED_NOTIFICATIONS_SENT","status":"SUCCESS","data":{"taskId":"69f1bcf9f22a552efa786c2a","assigneeNotifications":0,"collaboratorNotifications":0,"approverNotifications":0,"errors":0},"processId":26552}
{"timestamp":"2026-04-29T08:10:34.889Z","eventType":"task_creation","step":"NOTIFY_CREATOR_SUCCESS","status":"SUCCESS","data":{"createdBy":"69f1b70ef22a552efa7865d8","notificationId":"69f1bcfaf22a552efa786c81"},"processId":26552}
{"timestamp":"2026-04-29T08:10:34.915Z","eventType":"task_creation","step":"NOTIFICATION_COMPLETE","status":"SUCCESS","data":{"taskId":"69f1bcf9f22a552efa786c27","summary":{"assigneeNotifications":0,"collaboratorNotifications":0,"approverNotifications":0,"errors":0}},"processId":26552}
{"timestamp":"2026-04-29T08:10:34.915Z","eventType":"task_creation","step":"ENHANCED_NOTIFICATIONS_SENT","status":"SUCCESS","data":{"taskId":"69f1bcf9f22a552efa786c27","assigneeNotifications":0,"collaboratorNotifications":0,"approverNotifications":0,"errors":0},"processId":26552}
{"timestamp":"2026-04-29T08:10:35.141Z","eventType":"task_creation","step":"NOTIFY_CREATOR_SUCCESS","status":"SUCCESS","data":{"createdBy":"69f1b70ef22a552efa7865d8","notificationId":"69f1bcfaf22a552efa786c8b"},"processId":26552}
{"timestamp":"2026-04-29T08:10:35.142Z","eventType":"task_creation","step":"NOTIFICATION_COMPLETE","status":"SUCCESS","data":{"taskId":"69f1bcf9f22a552efa786c2d","summary":{"assigneeNotifications":0,"collaboratorNotifications":0,"approverNotifications":0,"errors":0}},"processId":26552}
{"timestamp":"2026-04-29T08:10:35.142Z","eventType":"task_creation","step":"ENHANCED_NOTIFICATIONS_SENT","status":"SUCCESS","data":{"taskId":"69f1bcf9f22a552efa786c2d","assigneeNotifications":0,"collaboratorNotifications":0,"approverNotifications":0,"errors":0},"processId":26552}
{"timestamp":"2026-04-29T08:10:35.646Z","eventType":"task_creation","step":"NOTIFY_CREATOR_SUCCESS","status":"SUCCESS","data":{"createdBy":"69f1b70ef22a552efa7865d8","notificationId":"69f1bcfbf22a552efa786cac"},"processId":26552}
{"timestamp":"2026-04-29T08:10:35.648Z","eventType":"task_creation","step":"NOTIFICATION_COMPLETE","status":"SUCCESS","data":{"taskId":"69f1bcf9f22a552efa786c3a","summary":{"assigneeNotifications":0,"collaboratorNotifications":0,"approverNotifications":0,"errors":0}},"processId":26552}
{"timestamp":"2026-04-29T08:10:35.649Z","eventType":"task_creation","step":"ENHANCED_NOTIFICATIONS_SENT","status":"SUCCESS","data":{"taskId":"69f1bcf9f22a552efa786c3a","assigneeNotifications":0,"collaboratorNotifications":0,"approverNotifications":0,"errors":0},"processId":26552}
{"timestamp":"2026-04-29T08:14:45.226Z","eventType":"task_creation","step":"USING_ENHANCED_HELPER","status":"START","data":{"taskId":"69f1bdd4f22a552efa78775a","taskType":"recurring"},"processId":26552}
{"timestamp":"2026-04-29T08:14:45.228Z","eventType":"task_creation","step":"NOTIFICATION_START","status":"START","data":{"taskId":"69f1bdd4f22a552efa78775a","taskType":"recurring","title":"Testing recurring 1","createdBy":"69f1b70ef22a552efa7865d8","assignedTo":"69f1b70ef22a552efa7865d8","collaborators":0,"approvers":0},"processId":26552}
{"timestamp":"2026-04-29T08:14:45.230Z","eventType":"task_creation","step":"NOTIFY_ASSIGNEE_SKIPPED","status":"SKIP","data":{"reason":"Creator is assignee","createdBy":"69f1b70ef22a552efa7865d8","assignedTo":"69f1b70ef22a552efa7865d8"},"processId":26552}
{"timestamp":"2026-04-29T08:14:45.535Z","eventType":"task_creation","step":"USING_ENHANCED_HELPER","status":"START","data":{"taskId":"69f1bdd6f22a552efa787776","taskType":"recurring"},"processId":26552}
{"timestamp":"2026-04-29T08:14:45.536Z","eventType":"task_creation","step":"NOTIFICATION_START","status":"START","data":{"taskId":"69f1bdd6f22a552efa787776","taskType":"recurring","title":"Testing recurring 1","createdBy":"69f1b70ef22a552efa7865d8","assignedTo":"69f1b70ef22a552efa7865d8","collaborators":0,"approvers":0},"processId":26552}
{"timestamp":"2026-04-29T08:14:45.537Z","eventType":"task_creation","step":"NOTIFY_ASSIGNEE_SKIPPED","status":"SKIP","data":{"reason":"Creator is assignee","createdBy":"69f1b70ef22a552efa7865d8","assignedTo":"69f1b70ef22a552efa7865d8"},"processId":26552}
{"timestamp":"2026-04-29T08:14:46.753Z","eventType":"task_creation","step":"NOTIFY_CREATOR_SUCCESS","status":"SUCCESS","data":{"createdBy":"69f1b70ef22a552efa7865d8","notificationId":"69f1bdf6f22a552efa787992"},"processId":26552}
{"timestamp":"2026-04-29T08:14:46.754Z","eventType":"task_creation","step":"NOTIFICATION_COMPLETE","status":"SUCCESS","data":{"taskId":"69f1bdd6f22a552efa787776","summary":{"assigneeNotifications":0,"collaboratorNotifications":0,"approverNotifications":0,"errors":0}},"processId":26552}
{"timestamp":"2026-04-29T08:14:46.756Z","eventType":"task_creation","step":"ENHANCED_NOTIFICATIONS_SENT","status":"SUCCESS","data":{"taskId":"69f1bdd6f22a552efa787776","assigneeNotifications":0,"collaboratorNotifications":0,"approverNotifications":0,"errors":0},"processId":26552}
{"timestamp":"2026-04-29T08:14:46.768Z","eventType":"task_creation","step":"NOTIFY_CREATOR_SUCCESS","status":"SUCCESS","data":{"createdBy":"69f1b70ef22a552efa7865d8","notificationId":"69f1bdf6f22a552efa787990"},"processId":26552}
{"timestamp":"2026-04-29T08:14:46.769Z","eventType":"task_creation","step":"NOTIFICATION_COMPLETE","status":"SUCCESS","data":{"taskId":"69f1bdd4f22a552efa78775a","summary":{"assigneeNotifications":0,"collaboratorNotifications":0,"approverNotifications":0,"errors":0}},"processId":26552}
{"timestamp":"2026-04-29T08:14:46.769Z","eventType":"task_creation","step":"ENHANCED_NOTIFICATIONS_SENT","status":"SUCCESS","data":{"taskId":"69f1bdd4f22a552efa78775a","assigneeNotifications":0,"collaboratorNotifications":0,"approverNotifications":0,"errors":0},"processId":26552}
{"timestamp":"2026-04-29T08:15:16.014Z","eventType":"task_creation","step":"USING_ENHANCED_HELPER","status":"START","data":{"taskId":"69f1bde8f22a552efa7877c1","taskType":"recurring"},"processId":26552}
{"timestamp":"2026-04-29T08:15:16.015Z","eventType":"task_creation","step":"NOTIFICATION_START","status":"START","data":{"taskId":"69f1bde8f22a552efa7877c1","taskType":"recurring","title":"Testing recurring 1","createdBy":"69f1b70ef22a552efa7865d8","assignedTo":"69f1b70ef22a552efa7865d8","collaborators":0,"approvers":0},"processId":26552}
{"timestamp":"2026-04-29T08:15:16.015Z","eventType":"task_creation","step":"NOTIFY_ASSIGNEE_SKIPPED","status":"SKIP","data":{"reason":"Creator is assignee","createdBy":"69f1b70ef22a552efa7865d8","assignedTo":"69f1b70ef22a552efa7865d8"},"processId":26552}
{"timestamp":"2026-04-29T08:15:29.008Z","eventType":"task_creation","step":"NOTIFY_CREATOR_SUCCESS","status":"SUCCESS","data":{"createdBy":"69f1b70ef22a552efa7865d8","notificationId":"69f1be20f22a552efa787a1f"},"processId":26552}
{"timestamp":"2026-04-29T08:15:29.010Z","eventType":"task_creation","step":"NOTIFICATION_COMPLETE","status":"SUCCESS","data":{"taskId":"69f1bde8f22a552efa7877c1","summary":{"assigneeNotifications":0,"collaboratorNotifications":0,"approverNotifications":0,"errors":0}},"processId":26552}
{"timestamp":"2026-04-29T08:15:29.011Z","eventType":"task_creation","step":"ENHANCED_NOTIFICATIONS_SENT","status":"SUCCESS","data":{"taskId":"69f1bde8f22a552efa7877c1","assigneeNotifications":0,"collaboratorNotifications":0,"approverNotifications":0,"errors":0},"processId":26552}
{"timestamp":"2026-04-29T17:57:04.256Z","eventType":"task_creation","step":"USING_ENHANCED_HELPER","status":"START","data":{"taskId":"69f2466e3a7980fad483c06e","taskType":"regular"},"processId":18568}
{"timestamp":"2026-04-29T17:57:04.263Z","eventType":"task_creation","step":"NOTIFICATION_START","status":"START","data":{"taskId":"69f2466e3a7980fad483c06e","taskType":"regular","title":"Testing 1","createdBy":"69f1b70ef22a552efa7865d8","assignedTo":"69f1b70ef22a552efa7865d8","collaborators":0,"approvers":0},"processId":18568}
{"timestamp":"2026-04-29T17:57:04.265Z","eventType":"task_creation","step":"NOTIFY_ASSIGNEE_SKIPPED","status":"SKIP","data":{"reason":"Creator is assignee","createdBy":"69f1b70ef22a552efa7865d8","assignedTo":"69f1b70ef22a552efa7865d8"},"processId":18568}
{"timestamp":"2026-04-29T17:57:06.007Z","eventType":"task_creation","step":"NOTIFY_CREATOR_SUCCESS","status":"SUCCESS","data":{"createdBy":"69f1b70ef22a552efa7865d8","notificationId":"69f246713a7980fad483c07f"},"processId":18568}
{"timestamp":"2026-04-29T17:57:06.008Z","eventType":"task_creation","step":"NOTIFICATION_COMPLETE","status":"SUCCESS","data":{"taskId":"69f2466e3a7980fad483c06e","summary":{"assigneeNotifications":0,"collaboratorNotifications":0,"approverNotifications":0,"errors":0}},"processId":18568}
{"timestamp":"2026-04-29T17:57:06.009Z","eventType":"task_creation","step":"ENHANCED_NOTIFICATIONS_SENT","status":"SUCCESS","data":{"taskId":"69f2466e3a7980fad483c06e","assigneeNotifications":0,"collaboratorNotifications":0,"approverNotifications":0,"errors":0},"processId":18568}
