{"timestamp":"2026-05-23T03:50:24.305Z","eventType":"task_creation","step":"USING_ENHANCED_HELPER","status":"START","data":{"taskId":"6a1123fe351640dc1e8f6037","taskType":"approval"},"processId":23788}
{"timestamp":"2026-05-23T03:50:24.314Z","eventType":"task_creation","step":"NOTIFICATION_START","status":"START","data":{"taskId":"6a1123fe351640dc1e8f6037","taskType":"approval","title":"final approval testing","createdBy":"69f1b70ef22a552efa7865d8","assignedTo":"69f1b70ef22a552efa7865d8","collaborators":0,"approvers":2},"processId":23788}
{"timestamp":"2026-05-23T03:50:24.320Z","eventType":"task_creation","step":"NOTIFY_ASSIGNEE_SKIPPED","status":"SKIP","data":{"reason":"Creator is assignee","createdBy":"69f1b70ef22a552efa7865d8","assignedTo":"69f1b70ef22a552efa7865d8"},"processId":23788}
{"timestamp":"2026-05-23T03:50:25.206Z","eventType":"task_creation","step":"NOTIFY_CREATOR_SUCCESS","status":"SUCCESS","data":{"createdBy":"69f1b70ef22a552efa7865d8","notificationId":"6a112401351640dc1e8f6052"},"processId":23788}
{"timestamp":"2026-05-23T03:50:25.208Z","eventType":"task_creation","step":"NOTIFY_APPROVERS_START","status":"PROGRESS","data":{"approverCount":2,"taskId":"6a1123fe351640dc1e8f6037","approvalMode":"any"},"processId":23788}
{"timestamp":"2026-05-23T03:50:25.630Z","eventType":"task_creation","step":"NOTIFY_APPROVER_SUCCESS","status":"SUCCESS","data":{"approverId":"69f1a9f4cef05240117bd5b8","index":1,"notificationId":"6a112401351640dc1e8f6067"},"processId":23788}
{"timestamp":"2026-05-23T03:50:26.074Z","eventType":"task_creation","step":"NOTIFY_APPROVER_SUCCESS","status":"SUCCESS","data":{"approverId":"69f1ea6824bbc693a12da7da","index":2,"notificationId":"6a112402351640dc1e8f607f"},"processId":23788}
{"timestamp":"2026-05-23T03:50:26.077Z","eventType":"task_creation","step":"NOTIFICATION_COMPLETE","status":"SUCCESS","data":{"taskId":"6a1123fe351640dc1e8f6037","summary":{"assigneeNotifications":0,"collaboratorNotifications":0,"approverNotifications":2,"errors":0}},"processId":23788}
{"timestamp":"2026-05-23T03:50:26.079Z","eventType":"task_creation","step":"ENHANCED_NOTIFICATIONS_SENT","status":"SUCCESS","data":{"taskId":"6a1123fe351640dc1e8f6037","assigneeNotifications":0,"collaboratorNotifications":0,"approverNotifications":2,"errors":0},"processId":23788}
{"timestamp":"2026-05-23T03:50:26.837Z","eventType":"task_creation","step":"USING_ENHANCED_HELPER","status":"START","data":{"taskId":"6a112401351640dc1e8f607c","taskType":"approval"},"processId":23788}
{"timestamp":"2026-05-23T03:50:26.839Z","eventType":"task_creation","step":"NOTIFICATION_START","status":"START","data":{"taskId":"6a112401351640dc1e8f607c","taskType":"approval","title":"final approval testing","createdBy":"69f1b70ef22a552efa7865d8","assignedTo":"69f1b70ef22a552efa7865d8","collaborators":0,"approvers":2},"processId":23788}
{"timestamp":"2026-05-23T03:50:26.842Z","eventType":"task_creation","step":"NOTIFY_ASSIGNEE_SKIPPED","status":"SKIP","data":{"reason":"Creator is assignee","createdBy":"69f1b70ef22a552efa7865d8","assignedTo":"69f1b70ef22a552efa7865d8"},"processId":23788}
{"timestamp":"2026-05-23T03:50:27.412Z","eventType":"task_creation","step":"NOTIFY_CREATOR_SUCCESS","status":"SUCCESS","data":{"createdBy":"69f1b70ef22a552efa7865d8","notificationId":"6a112403351640dc1e8f60ba"},"processId":23788}
{"timestamp":"2026-05-23T03:50:27.417Z","eventType":"task_creation","step":"NOTIFY_APPROVERS_START","status":"PROGRESS","data":{"approverCount":2,"taskId":"6a112401351640dc1e8f607c","approvalMode":"any"},"processId":23788}
{"timestamp":"2026-05-23T03:50:27.900Z","eventType":"task_creation","step":"NOTIFY_APPROVER_SUCCESS","status":"SUCCESS","data":{"approverId":"69f1a9f4cef05240117bd5b8","index":1,"notificationId":"6a112403351640dc1e8f60dc"},"processId":23788}
{"timestamp":"2026-05-23T03:50:28.368Z","eventType":"task_creation","step":"NOTIFY_APPROVER_SUCCESS","status":"SUCCESS","data":{"approverId":"69f1ea6824bbc693a12da7da","index":2,"notificationId":"6a112404351640dc1e8f60f5"},"processId":23788}
{"timestamp":"2026-05-23T03:50:28.372Z","eventType":"task_creation","step":"NOTIFICATION_COMPLETE","status":"SUCCESS","data":{"taskId":"6a112401351640dc1e8f607c","summary":{"assigneeNotifications":0,"collaboratorNotifications":0,"approverNotifications":2,"errors":0}},"processId":23788}
{"timestamp":"2026-05-23T03:50:28.375Z","eventType":"task_creation","step":"ENHANCED_NOTIFICATIONS_SENT","status":"SUCCESS","data":{"taskId":"6a112401351640dc1e8f607c","assigneeNotifications":0,"collaboratorNotifications":0,"approverNotifications":2,"errors":0},"processId":23788}
{"timestamp":"2026-05-23T03:50:28.743Z","eventType":"task_creation","step":"USING_ENHANCED_HELPER","status":"START","data":{"taskId":"6a112403351640dc1e8f60d7","taskType":"approval"},"processId":23788}
{"timestamp":"2026-05-23T03:50:28.744Z","eventType":"task_creation","step":"NOTIFICATION_START","status":"START","data":{"taskId":"6a112403351640dc1e8f60d7","taskType":"approval","title":"final approval testing","createdBy":"69f1b70ef22a552efa7865d8","assignedTo":"69f1b70ef22a552efa7865d8","collaborators":0,"approvers":2},"processId":23788}
{"timestamp":"2026-05-23T03:50:28.744Z","eventType":"task_creation","step":"NOTIFY_ASSIGNEE_SKIPPED","status":"SKIP","data":{"reason":"Creator is assignee","createdBy":"69f1b70ef22a552efa7865d8","assignedTo":"69f1b70ef22a552efa7865d8"},"processId":23788}
{"timestamp":"2026-05-23T03:50:29.264Z","eventType":"task_creation","step":"NOTIFY_CREATOR_SUCCESS","status":"SUCCESS","data":{"createdBy":"69f1b70ef22a552efa7865d8","notificationId":"6a112405351640dc1e8f612d"},"processId":23788}
{"timestamp":"2026-05-23T03:50:29.268Z","eventType":"task_creation","step":"NOTIFY_APPROVERS_START","status":"PROGRESS","data":{"approverCount":2,"taskId":"6a112403351640dc1e8f60d7","approvalMode":"any"},"processId":23788}
{"timestamp":"2026-05-23T03:50:29.721Z","eventType":"task_creation","step":"NOTIFY_APPROVER_SUCCESS","status":"SUCCESS","data":{"approverId":"69f1a9f4cef05240117bd5b8","index":1,"notificationId":"6a112405351640dc1e8f614a"},"processId":23788}
{"timestamp":"2026-05-23T03:50:30.188Z","eventType":"task_creation","step":"NOTIFY_APPROVER_SUCCESS","status":"SUCCESS","data":{"approverId":"69f1ea6824bbc693a12da7da","index":2,"notificationId":"6a112406351640dc1e8f6166"},"processId":23788}
{"timestamp":"2026-05-23T03:50:30.192Z","eventType":"task_creation","step":"NOTIFICATION_COMPLETE","status":"SUCCESS","data":{"taskId":"6a112403351640dc1e8f60d7","summary":{"assigneeNotifications":0,"collaboratorNotifications":0,"approverNotifications":2,"errors":0}},"processId":23788}
{"timestamp":"2026-05-23T03:50:30.196Z","eventType":"task_creation","step":"ENHANCED_NOTIFICATIONS_SENT","status":"SUCCESS","data":{"taskId":"6a112403351640dc1e8f60d7","assigneeNotifications":0,"collaboratorNotifications":0,"approverNotifications":2,"errors":0},"processId":23788}
{"timestamp":"2026-05-23T07:40:44.312Z","eventType":"task_creation","step":"USING_ENHANCED_HELPER","status":"START","data":{"taskId":"6a1159fb85ef6068ee13c43e","taskType":"approval"},"processId":6828}
{"timestamp":"2026-05-23T07:40:44.321Z","eventType":"task_creation","step":"NOTIFICATION_START","status":"START","data":{"taskId":"6a1159fb85ef6068ee13c43e","taskType":"approval","title":"approval task by ayush","createdBy":"69f1b70ef22a552efa7865d8","assignedTo":"69f1b70ef22a552efa7865d8","collaborators":0,"approvers":1},"processId":6828}
{"timestamp":"2026-05-23T07:40:44.322Z","eventType":"task_creation","step":"NOTIFY_ASSIGNEE_SKIPPED","status":"SKIP","data":{"reason":"Creator is assignee","createdBy":"69f1b70ef22a552efa7865d8","assignedTo":"69f1b70ef22a552efa7865d8"},"processId":6828}
{"timestamp":"2026-05-23T07:40:44.684Z","eventType":"task_creation","step":"NOTIFY_CREATOR_SUCCESS","status":"SUCCESS","data":{"createdBy":"69f1b70ef22a552efa7865d8","notificationId":"6a1159fc85ef6068ee13c458"},"processId":6828}
{"timestamp":"2026-05-23T07:40:44.685Z","eventType":"task_creation","step":"NOTIFY_APPROVERS_START","status":"PROGRESS","data":{"approverCount":1,"taskId":"6a1159fb85ef6068ee13c43e","approvalMode":"any"},"processId":6828}
{"timestamp":"2026-05-23T07:40:44.997Z","eventType":"task_creation","step":"NOTIFY_APPROVER_SUCCESS","status":"SUCCESS","data":{"approverId":"69f1a9f4cef05240117bd5b8","index":1,"notificationId":"6a1159fc85ef6068ee13c465"},"processId":6828}
{"timestamp":"2026-05-23T07:40:45.005Z","eventType":"task_creation","step":"NOTIFICATION_COMPLETE","status":"SUCCESS","data":{"taskId":"6a1159fb85ef6068ee13c43e","summary":{"assigneeNotifications":0,"collaboratorNotifications":0,"approverNotifications":1,"errors":0}},"processId":6828}
{"timestamp":"2026-05-23T07:40:45.006Z","eventType":"task_creation","step":"ENHANCED_NOTIFICATIONS_SENT","status":"SUCCESS","data":{"taskId":"6a1159fb85ef6068ee13c43e","assigneeNotifications":0,"collaboratorNotifications":0,"approverNotifications":1,"errors":0},"processId":6828}
{"timestamp":"2026-05-23T08:19:59.423Z","eventType":"task_creation","step":"USING_ENHANCED_HELPER","status":"START","data":{"taskId":"6a11632f85ef6068ee14110e","taskType":"regular"},"processId":6828}
{"timestamp":"2026-05-23T08:19:59.425Z","eventType":"task_creation","step":"NOTIFICATION_START","status":"START","data":{"taskId":"6a11632f85ef6068ee14110e","taskType":"regular","title":"regular task","createdBy":"69f1ea6824bbc693a12da7da","assignedTo":"69f1ea6824bbc693a12da7da","collaborators":0,"approvers":0},"processId":6828}
{"timestamp":"2026-05-23T08:19:59.426Z","eventType":"task_creation","step":"NOTIFY_ASSIGNEE_SKIPPED","status":"SKIP","data":{"reason":"Creator is assignee","createdBy":"69f1ea6824bbc693a12da7da","assignedTo":"69f1ea6824bbc693a12da7da"},"processId":6828}
{"timestamp":"2026-05-23T08:19:59.773Z","eventType":"task_creation","step":"NOTIFY_CREATOR_SUCCESS","status":"SUCCESS","data":{"createdBy":"69f1ea6824bbc693a12da7da","notificationId":"6a11632f85ef6068ee14111e"},"processId":6828}
{"timestamp":"2026-05-23T08:19:59.774Z","eventType":"task_creation","step":"NOTIFICATION_COMPLETE","status":"SUCCESS","data":{"taskId":"6a11632f85ef6068ee14110e","summary":{"assigneeNotifications":0,"collaboratorNotifications":0,"approverNotifications":0,"errors":0}},"processId":6828}
{"timestamp":"2026-05-23T08:19:59.775Z","eventType":"task_creation","step":"ENHANCED_NOTIFICATIONS_SENT","status":"SUCCESS","data":{"taskId":"6a11632f85ef6068ee14110e","assigneeNotifications":0,"collaboratorNotifications":0,"approverNotifications":0,"errors":0},"processId":6828}
