{"timestamp":"2026-05-28T05:39:59.873Z","eventType":"task_creation","step":"USING_ENHANCED_HELPER","status":"START","data":{"taskId":"6a17d52e0046327c455395a8","taskType":"approval"},"processId":4276}
{"timestamp":"2026-05-28T05:39:59.893Z","eventType":"task_creation","step":"NOTIFICATION_START","status":"START","data":{"taskId":"6a17d52e0046327c455395a8","taskType":"approval","title":"Any one approval testing by manager","createdBy":"69f1ea6824bbc693a12da7da","assignedTo":"69f1ea6824bbc693a12da7da","collaborators":0,"approvers":2},"processId":4276}
{"timestamp":"2026-05-28T05:39:59.894Z","eventType":"task_creation","step":"NOTIFY_ASSIGNEE_SKIPPED","status":"SKIP","data":{"reason":"Creator is assignee","createdBy":"69f1ea6824bbc693a12da7da","assignedTo":"69f1ea6824bbc693a12da7da"},"processId":4276}
{"timestamp":"2026-05-28T05:40:00.234Z","eventType":"task_creation","step":"NOTIFY_CREATOR_SUCCESS","status":"SUCCESS","data":{"createdBy":"69f1ea6824bbc693a12da7da","notificationId":"6a17d5300046327c455395c1"},"processId":4276}
{"timestamp":"2026-05-28T05:40:00.235Z","eventType":"task_creation","step":"NOTIFY_APPROVERS_START","status":"PROGRESS","data":{"approverCount":2,"taskId":"6a17d52e0046327c455395a8","approvalMode":"any"},"processId":4276}
{"timestamp":"2026-05-28T05:40:00.596Z","eventType":"task_creation","step":"NOTIFY_APPROVER_SUCCESS","status":"SUCCESS","data":{"approverId":"69f1a9f4cef05240117bd5b8","index":1,"notificationId":"6a17d5300046327c455395c9"},"processId":4276}
{"timestamp":"2026-05-28T05:40:00.985Z","eventType":"task_creation","step":"NOTIFY_APPROVER_SUCCESS","status":"SUCCESS","data":{"approverId":"69f1b70ef22a552efa7865d8","index":2,"notificationId":"6a17d5300046327c455395d2"},"processId":4276}
{"timestamp":"2026-05-28T05:40:00.986Z","eventType":"task_creation","step":"NOTIFICATION_COMPLETE","status":"SUCCESS","data":{"taskId":"6a17d52e0046327c455395a8","summary":{"assigneeNotifications":0,"collaboratorNotifications":0,"approverNotifications":2,"errors":0}},"processId":4276}
{"timestamp":"2026-05-28T05:40:00.987Z","eventType":"task_creation","step":"ENHANCED_NOTIFICATIONS_SENT","status":"SUCCESS","data":{"taskId":"6a17d52e0046327c455395a8","assigneeNotifications":0,"collaboratorNotifications":0,"approverNotifications":2,"errors":0},"processId":4276}
{"timestamp":"2026-05-28T05:42:20.550Z","eventType":"task_creation","step":"USING_ENHANCED_HELPER","status":"START","data":{"taskId":"6a17d5bb0046327c4553a890","taskType":"approval"},"processId":4276}
{"timestamp":"2026-05-28T05:42:20.553Z","eventType":"task_creation","step":"NOTIFICATION_START","status":"START","data":{"taskId":"6a17d5bb0046327c4553a890","taskType":"approval","title":"All must approver approval testing by manager","createdBy":"69f1ea6824bbc693a12da7da","assignedTo":"69f1ea6824bbc693a12da7da","collaborators":0,"approvers":2},"processId":4276}
{"timestamp":"2026-05-28T05:42:20.553Z","eventType":"task_creation","step":"NOTIFY_ASSIGNEE_SKIPPED","status":"SKIP","data":{"reason":"Creator is assignee","createdBy":"69f1ea6824bbc693a12da7da","assignedTo":"69f1ea6824bbc693a12da7da"},"processId":4276}
{"timestamp":"2026-05-28T05:42:20.984Z","eventType":"task_creation","step":"NOTIFY_CREATOR_SUCCESS","status":"SUCCESS","data":{"createdBy":"69f1ea6824bbc693a12da7da","notificationId":"6a17d5bc0046327c4553a8a8"},"processId":4276}
{"timestamp":"2026-05-28T05:42:20.985Z","eventType":"task_creation","step":"NOTIFY_APPROVERS_START","status":"PROGRESS","data":{"approverCount":2,"taskId":"6a17d5bb0046327c4553a890","approvalMode":"all"},"processId":4276}
{"timestamp":"2026-05-28T05:42:21.313Z","eventType":"task_creation","step":"NOTIFY_APPROVER_SUCCESS","status":"SUCCESS","data":{"approverId":"69f1a9f4cef05240117bd5b8","index":1,"notificationId":"6a17d5bd0046327c4553a8b0"},"processId":4276}
{"timestamp":"2026-05-28T05:42:21.735Z","eventType":"task_creation","step":"NOTIFY_APPROVER_SUCCESS","status":"SUCCESS","data":{"approverId":"69f1b70ef22a552efa7865d8","index":2,"notificationId":"6a17d5bd0046327c4553a8b9"},"processId":4276}
{"timestamp":"2026-05-28T05:42:21.735Z","eventType":"task_creation","step":"NOTIFICATION_COMPLETE","status":"SUCCESS","data":{"taskId":"6a17d5bb0046327c4553a890","summary":{"assigneeNotifications":0,"collaboratorNotifications":0,"approverNotifications":2,"errors":0}},"processId":4276}
{"timestamp":"2026-05-28T05:42:21.736Z","eventType":"task_creation","step":"ENHANCED_NOTIFICATIONS_SENT","status":"SUCCESS","data":{"taskId":"6a17d5bb0046327c4553a890","assigneeNotifications":0,"collaboratorNotifications":0,"approverNotifications":2,"errors":0},"processId":4276}
{"timestamp":"2026-05-28T05:45:16.841Z","eventType":"task_creation","step":"USING_ENHANCED_HELPER","status":"START","data":{"taskId":"6a17d66b0046327c4553aa59","taskType":"approval"},"processId":4276}
{"timestamp":"2026-05-28T05:45:16.843Z","eventType":"task_creation","step":"NOTIFICATION_START","status":"START","data":{"taskId":"6a17d66b0046327c4553aa59","taskType":"approval","title":"Sequential approval testing by manager","createdBy":"69f1ea6824bbc693a12da7da","assignedTo":"69f1ea6824bbc693a12da7da","collaborators":0,"approvers":2},"processId":4276}
{"timestamp":"2026-05-28T05:45:16.844Z","eventType":"task_creation","step":"NOTIFY_ASSIGNEE_SKIPPED","status":"SKIP","data":{"reason":"Creator is assignee","createdBy":"69f1ea6824bbc693a12da7da","assignedTo":"69f1ea6824bbc693a12da7da"},"processId":4276}
{"timestamp":"2026-05-28T05:45:17.721Z","eventType":"task_creation","step":"NOTIFY_CREATOR_SUCCESS","status":"SUCCESS","data":{"createdBy":"69f1ea6824bbc693a12da7da","notificationId":"6a17d66d0046327c4553aa71"},"processId":4276}
{"timestamp":"2026-05-28T05:45:17.722Z","eventType":"task_creation","step":"NOTIFY_APPROVERS_START","status":"PROGRESS","data":{"approverCount":2,"taskId":"6a17d66b0046327c4553aa59","approvalMode":"any"},"processId":4276}
{"timestamp":"2026-05-28T05:45:18.127Z","eventType":"task_creation","step":"NOTIFY_APPROVER_SUCCESS","status":"SUCCESS","data":{"approverId":"69f1a9f4cef05240117bd5b8","index":1,"notificationId":"6a17d66e0046327c4553aa79"},"processId":4276}
{"timestamp":"2026-05-28T05:45:18.534Z","eventType":"task_creation","step":"NOTIFY_APPROVER_SUCCESS","status":"SUCCESS","data":{"approverId":"69f1b70ef22a552efa7865d8","index":2,"notificationId":"6a17d66e0046327c4553aa82"},"processId":4276}
{"timestamp":"2026-05-28T05:45:18.535Z","eventType":"task_creation","step":"NOTIFICATION_COMPLETE","status":"SUCCESS","data":{"taskId":"6a17d66b0046327c4553aa59","summary":{"assigneeNotifications":0,"collaboratorNotifications":0,"approverNotifications":2,"errors":0}},"processId":4276}
{"timestamp":"2026-05-28T05:45:18.535Z","eventType":"task_creation","step":"ENHANCED_NOTIFICATIONS_SENT","status":"SUCCESS","data":{"taskId":"6a17d66b0046327c4553aa59","assigneeNotifications":0,"collaboratorNotifications":0,"approverNotifications":2,"errors":0},"processId":4276}
{"timestamp":"2026-05-28T05:47:05.313Z","eventType":"task_creation","step":"USING_ENHANCED_HELPER","status":"START","data":{"taskId":"6a17d6d80046327c4553ace6","taskType":"approval"},"processId":4276}
{"timestamp":"2026-05-28T05:47:05.314Z","eventType":"task_creation","step":"NOTIFICATION_START","status":"START","data":{"taskId":"6a17d6d80046327c4553ace6","taskType":"approval","title":"Sequential approval testing by manager","createdBy":"69f1ea6824bbc693a12da7da","assignedTo":"69f1ea6824bbc693a12da7da","collaborators":0,"approvers":2},"processId":4276}
{"timestamp":"2026-05-28T05:47:05.314Z","eventType":"task_creation","step":"NOTIFY_ASSIGNEE_SKIPPED","status":"SKIP","data":{"reason":"Creator is assignee","createdBy":"69f1ea6824bbc693a12da7da","assignedTo":"69f1ea6824bbc693a12da7da"},"processId":4276}
{"timestamp":"2026-05-28T05:47:05.701Z","eventType":"task_creation","step":"NOTIFY_CREATOR_SUCCESS","status":"SUCCESS","data":{"createdBy":"69f1ea6824bbc693a12da7da","notificationId":"6a17d6d90046327c4553ad04"},"processId":4276}
{"timestamp":"2026-05-28T05:47:05.705Z","eventType":"task_creation","step":"NOTIFY_APPROVERS_START","status":"PROGRESS","data":{"approverCount":2,"taskId":"6a17d6d80046327c4553ace6","approvalMode":"sequential"},"processId":4276}
{"timestamp":"2026-05-28T05:47:06.154Z","eventType":"task_creation","step":"NOTIFY_FIRST_APPROVER_SUCCESS","status":"SUCCESS","data":{"approverId":"69f1b70ef22a552efa7865d8","order":1,"notificationId":"6a17d6da0046327c4553ad0d"},"processId":4276}
{"timestamp":"2026-05-28T05:47:06.155Z","eventType":"task_creation","step":"NOTIFICATION_COMPLETE","status":"SUCCESS","data":{"taskId":"6a17d6d80046327c4553ace6","summary":{"assigneeNotifications":0,"collaboratorNotifications":0,"approverNotifications":1,"errors":0}},"processId":4276}
{"timestamp":"2026-05-28T05:47:06.156Z","eventType":"task_creation","step":"ENHANCED_NOTIFICATIONS_SENT","status":"SUCCESS","data":{"taskId":"6a17d6d80046327c4553ace6","assigneeNotifications":0,"collaboratorNotifications":0,"approverNotifications":1,"errors":0},"processId":4276}
{"timestamp":"2026-05-28T05:58:31.810Z","eventType":"task_creation","step":"USING_ENHANCED_HELPER","status":"START","data":{"taskId":"6a17d9870046327c4553bbd7","taskType":"approval"},"processId":4276}
{"timestamp":"2026-05-28T05:58:31.812Z","eventType":"task_creation","step":"NOTIFICATION_START","status":"START","data":{"taskId":"6a17d9870046327c4553bbd7","taskType":"approval","title":"Any one approval testing by Org admin","createdBy":"69f1a9f4cef05240117bd5b8","assignedTo":"69f1a9f4cef05240117bd5b8","collaborators":0,"approvers":2},"processId":4276}
{"timestamp":"2026-05-28T05:58:31.813Z","eventType":"task_creation","step":"NOTIFY_ASSIGNEE_SKIPPED","status":"SKIP","data":{"reason":"Creator is assignee","createdBy":"69f1a9f4cef05240117bd5b8","assignedTo":"69f1a9f4cef05240117bd5b8"},"processId":4276}
{"timestamp":"2026-05-28T05:58:32.183Z","eventType":"task_creation","step":"NOTIFY_CREATOR_SUCCESS","status":"SUCCESS","data":{"createdBy":"69f1a9f4cef05240117bd5b8","notificationId":"6a17d9880046327c4553bbef"},"processId":4276}
{"timestamp":"2026-05-28T05:58:32.186Z","eventType":"task_creation","step":"NOTIFY_APPROVERS_START","status":"PROGRESS","data":{"approverCount":2,"taskId":"6a17d9870046327c4553bbd7","approvalMode":"any"},"processId":4276}
{"timestamp":"2026-05-28T05:58:32.656Z","eventType":"task_creation","step":"NOTIFY_APPROVER_SUCCESS","status":"SUCCESS","data":{"approverId":"69f1b70ef22a552efa7865d8","index":1,"notificationId":"6a17d9880046327c4553bbfb"},"processId":4276}
{"timestamp":"2026-05-28T05:58:33.312Z","eventType":"task_creation","step":"NOTIFY_APPROVER_SUCCESS","status":"SUCCESS","data":{"approverId":"69f1ea6824bbc693a12da7da","index":2,"notificationId":"6a17d9890046327c4553bc0d"},"processId":4276}
{"timestamp":"2026-05-28T05:58:33.313Z","eventType":"task_creation","step":"NOTIFICATION_COMPLETE","status":"SUCCESS","data":{"taskId":"6a17d9870046327c4553bbd7","summary":{"assigneeNotifications":0,"collaboratorNotifications":0,"approverNotifications":2,"errors":0}},"processId":4276}
{"timestamp":"2026-05-28T05:58:33.313Z","eventType":"task_creation","step":"ENHANCED_NOTIFICATIONS_SENT","status":"SUCCESS","data":{"taskId":"6a17d9870046327c4553bbd7","assigneeNotifications":0,"collaboratorNotifications":0,"approverNotifications":2,"errors":0},"processId":4276}
{"timestamp":"2026-05-28T05:59:18.574Z","eventType":"task_creation","step":"USING_ENHANCED_HELPER","status":"START","data":{"taskId":"6a17d9b50046327c4553bcd4","taskType":"approval"},"processId":4276}
{"timestamp":"2026-05-28T05:59:18.577Z","eventType":"task_creation","step":"NOTIFICATION_START","status":"START","data":{"taskId":"6a17d9b50046327c4553bcd4","taskType":"approval","title":"All must approver approval testing by Org admin","createdBy":"69f1a9f4cef05240117bd5b8","assignedTo":"69f1a9f4cef05240117bd5b8","collaborators":0,"approvers":2},"processId":4276}
{"timestamp":"2026-05-28T05:59:18.578Z","eventType":"task_creation","step":"NOTIFY_ASSIGNEE_SKIPPED","status":"SKIP","data":{"reason":"Creator is assignee","createdBy":"69f1a9f4cef05240117bd5b8","assignedTo":"69f1a9f4cef05240117bd5b8"},"processId":4276}
{"timestamp":"2026-05-28T05:59:19.071Z","eventType":"task_creation","step":"NOTIFY_CREATOR_SUCCESS","status":"SUCCESS","data":{"createdBy":"69f1a9f4cef05240117bd5b8","notificationId":"6a17d9b60046327c4553bcf1"},"processId":4276}
{"timestamp":"2026-05-28T05:59:19.074Z","eventType":"task_creation","step":"NOTIFY_APPROVERS_START","status":"PROGRESS","data":{"approverCount":2,"taskId":"6a17d9b50046327c4553bcd4","approvalMode":"all"},"processId":4276}
{"timestamp":"2026-05-28T05:59:19.579Z","eventType":"task_creation","step":"NOTIFY_APPROVER_SUCCESS","status":"SUCCESS","data":{"approverId":"69f1ea6824bbc693a12da7da","index":1,"notificationId":"6a17d9b70046327c4553bcf9"},"processId":4276}
{"timestamp":"2026-05-28T05:59:20.144Z","eventType":"task_creation","step":"NOTIFY_APPROVER_SUCCESS","status":"SUCCESS","data":{"approverId":"69f1b70ef22a552efa7865d8","index":2,"notificationId":"6a17d9b80046327c4553bd02"},"processId":4276}
{"timestamp":"2026-05-28T05:59:20.146Z","eventType":"task_creation","step":"NOTIFICATION_COMPLETE","status":"SUCCESS","data":{"taskId":"6a17d9b50046327c4553bcd4","summary":{"assigneeNotifications":0,"collaboratorNotifications":0,"approverNotifications":2,"errors":0}},"processId":4276}
{"timestamp":"2026-05-28T05:59:20.148Z","eventType":"task_creation","step":"ENHANCED_NOTIFICATIONS_SENT","status":"SUCCESS","data":{"taskId":"6a17d9b50046327c4553bcd4","assigneeNotifications":0,"collaboratorNotifications":0,"approverNotifications":2,"errors":0},"processId":4276}
{"timestamp":"2026-05-28T06:00:10.369Z","eventType":"task_creation","step":"USING_ENHANCED_HELPER","status":"START","data":{"taskId":"6a17d9e90046327c4553bdd6","taskType":"approval"},"processId":4276}
{"timestamp":"2026-05-28T06:00:10.369Z","eventType":"task_creation","step":"NOTIFICATION_START","status":"START","data":{"taskId":"6a17d9e90046327c4553bdd6","taskType":"approval","title":"Sequential approval testing by Org admin","createdBy":"69f1a9f4cef05240117bd5b8","assignedTo":"69f1a9f4cef05240117bd5b8","collaborators":0,"approvers":2},"processId":4276}
{"timestamp":"2026-05-28T06:00:10.369Z","eventType":"task_creation","step":"NOTIFY_ASSIGNEE_SKIPPED","status":"SKIP","data":{"reason":"Creator is assignee","createdBy":"69f1a9f4cef05240117bd5b8","assignedTo":"69f1a9f4cef05240117bd5b8"},"processId":4276}
{"timestamp":"2026-05-28T06:00:10.882Z","eventType":"task_creation","step":"NOTIFY_CREATOR_SUCCESS","status":"SUCCESS","data":{"createdBy":"69f1a9f4cef05240117bd5b8","notificationId":"6a17d9ea0046327c4553bdf4"},"processId":4276}
{"timestamp":"2026-05-28T06:00:10.883Z","eventType":"task_creation","step":"NOTIFY_APPROVERS_START","status":"PROGRESS","data":{"approverCount":2,"taskId":"6a17d9e90046327c4553bdd6","approvalMode":"sequential"},"processId":4276}
{"timestamp":"2026-05-28T06:00:11.607Z","eventType":"task_creation","step":"NOTIFY_FIRST_APPROVER_SUCCESS","status":"SUCCESS","data":{"approverId":"69f1b70ef22a552efa7865d8","order":1,"notificationId":"6a17d9eb0046327c4553bdfd"},"processId":4276}
{"timestamp":"2026-05-28T06:00:11.609Z","eventType":"task_creation","step":"NOTIFICATION_COMPLETE","status":"SUCCESS","data":{"taskId":"6a17d9e90046327c4553bdd6","summary":{"assigneeNotifications":0,"collaboratorNotifications":0,"approverNotifications":1,"errors":0}},"processId":4276}
{"timestamp":"2026-05-28T06:00:11.612Z","eventType":"task_creation","step":"ENHANCED_NOTIFICATIONS_SENT","status":"SUCCESS","data":{"taskId":"6a17d9e90046327c4553bdd6","assigneeNotifications":0,"collaboratorNotifications":0,"approverNotifications":1,"errors":0},"processId":4276}
