{"timestamp":"2026-06-12T07:53:32.421Z","eventType":"task_creation","step":"USING_ENHANCED_HELPER","status":"START","data":{"taskId":"6a2bbafbcd6fd27c546767c0","taskType":"regular"},"processId":15252}
{"timestamp":"2026-06-12T07:53:32.432Z","eventType":"task_creation","step":"NOTIFICATION_START","status":"START","data":{"taskId":"6a2bbafbcd6fd27c546767c0","taskType":"regular","title":"final testinng for date and time","createdBy":"69f85d924b4a527968d7e69e","assignedTo":"69f85d924b4a527968d7e69e","collaborators":0,"approvers":0},"processId":15252}
{"timestamp":"2026-06-12T07:53:32.434Z","eventType":"task_creation","step":"NOTIFY_ASSIGNEE_SKIPPED","status":"SKIP","data":{"reason":"Creator is assignee","createdBy":"69f85d924b4a527968d7e69e","assignedTo":"69f85d924b4a527968d7e69e"},"processId":15252}
{"timestamp":"2026-06-12T07:53:32.832Z","eventType":"task_creation","step":"NOTIFY_CREATOR_SUCCESS","status":"SUCCESS","data":{"createdBy":"69f85d924b4a527968d7e69e","notificationId":"6a2bbafccd6fd27c546767d1"},"processId":15252}
{"timestamp":"2026-06-12T07:53:32.834Z","eventType":"task_creation","step":"NOTIFICATION_COMPLETE","status":"SUCCESS","data":{"taskId":"6a2bbafbcd6fd27c546767c0","summary":{"assigneeNotifications":0,"collaboratorNotifications":0,"approverNotifications":0,"errors":0}},"processId":15252}
{"timestamp":"2026-06-12T07:53:32.836Z","eventType":"task_creation","step":"ENHANCED_NOTIFICATIONS_SENT","status":"SUCCESS","data":{"taskId":"6a2bbafbcd6fd27c546767c0","assigneeNotifications":0,"collaboratorNotifications":0,"approverNotifications":0,"errors":0},"processId":15252}
{"timestamp":"2026-06-12T08:11:52.635Z","eventType":"task_creation","step":"USING_ENHANCED_HELPER","status":"START","data":{"taskId":"6a2bbf47a10ed59e9b9fafcd","taskType":"recurring"},"processId":5960}
{"timestamp":"2026-06-12T08:11:52.639Z","eventType":"task_creation","step":"NOTIFICATION_START","status":"START","data":{"taskId":"6a2bbf47a10ed59e9b9fafcd","taskType":"recurring","title":"recurrig task testing","createdBy":"69f85d924b4a527968d7e69e","assignedTo":"69f85d924b4a527968d7e69e","collaborators":0,"approvers":0},"processId":5960}
{"timestamp":"2026-06-12T08:11:52.640Z","eventType":"task_creation","step":"NOTIFY_ASSIGNEE_SKIPPED","status":"SKIP","data":{"reason":"Creator is assignee","createdBy":"69f85d924b4a527968d7e69e","assignedTo":"69f85d924b4a527968d7e69e"},"processId":5960}
{"timestamp":"2026-06-12T08:11:52.996Z","eventType":"task_creation","step":"NOTIFY_CREATOR_SUCCESS","status":"SUCCESS","data":{"createdBy":"69f85d924b4a527968d7e69e","notificationId":"6a2bbf48a10ed59e9b9faff3"},"processId":5960}
{"timestamp":"2026-06-12T08:11:52.998Z","eventType":"task_creation","step":"NOTIFICATION_COMPLETE","status":"SUCCESS","data":{"taskId":"6a2bbf47a10ed59e9b9fafcd","summary":{"assigneeNotifications":0,"collaboratorNotifications":0,"approverNotifications":0,"errors":0}},"processId":5960}
{"timestamp":"2026-06-12T08:11:52.998Z","eventType":"task_creation","step":"ENHANCED_NOTIFICATIONS_SENT","status":"SUCCESS","data":{"taskId":"6a2bbf47a10ed59e9b9fafcd","assigneeNotifications":0,"collaboratorNotifications":0,"approverNotifications":0,"errors":0},"processId":5960}
{"timestamp":"2026-06-12T08:31:57.416Z","eventType":"task_creation","step":"USING_ENHANCED_HELPER","status":"START","data":{"taskId":"6a2bc3fc1b6d7e88b0fef847","taskType":"recurring"},"processId":2248}
{"timestamp":"2026-06-12T08:31:57.428Z","eventType":"task_creation","step":"NOTIFICATION_START","status":"START","data":{"taskId":"6a2bc3fc1b6d7e88b0fef847","taskType":"recurring","title":"final recurirng testing","createdBy":"69f85d924b4a527968d7e69e","assignedTo":"69f85d924b4a527968d7e69e","collaborators":0,"approvers":0},"processId":2248}
{"timestamp":"2026-06-12T08:31:57.436Z","eventType":"task_creation","step":"NOTIFY_ASSIGNEE_SKIPPED","status":"SKIP","data":{"reason":"Creator is assignee","createdBy":"69f85d924b4a527968d7e69e","assignedTo":"69f85d924b4a527968d7e69e"},"processId":2248}
{"timestamp":"2026-06-12T08:31:57.965Z","eventType":"task_creation","step":"NOTIFY_CREATOR_SUCCESS","status":"SUCCESS","data":{"createdBy":"69f85d924b4a527968d7e69e","notificationId":"6a2bc3fd1b6d7e88b0fef863"},"processId":2248}
{"timestamp":"2026-06-12T08:31:57.970Z","eventType":"task_creation","step":"NOTIFICATION_COMPLETE","status":"SUCCESS","data":{"taskId":"6a2bc3fc1b6d7e88b0fef847","summary":{"assigneeNotifications":0,"collaboratorNotifications":0,"approverNotifications":0,"errors":0}},"processId":2248}
{"timestamp":"2026-06-12T08:31:57.972Z","eventType":"task_creation","step":"ENHANCED_NOTIFICATIONS_SENT","status":"SUCCESS","data":{"taskId":"6a2bc3fc1b6d7e88b0fef847","assigneeNotifications":0,"collaboratorNotifications":0,"approverNotifications":0,"errors":0},"processId":2248}
{"timestamp":"2026-06-12T08:35:09.243Z","eventType":"task_creation","step":"USING_ENHANCED_HELPER","status":"START","data":{"taskId":"6a2bc4bc1b6d7e88b0fefae2","taskType":"regular"},"processId":2248}
{"timestamp":"2026-06-12T08:35:09.245Z","eventType":"task_creation","step":"NOTIFICATION_START","status":"START","data":{"taskId":"6a2bc4bc1b6d7e88b0fefae2","taskType":"regular","title":"final regulat testinng","createdBy":"69f85d924b4a527968d7e69e","assignedTo":"69f85d924b4a527968d7e69e","collaborators":0,"approvers":0},"processId":2248}
{"timestamp":"2026-06-12T08:35:09.252Z","eventType":"task_creation","step":"NOTIFY_ASSIGNEE_SKIPPED","status":"SKIP","data":{"reason":"Creator is assignee","createdBy":"69f85d924b4a527968d7e69e","assignedTo":"69f85d924b4a527968d7e69e"},"processId":2248}
{"timestamp":"2026-06-12T08:35:09.708Z","eventType":"task_creation","step":"NOTIFY_CREATOR_SUCCESS","status":"SUCCESS","data":{"createdBy":"69f85d924b4a527968d7e69e","notificationId":"6a2bc4bd1b6d7e88b0fefaf3"},"processId":2248}
{"timestamp":"2026-06-12T08:35:09.709Z","eventType":"task_creation","step":"NOTIFICATION_COMPLETE","status":"SUCCESS","data":{"taskId":"6a2bc4bc1b6d7e88b0fefae2","summary":{"assigneeNotifications":0,"collaboratorNotifications":0,"approverNotifications":0,"errors":0}},"processId":2248}
{"timestamp":"2026-06-12T08:35:09.711Z","eventType":"task_creation","step":"ENHANCED_NOTIFICATIONS_SENT","status":"SUCCESS","data":{"taskId":"6a2bc4bc1b6d7e88b0fefae2","assigneeNotifications":0,"collaboratorNotifications":0,"approverNotifications":0,"errors":0},"processId":2248}
{"timestamp":"2026-06-12T08:40:38.748Z","eventType":"task_creation","step":"USING_ENHANCED_HELPER","status":"START","data":{"taskId":"6a2bc6061b6d7e88b0ff004c","taskType":"regular"},"processId":2248}
{"timestamp":"2026-06-12T08:40:38.751Z","eventType":"task_creation","step":"NOTIFICATION_START","status":"START","data":{"taskId":"6a2bc6061b6d7e88b0ff004c","taskType":"regular","title":"regular task","createdBy":"69f85d924b4a527968d7e69e","assignedTo":"69f85d924b4a527968d7e69e","collaborators":0,"approvers":0},"processId":2248}
{"timestamp":"2026-06-12T08:40:38.755Z","eventType":"task_creation","step":"NOTIFY_ASSIGNEE_SKIPPED","status":"SKIP","data":{"reason":"Creator is assignee","createdBy":"69f85d924b4a527968d7e69e","assignedTo":"69f85d924b4a527968d7e69e"},"processId":2248}
{"timestamp":"2026-06-12T08:40:39.178Z","eventType":"task_creation","step":"NOTIFY_CREATOR_SUCCESS","status":"SUCCESS","data":{"createdBy":"69f85d924b4a527968d7e69e","notificationId":"6a2bc6071b6d7e88b0ff0060"},"processId":2248}
{"timestamp":"2026-06-12T08:40:39.179Z","eventType":"task_creation","step":"NOTIFICATION_COMPLETE","status":"SUCCESS","data":{"taskId":"6a2bc6061b6d7e88b0ff004c","summary":{"assigneeNotifications":0,"collaboratorNotifications":0,"approverNotifications":0,"errors":0}},"processId":2248}
{"timestamp":"2026-06-12T08:40:39.180Z","eventType":"task_creation","step":"ENHANCED_NOTIFICATIONS_SENT","status":"SUCCESS","data":{"taskId":"6a2bc6061b6d7e88b0ff004c","assigneeNotifications":0,"collaboratorNotifications":0,"approverNotifications":0,"errors":0},"processId":2248}
{"timestamp":"2026-06-12T08:53:26.409Z","eventType":"task_creation","step":"USING_ENHANCED_HELPER","status":"START","data":{"taskId":"6a2bc9051b6d7e88b0ff0763","taskType":"regular"},"processId":2248}
{"timestamp":"2026-06-12T08:53:26.411Z","eventType":"task_creation","step":"NOTIFICATION_START","status":"START","data":{"taskId":"6a2bc9051b6d7e88b0ff0763","taskType":"regular","title":"regualr testing for over due","createdBy":"69f85d924b4a527968d7e69e","assignedTo":"69f85d924b4a527968d7e69e","collaborators":0,"approvers":0},"processId":2248}
{"timestamp":"2026-06-12T08:53:26.412Z","eventType":"task_creation","step":"NOTIFY_ASSIGNEE_SKIPPED","status":"SKIP","data":{"reason":"Creator is assignee","createdBy":"69f85d924b4a527968d7e69e","assignedTo":"69f85d924b4a527968d7e69e"},"processId":2248}
{"timestamp":"2026-06-12T08:53:26.820Z","eventType":"task_creation","step":"NOTIFY_CREATOR_SUCCESS","status":"SUCCESS","data":{"createdBy":"69f85d924b4a527968d7e69e","notificationId":"6a2bc9061b6d7e88b0ff0774"},"processId":2248}
{"timestamp":"2026-06-12T08:53:26.821Z","eventType":"task_creation","step":"NOTIFICATION_COMPLETE","status":"SUCCESS","data":{"taskId":"6a2bc9051b6d7e88b0ff0763","summary":{"assigneeNotifications":0,"collaboratorNotifications":0,"approverNotifications":0,"errors":0}},"processId":2248}
{"timestamp":"2026-06-12T08:53:26.821Z","eventType":"task_creation","step":"ENHANCED_NOTIFICATIONS_SENT","status":"SUCCESS","data":{"taskId":"6a2bc9051b6d7e88b0ff0763","assigneeNotifications":0,"collaboratorNotifications":0,"approverNotifications":0,"errors":0},"processId":2248}
{"timestamp":"2026-06-12T15:35:45.592Z","eventType":"task_creation","step":"USING_ENHANCED_HELPER","status":"START","data":{"taskId":"6a2c27513307288212742b40","taskType":"milestone"},"processId":6792}
{"timestamp":"2026-06-12T15:35:45.594Z","eventType":"task_creation","step":"NOTIFICATION_START","status":"START","data":{"taskId":"6a2c27513307288212742b40","taskType":"milestone","title":"update task design milstone","createdBy":"69f85d924b4a527968d7e69e","assignedTo":"69f85d924b4a527968d7e69e","collaborators":0,"approvers":0},"processId":6792}
{"timestamp":"2026-06-12T15:35:45.595Z","eventType":"task_creation","step":"NOTIFY_ASSIGNEE_SKIPPED","status":"SKIP","data":{"reason":"Creator is assignee","createdBy":"69f85d924b4a527968d7e69e","assignedTo":"69f85d924b4a527968d7e69e"},"processId":6792}
{"timestamp":"2026-06-12T15:35:46.023Z","eventType":"task_creation","step":"NOTIFY_CREATOR_SUCCESS","status":"SUCCESS","data":{"createdBy":"69f85d924b4a527968d7e69e","notificationId":"6a2c27513307288212742b51"},"processId":6792}
{"timestamp":"2026-06-12T15:35:46.024Z","eventType":"task_creation","step":"NOTIFICATION_COMPLETE","status":"SUCCESS","data":{"taskId":"6a2c27513307288212742b40","summary":{"assigneeNotifications":0,"collaboratorNotifications":0,"approverNotifications":0,"errors":0}},"processId":6792}
{"timestamp":"2026-06-12T15:35:46.025Z","eventType":"task_creation","step":"ENHANCED_NOTIFICATIONS_SENT","status":"SUCCESS","data":{"taskId":"6a2c27513307288212742b40","assigneeNotifications":0,"collaboratorNotifications":0,"approverNotifications":0,"errors":0},"processId":6792}
