{"timestamp":"2026-06-13T07:27:43.847Z","eventType":"task_update","step":"USING_ENHANCED_HELPER","status":"START","data":{"taskId":"6a2bc6061b6d7e88b0ff004c","updateKeys":["dueDate","updatedAt"]},"processId":14652}
{"timestamp":"2026-06-13T07:27:43.862Z","eventType":"task_update","step":"NOTIFICATION_START","status":"START","data":{"taskId":"6a2bc6061b6d7e88b0ff004c","taskTitle":"regular task","updatedBy":"69f85d924b4a527968d7e69e","changedFields":["dueDate"]},"processId":14652}
{"timestamp":"2026-06-13T07:27:43.865Z","eventType":"task_update","step":"NOTIFICATION_COMPLETE","status":"SUCCESS","data":{"taskId":"6a2bc6061b6d7e88b0ff004c","usersNotified":0},"processId":14652}
{"timestamp":"2026-06-13T07:27:43.867Z","eventType":"task_update","step":"ENHANCED_NOTIFICATIONS_SENT","status":"SUCCESS","data":{"taskId":"6a2bc6061b6d7e88b0ff004c","usersNotified":0},"processId":14652}
{"timestamp":"2026-06-13T07:34:57.945Z","eventType":"task_update","step":"USING_ENHANCED_HELPER","status":"START","data":{"taskId":"6a2bb0d29eaf1872905d66e8","updateKeys":["dueDate","updatedAt"]},"processId":14652}
{"timestamp":"2026-06-13T07:34:57.956Z","eventType":"task_update","step":"NOTIFICATION_START","status":"START","data":{"taskId":"6a2bb0d29eaf1872905d66e8","taskTitle":"update code","updatedBy":"69f85d924b4a527968d7e69e","changedFields":["dueDate"]},"processId":14652}
{"timestamp":"2026-06-13T07:34:57.960Z","eventType":"task_update","step":"NOTIFICATION_COMPLETE","status":"SUCCESS","data":{"taskId":"6a2bb0d29eaf1872905d66e8","usersNotified":0},"processId":14652}
{"timestamp":"2026-06-13T07:34:57.963Z","eventType":"task_update","step":"ENHANCED_NOTIFICATIONS_SENT","status":"SUCCESS","data":{"taskId":"6a2bb0d29eaf1872905d66e8","usersNotified":0},"processId":14652}
{"timestamp":"2026-06-13T07:37:29.735Z","eventType":"task_update","step":"USING_ENHANCED_HELPER","status":"START","data":{"taskId":"6a2bb0d29eaf1872905d66e8","updateKeys":["description","updatedAt"]},"processId":4088}
{"timestamp":"2026-06-13T07:37:29.753Z","eventType":"task_update","step":"NOTIFICATION_START","status":"START","data":{"taskId":"6a2bb0d29eaf1872905d66e8","taskTitle":"update code","updatedBy":"69f85d924b4a527968d7e69e","changedFields":["description"]},"processId":4088}
{"timestamp":"2026-06-13T07:37:29.756Z","eventType":"task_update","step":"NOTIFICATION_COMPLETE","status":"SUCCESS","data":{"taskId":"6a2bb0d29eaf1872905d66e8","usersNotified":0},"processId":4088}
{"timestamp":"2026-06-13T07:37:29.759Z","eventType":"task_update","step":"ENHANCED_NOTIFICATIONS_SENT","status":"SUCCESS","data":{"taskId":"6a2bb0d29eaf1872905d66e8","usersNotified":0},"processId":4088}
{"timestamp":"2026-06-13T07:37:39.504Z","eventType":"task_update","step":"USING_ENHANCED_HELPER","status":"START","data":{"taskId":"6a2bb0d29eaf1872905d66e8","updateKeys":["tags","updatedAt"]},"processId":4088}
{"timestamp":"2026-06-13T07:37:39.506Z","eventType":"task_update","step":"NOTIFICATION_START","status":"START","data":{"taskId":"6a2bb0d29eaf1872905d66e8","taskTitle":"update code","updatedBy":"69f85d924b4a527968d7e69e","changedFields":["tags"]},"processId":4088}
{"timestamp":"2026-06-13T07:37:39.509Z","eventType":"task_update","step":"NOTIFICATION_COMPLETE","status":"SUCCESS","data":{"taskId":"6a2bb0d29eaf1872905d66e8","usersNotified":0},"processId":4088}
{"timestamp":"2026-06-13T07:37:39.512Z","eventType":"task_update","step":"ENHANCED_NOTIFICATIONS_SENT","status":"SUCCESS","data":{"taskId":"6a2bb0d29eaf1872905d66e8","usersNotified":0},"processId":4088}
{"timestamp":"2026-06-13T07:59:51.406Z","eventType":"task_update","step":"USING_ENHANCED_HELPER","status":"START","data":{"taskId":"6a2bb0d29eaf1872905d66e8","updateKeys":["title","updatedAt"]},"processId":4088}
{"timestamp":"2026-06-13T07:59:51.410Z","eventType":"task_update","step":"NOTIFICATION_START","status":"START","data":{"taskId":"6a2bb0d29eaf1872905d66e8","taskTitle":"update code dhfsdkjf sd sddg sd sd ksdhfskd gsdf","updatedBy":"69f85d924b4a527968d7e69e","changedFields":["title"]},"processId":4088}
{"timestamp":"2026-06-13T07:59:51.413Z","eventType":"task_update","step":"NOTIFICATION_COMPLETE","status":"SUCCESS","data":{"taskId":"6a2bb0d29eaf1872905d66e8","usersNotified":0},"processId":4088}
{"timestamp":"2026-06-13T07:59:51.415Z","eventType":"task_update","step":"ENHANCED_NOTIFICATIONS_SENT","status":"SUCCESS","data":{"taskId":"6a2bb0d29eaf1872905d66e8","usersNotified":0},"processId":4088}
{"timestamp":"2026-06-13T08:00:47.312Z","eventType":"task_update","step":"USING_ENHANCED_HELPER","status":"START","data":{"taskId":"6a2bb0d29eaf1872905d66e8","updateKeys":["title","updatedAt"]},"processId":4088}
{"timestamp":"2026-06-13T08:00:47.315Z","eventType":"task_update","step":"NOTIFICATION_START","status":"START","data":{"taskId":"6a2bb0d29eaf1872905d66e8","taskTitle":"update code","updatedBy":"69f85d924b4a527968d7e69e","changedFields":["title"]},"processId":4088}
{"timestamp":"2026-06-13T08:00:47.318Z","eventType":"task_update","step":"NOTIFICATION_COMPLETE","status":"SUCCESS","data":{"taskId":"6a2bb0d29eaf1872905d66e8","usersNotified":0},"processId":4088}
{"timestamp":"2026-06-13T08:00:47.321Z","eventType":"task_update","step":"ENHANCED_NOTIFICATIONS_SENT","status":"SUCCESS","data":{"taskId":"6a2bb0d29eaf1872905d66e8","usersNotified":0},"processId":4088}
{"timestamp":"2026-06-13T08:01:17.125Z","eventType":"task_update","step":"USING_ENHANCED_HELPER","status":"START","data":{"taskId":"6a2bb0d29eaf1872905d66e8","updateKeys":["title","updatedAt"]},"processId":4088}
{"timestamp":"2026-06-13T08:01:17.129Z","eventType":"task_update","step":"NOTIFICATION_START","status":"START","data":{"taskId":"6a2bb0d29eaf1872905d66e8","taskTitle":"update code update the code and fix the design issues","updatedBy":"69f85d924b4a527968d7e69e","changedFields":["title"]},"processId":4088}
{"timestamp":"2026-06-13T08:01:17.134Z","eventType":"task_update","step":"NOTIFICATION_COMPLETE","status":"SUCCESS","data":{"taskId":"6a2bb0d29eaf1872905d66e8","usersNotified":0},"processId":4088}
{"timestamp":"2026-06-13T08:01:17.138Z","eventType":"task_update","step":"ENHANCED_NOTIFICATIONS_SENT","status":"SUCCESS","data":{"taskId":"6a2bb0d29eaf1872905d66e8","usersNotified":0},"processId":4088}
