{"timestamp":"2026-05-26T06:33:46.637Z","eventType":"task_creation","step":"USING_ENHANCED_HELPER","status":"START","data":{"taskId":"6a153eca35f9bb6879d03d27","taskType":"approval"},"processId":18308}
{"timestamp":"2026-05-26T06:33:46.640Z","eventType":"task_creation","step":"NOTIFICATION_START","status":"START","data":{"taskId":"6a153eca35f9bb6879d03d27","taskType":"approval","title":"final file testing","createdBy":"69f1b70ef22a552efa7865d8","assignedTo":"69f1b70ef22a552efa7865d8","collaborators":0,"approvers":1},"processId":18308}
{"timestamp":"2026-05-26T06:33:46.641Z","eventType":"task_creation","step":"NOTIFY_ASSIGNEE_SKIPPED","status":"SKIP","data":{"reason":"Creator is assignee","createdBy":"69f1b70ef22a552efa7865d8","assignedTo":"69f1b70ef22a552efa7865d8"},"processId":18308}
{"timestamp":"2026-05-26T06:33:47.036Z","eventType":"task_creation","step":"NOTIFY_CREATOR_SUCCESS","status":"SUCCESS","data":{"createdBy":"69f1b70ef22a552efa7865d8","notificationId":"6a153eca35f9bb6879d03d3d"},"processId":18308}
{"timestamp":"2026-05-26T06:33:47.039Z","eventType":"task_creation","step":"NOTIFY_APPROVERS_START","status":"PROGRESS","data":{"approverCount":1,"taskId":"6a153eca35f9bb6879d03d27","approvalMode":"any"},"processId":18308}
{"timestamp":"2026-05-26T06:33:47.388Z","eventType":"task_creation","step":"NOTIFY_APPROVER_SUCCESS","status":"SUCCESS","data":{"approverId":"69f1a9f4cef05240117bd5b8","index":1,"notificationId":"6a153ecb35f9bb6879d03d4a"},"processId":18308}
{"timestamp":"2026-05-26T06:33:47.389Z","eventType":"task_creation","step":"NOTIFICATION_COMPLETE","status":"SUCCESS","data":{"taskId":"6a153eca35f9bb6879d03d27","summary":{"assigneeNotifications":0,"collaboratorNotifications":0,"approverNotifications":1,"errors":0}},"processId":18308}
{"timestamp":"2026-05-26T06:33:47.389Z","eventType":"task_creation","step":"ENHANCED_NOTIFICATIONS_SENT","status":"SUCCESS","data":{"taskId":"6a153eca35f9bb6879d03d27","assigneeNotifications":0,"collaboratorNotifications":0,"approverNotifications":1,"errors":0},"processId":18308}
{"timestamp":"2026-05-26T06:39:31.670Z","eventType":"task_creation","step":"USING_ENHANCED_HELPER","status":"START","data":{"taskId":"6a15402309ae5b81575ba442","taskType":"approval"},"processId":14180}
{"timestamp":"2026-05-26T06:39:31.673Z","eventType":"task_creation","step":"NOTIFICATION_START","status":"START","data":{"taskId":"6a15402309ae5b81575ba442","taskType":"approval","title":"update final on server","createdBy":"69f1b70ef22a552efa7865d8","assignedTo":"69f1b70ef22a552efa7865d8","collaborators":0,"approvers":1},"processId":14180}
{"timestamp":"2026-05-26T06:39:31.676Z","eventType":"task_creation","step":"NOTIFY_ASSIGNEE_SKIPPED","status":"SKIP","data":{"reason":"Creator is assignee","createdBy":"69f1b70ef22a552efa7865d8","assignedTo":"69f1b70ef22a552efa7865d8"},"processId":14180}
{"timestamp":"2026-05-26T06:39:32.233Z","eventType":"task_creation","step":"NOTIFY_CREATOR_SUCCESS","status":"SUCCESS","data":{"createdBy":"69f1b70ef22a552efa7865d8","notificationId":"6a15402409ae5b81575ba45b"},"processId":14180}
{"timestamp":"2026-05-26T06:39:32.235Z","eventType":"task_creation","step":"NOTIFY_APPROVERS_START","status":"PROGRESS","data":{"approverCount":1,"taskId":"6a15402309ae5b81575ba442","approvalMode":"any"},"processId":14180}
{"timestamp":"2026-05-26T06:39:32.611Z","eventType":"task_creation","step":"NOTIFY_APPROVER_SUCCESS","status":"SUCCESS","data":{"approverId":"69f1a9f4cef05240117bd5b8","index":1,"notificationId":"6a15402409ae5b81575ba46b"},"processId":14180}
{"timestamp":"2026-05-26T06:39:32.612Z","eventType":"task_creation","step":"NOTIFICATION_COMPLETE","status":"SUCCESS","data":{"taskId":"6a15402309ae5b81575ba442","summary":{"assigneeNotifications":0,"collaboratorNotifications":0,"approverNotifications":1,"errors":0}},"processId":14180}
{"timestamp":"2026-05-26T06:39:32.613Z","eventType":"task_creation","step":"ENHANCED_NOTIFICATIONS_SENT","status":"SUCCESS","data":{"taskId":"6a15402309ae5b81575ba442","assigneeNotifications":0,"collaboratorNotifications":0,"approverNotifications":1,"errors":0},"processId":14180}
{"timestamp":"2026-05-26T06:40:27.569Z","eventType":"task_creation","step":"USING_ENHANCED_HELPER","status":"START","data":{"taskId":"6a15405a09ae5b81575bac29","taskType":"approval"},"processId":14180}
{"timestamp":"2026-05-26T06:40:27.571Z","eventType":"task_creation","step":"NOTIFICATION_START","status":"START","data":{"taskId":"6a15405a09ae5b81575bac29","taskType":"approval","title":"sdfdsfsd","createdBy":"69f1b70ef22a552efa7865d8","assignedTo":"69f1b70ef22a552efa7865d8","collaborators":0,"approvers":1},"processId":14180}
{"timestamp":"2026-05-26T06:40:27.573Z","eventType":"task_creation","step":"NOTIFY_ASSIGNEE_SKIPPED","status":"SKIP","data":{"reason":"Creator is assignee","createdBy":"69f1b70ef22a552efa7865d8","assignedTo":"69f1b70ef22a552efa7865d8"},"processId":14180}
{"timestamp":"2026-05-26T06:40:27.962Z","eventType":"task_creation","step":"NOTIFY_CREATOR_SUCCESS","status":"SUCCESS","data":{"createdBy":"69f1b70ef22a552efa7865d8","notificationId":"6a15405b09ae5b81575bac3e"},"processId":14180}
{"timestamp":"2026-05-26T06:40:27.962Z","eventType":"task_creation","step":"NOTIFY_APPROVERS_START","status":"PROGRESS","data":{"approverCount":1,"taskId":"6a15405a09ae5b81575bac29","approvalMode":"any"},"processId":14180}
{"timestamp":"2026-05-26T06:40:28.358Z","eventType":"task_creation","step":"NOTIFY_APPROVER_SUCCESS","status":"SUCCESS","data":{"approverId":"69f1ea6824bbc693a12da7da","index":1,"notificationId":"6a15405c09ae5b81575bac4c"},"processId":14180}
{"timestamp":"2026-05-26T06:40:28.359Z","eventType":"task_creation","step":"NOTIFICATION_COMPLETE","status":"SUCCESS","data":{"taskId":"6a15405a09ae5b81575bac29","summary":{"assigneeNotifications":0,"collaboratorNotifications":0,"approverNotifications":1,"errors":0}},"processId":14180}
{"timestamp":"2026-05-26T06:40:28.360Z","eventType":"task_creation","step":"ENHANCED_NOTIFICATIONS_SENT","status":"SUCCESS","data":{"taskId":"6a15405a09ae5b81575bac29","assigneeNotifications":0,"collaboratorNotifications":0,"approverNotifications":1,"errors":0},"processId":14180}
{"timestamp":"2026-05-26T06:44:45.841Z","eventType":"task_creation","step":"USING_ENHANCED_HELPER","status":"START","data":{"taskId":"6a15415da28d034c7798b33e","taskType":"approval"},"processId":19984}
{"timestamp":"2026-05-26T06:44:45.843Z","eventType":"task_creation","step":"NOTIFICATION_START","status":"START","data":{"taskId":"6a15415da28d034c7798b33e","taskType":"approval","title":"padding update","createdBy":"69f1b70ef22a552efa7865d8","assignedTo":"69f1b70ef22a552efa7865d8","collaborators":0,"approvers":1},"processId":19984}
{"timestamp":"2026-05-26T06:44:45.844Z","eventType":"task_creation","step":"NOTIFY_ASSIGNEE_SKIPPED","status":"SKIP","data":{"reason":"Creator is assignee","createdBy":"69f1b70ef22a552efa7865d8","assignedTo":"69f1b70ef22a552efa7865d8"},"processId":19984}
{"timestamp":"2026-05-26T06:44:46.361Z","eventType":"task_creation","step":"NOTIFY_CREATOR_SUCCESS","status":"SUCCESS","data":{"createdBy":"69f1b70ef22a552efa7865d8","notificationId":"6a15415ea28d034c7798b353"},"processId":19984}
{"timestamp":"2026-05-26T06:44:46.362Z","eventType":"task_creation","step":"NOTIFY_APPROVERS_START","status":"PROGRESS","data":{"approverCount":1,"taskId":"6a15415da28d034c7798b33e","approvalMode":"any"},"processId":19984}
{"timestamp":"2026-05-26T06:44:46.784Z","eventType":"task_creation","step":"NOTIFY_APPROVER_SUCCESS","status":"SUCCESS","data":{"approverId":"69f1a9f4cef05240117bd5b8","index":1,"notificationId":"6a15415ea28d034c7798b360"},"processId":19984}
{"timestamp":"2026-05-26T06:44:46.786Z","eventType":"task_creation","step":"NOTIFICATION_COMPLETE","status":"SUCCESS","data":{"taskId":"6a15415da28d034c7798b33e","summary":{"assigneeNotifications":0,"collaboratorNotifications":0,"approverNotifications":1,"errors":0}},"processId":19984}
{"timestamp":"2026-05-26T06:44:46.786Z","eventType":"task_creation","step":"ENHANCED_NOTIFICATIONS_SENT","status":"SUCCESS","data":{"taskId":"6a15415da28d034c7798b33e","assigneeNotifications":0,"collaboratorNotifications":0,"approverNotifications":1,"errors":0},"processId":19984}
{"timestamp":"2026-05-26T08:20:09.642Z","eventType":"task_creation","step":"USING_ENHANCED_HELPER","status":"START","data":{"taskId":"6a1557b8a28d034c7798eb82","taskType":"recurring"},"processId":19984}
{"timestamp":"2026-05-26T08:20:09.647Z","eventType":"task_creation","step":"NOTIFICATION_START","status":"START","data":{"taskId":"6a1557b8a28d034c7798eb82","taskType":"recurring","title":"padding update fdgf","createdBy":"69f1b70ef22a552efa7865d8","assignedTo":"69f1b70ef22a552efa7865d8","collaborators":0,"approvers":0},"processId":19984}
{"timestamp":"2026-05-26T08:20:09.650Z","eventType":"task_creation","step":"NOTIFY_ASSIGNEE_SKIPPED","status":"SKIP","data":{"reason":"Creator is assignee","createdBy":"69f1b70ef22a552efa7865d8","assignedTo":"69f1b70ef22a552efa7865d8"},"processId":19984}
{"timestamp":"2026-05-26T08:20:10.096Z","eventType":"task_creation","step":"NOTIFY_CREATOR_SUCCESS","status":"SUCCESS","data":{"createdBy":"69f1b70ef22a552efa7865d8","notificationId":"6a1557baa28d034c7798eba3"},"processId":19984}
{"timestamp":"2026-05-26T08:20:10.098Z","eventType":"task_creation","step":"NOTIFICATION_COMPLETE","status":"SUCCESS","data":{"taskId":"6a1557b8a28d034c7798eb82","summary":{"assigneeNotifications":0,"collaboratorNotifications":0,"approverNotifications":0,"errors":0}},"processId":19984}
{"timestamp":"2026-05-26T08:20:10.101Z","eventType":"task_creation","step":"ENHANCED_NOTIFICATIONS_SENT","status":"SUCCESS","data":{"taskId":"6a1557b8a28d034c7798eb82","assigneeNotifications":0,"collaboratorNotifications":0,"approverNotifications":0,"errors":0},"processId":19984}
{"timestamp":"2026-05-26T09:14:37.229Z","eventType":"task_creation","step":"USING_ENHANCED_HELPER","status":"START","data":{"taskId":"6a15647ca28d034c779948b6","taskType":"recurring"},"processId":19984}
{"timestamp":"2026-05-26T09:14:37.232Z","eventType":"task_creation","step":"NOTIFICATION_START","status":"START","data":{"taskId":"6a15647ca28d034c779948b6","taskType":"recurring","title":"recurring task comment section","createdBy":"69f1b70ef22a552efa7865d8","assignedTo":"69f1b70ef22a552efa7865d8","collaborators":0,"approvers":0},"processId":19984}
{"timestamp":"2026-05-26T09:14:37.233Z","eventType":"task_creation","step":"NOTIFY_ASSIGNEE_SKIPPED","status":"SKIP","data":{"reason":"Creator is assignee","createdBy":"69f1b70ef22a552efa7865d8","assignedTo":"69f1b70ef22a552efa7865d8"},"processId":19984}
{"timestamp":"2026-05-26T09:14:37.655Z","eventType":"task_creation","step":"NOTIFY_CREATOR_SUCCESS","status":"SUCCESS","data":{"createdBy":"69f1b70ef22a552efa7865d8","notificationId":"6a15647da28d034c779948d2"},"processId":19984}
{"timestamp":"2026-05-26T09:14:37.656Z","eventType":"task_creation","step":"NOTIFICATION_COMPLETE","status":"SUCCESS","data":{"taskId":"6a15647ca28d034c779948b6","summary":{"assigneeNotifications":0,"collaboratorNotifications":0,"approverNotifications":0,"errors":0}},"processId":19984}
{"timestamp":"2026-05-26T09:14:37.657Z","eventType":"task_creation","step":"ENHANCED_NOTIFICATIONS_SENT","status":"SUCCESS","data":{"taskId":"6a15647ca28d034c779948b6","assigneeNotifications":0,"collaboratorNotifications":0,"approverNotifications":0,"errors":0},"processId":19984}
{"timestamp":"2026-05-26T10:17:11.335Z","eventType":"task_creation","step":"USING_ENHANCED_HELPER","status":"START","data":{"taskId":"6a157326715844b50af7ea8f","taskType":"regular"},"processId":24324}
{"timestamp":"2026-05-26T10:17:11.338Z","eventType":"task_creation","step":"NOTIFICATION_START","status":"START","data":{"taskId":"6a157326715844b50af7ea8f","taskType":"regular","title":"fsdfsdfsdf","createdBy":"69f1b70ef22a552efa7865d8","assignedTo":"69f1b70ef22a552efa7865d8","collaborators":0,"approvers":0},"processId":24324}
{"timestamp":"2026-05-26T10:17:11.341Z","eventType":"task_creation","step":"NOTIFY_ASSIGNEE_SKIPPED","status":"SKIP","data":{"reason":"Creator is assignee","createdBy":"69f1b70ef22a552efa7865d8","assignedTo":"69f1b70ef22a552efa7865d8"},"processId":24324}
{"timestamp":"2026-05-26T10:17:11.721Z","eventType":"task_creation","step":"NOTIFY_CREATOR_SUCCESS","status":"SUCCESS","data":{"createdBy":"69f1b70ef22a552efa7865d8","notificationId":"6a157327715844b50af7eaa0"},"processId":24324}
{"timestamp":"2026-05-26T10:17:11.724Z","eventType":"task_creation","step":"NOTIFICATION_COMPLETE","status":"SUCCESS","data":{"taskId":"6a157326715844b50af7ea8f","summary":{"assigneeNotifications":0,"collaboratorNotifications":0,"approverNotifications":0,"errors":0}},"processId":24324}
{"timestamp":"2026-05-26T10:17:11.725Z","eventType":"task_creation","step":"ENHANCED_NOTIFICATIONS_SENT","status":"SUCCESS","data":{"taskId":"6a157326715844b50af7ea8f","assigneeNotifications":0,"collaboratorNotifications":0,"approverNotifications":0,"errors":0},"processId":24324}
{"timestamp":"2026-05-26T11:40:00.503Z","eventType":"task_creation","step":"USING_ENHANCED_HELPER","status":"START","data":{"taskId":"6a15868fcc5cde1c13dfcca4","taskType":"regular"},"processId":8248}
{"timestamp":"2026-05-26T11:40:00.510Z","eventType":"task_creation","step":"NOTIFICATION_START","status":"START","data":{"taskId":"6a15868fcc5cde1c13dfcca4","taskType":"regular","title":"jsfjsgfsjd","createdBy":"69f1b70ef22a552efa7865d8","assignedTo":"69f1b70ef22a552efa7865d8","collaborators":0,"approvers":0},"processId":8248}
{"timestamp":"2026-05-26T11:40:00.515Z","eventType":"task_creation","step":"NOTIFY_ASSIGNEE_SKIPPED","status":"SKIP","data":{"reason":"Creator is assignee","createdBy":"69f1b70ef22a552efa7865d8","assignedTo":"69f1b70ef22a552efa7865d8"},"processId":8248}
{"timestamp":"2026-05-26T11:40:01.016Z","eventType":"task_creation","step":"NOTIFY_CREATOR_SUCCESS","status":"SUCCESS","data":{"createdBy":"69f1b70ef22a552efa7865d8","notificationId":"6a158690cc5cde1c13dfccb6"},"processId":8248}
{"timestamp":"2026-05-26T11:40:01.017Z","eventType":"task_creation","step":"NOTIFICATION_COMPLETE","status":"SUCCESS","data":{"taskId":"6a15868fcc5cde1c13dfcca4","summary":{"assigneeNotifications":0,"collaboratorNotifications":0,"approverNotifications":0,"errors":0}},"processId":8248}
{"timestamp":"2026-05-26T11:40:01.017Z","eventType":"task_creation","step":"ENHANCED_NOTIFICATIONS_SENT","status":"SUCCESS","data":{"taskId":"6a15868fcc5cde1c13dfcca4","assigneeNotifications":0,"collaboratorNotifications":0,"approverNotifications":0,"errors":0},"processId":8248}
{"timestamp":"2026-05-26T12:14:52.945Z","eventType":"task_creation","step":"USING_ENHANCED_HELPER","status":"START","data":{"taskId":"6a158ebcaa01d19cf7e5c0ea","taskType":"regular"},"processId":23000}
{"timestamp":"2026-05-26T12:14:52.956Z","eventType":"task_creation","step":"NOTIFICATION_START","status":"START","data":{"taskId":"6a158ebcaa01d19cf7e5c0ea","taskType":"regular","title":"regular task","createdBy":"69f1b70ef22a552efa7865d8","assignedTo":"69f1b70ef22a552efa7865d8","collaborators":0,"approvers":0},"processId":23000}
{"timestamp":"2026-05-26T12:14:52.961Z","eventType":"task_creation","step":"NOTIFY_ASSIGNEE_SKIPPED","status":"SKIP","data":{"reason":"Creator is assignee","createdBy":"69f1b70ef22a552efa7865d8","assignedTo":"69f1b70ef22a552efa7865d8"},"processId":23000}
{"timestamp":"2026-05-26T12:14:53.703Z","eventType":"task_creation","step":"NOTIFY_CREATOR_SUCCESS","status":"SUCCESS","data":{"createdBy":"69f1b70ef22a552efa7865d8","notificationId":"6a158ebdaa01d19cf7e5c0fb"},"processId":23000}
{"timestamp":"2026-05-26T12:14:53.703Z","eventType":"task_creation","step":"NOTIFICATION_COMPLETE","status":"SUCCESS","data":{"taskId":"6a158ebcaa01d19cf7e5c0ea","summary":{"assigneeNotifications":0,"collaboratorNotifications":0,"approverNotifications":0,"errors":0}},"processId":23000}
{"timestamp":"2026-05-26T12:14:53.704Z","eventType":"task_creation","step":"ENHANCED_NOTIFICATIONS_SENT","status":"SUCCESS","data":{"taskId":"6a158ebcaa01d19cf7e5c0ea","assigneeNotifications":0,"collaboratorNotifications":0,"approverNotifications":0,"errors":0},"processId":23000}
{"timestamp":"2026-05-26T12:25:02.869Z","eventType":"task_creation","step":"USING_ENHANCED_HELPER","status":"START","data":{"taskId":"6a15911ecef21649eecc5e5f","taskType":"regular"},"processId":20620}
{"timestamp":"2026-05-26T12:25:02.889Z","eventType":"task_creation","step":"NOTIFICATION_START","status":"START","data":{"taskId":"6a15911ecef21649eecc5e5f","taskType":"regular","title":"sdfsdfds","createdBy":"69f1b70ef22a552efa7865d8","assignedTo":"69f1b70ef22a552efa7865d8","collaborators":0,"approvers":0},"processId":20620}
{"timestamp":"2026-05-26T12:25:02.899Z","eventType":"task_creation","step":"NOTIFY_ASSIGNEE_SKIPPED","status":"SKIP","data":{"reason":"Creator is assignee","createdBy":"69f1b70ef22a552efa7865d8","assignedTo":"69f1b70ef22a552efa7865d8"},"processId":20620}
{"timestamp":"2026-05-26T12:25:03.457Z","eventType":"task_creation","step":"NOTIFY_CREATOR_SUCCESS","status":"SUCCESS","data":{"createdBy":"69f1b70ef22a552efa7865d8","notificationId":"6a15911fcef21649eecc5e70"},"processId":20620}
{"timestamp":"2026-05-26T12:25:03.458Z","eventType":"task_creation","step":"NOTIFICATION_COMPLETE","status":"SUCCESS","data":{"taskId":"6a15911ecef21649eecc5e5f","summary":{"assigneeNotifications":0,"collaboratorNotifications":0,"approverNotifications":0,"errors":0}},"processId":20620}
{"timestamp":"2026-05-26T12:25:03.459Z","eventType":"task_creation","step":"ENHANCED_NOTIFICATIONS_SENT","status":"SUCCESS","data":{"taskId":"6a15911ecef21649eecc5e5f","assigneeNotifications":0,"collaboratorNotifications":0,"approverNotifications":0,"errors":0},"processId":20620}
{"timestamp":"2026-05-26T12:32:53.024Z","eventType":"task_creation","step":"USING_ENHANCED_HELPER","status":"START","data":{"taskId":"6a1592f4cef21649eecc63a5","taskType":"regular"},"processId":20620}
{"timestamp":"2026-05-26T12:32:53.027Z","eventType":"task_creation","step":"NOTIFICATION_START","status":"START","data":{"taskId":"6a1592f4cef21649eecc63a5","taskType":"regular","title":"srsse","createdBy":"69f1b70ef22a552efa7865d8","assignedTo":"69f1b70ef22a552efa7865d8","collaborators":0,"approvers":0},"processId":20620}
{"timestamp":"2026-05-26T12:32:53.031Z","eventType":"task_creation","step":"NOTIFY_ASSIGNEE_SKIPPED","status":"SKIP","data":{"reason":"Creator is assignee","createdBy":"69f1b70ef22a552efa7865d8","assignedTo":"69f1b70ef22a552efa7865d8"},"processId":20620}
{"timestamp":"2026-05-26T12:32:53.551Z","eventType":"task_creation","step":"NOTIFY_CREATOR_SUCCESS","status":"SUCCESS","data":{"createdBy":"69f1b70ef22a552efa7865d8","notificationId":"6a1592f5cef21649eecc63c3"},"processId":20620}
{"timestamp":"2026-05-26T12:32:53.552Z","eventType":"task_creation","step":"NOTIFICATION_COMPLETE","status":"SUCCESS","data":{"taskId":"6a1592f4cef21649eecc63a5","summary":{"assigneeNotifications":0,"collaboratorNotifications":0,"approverNotifications":0,"errors":0}},"processId":20620}
{"timestamp":"2026-05-26T12:32:53.553Z","eventType":"task_creation","step":"ENHANCED_NOTIFICATIONS_SENT","status":"SUCCESS","data":{"taskId":"6a1592f4cef21649eecc63a5","assigneeNotifications":0,"collaboratorNotifications":0,"approverNotifications":0,"errors":0},"processId":20620}
{"timestamp":"2026-05-26T04:46:37.691Z","eventType":"task_creation","step":"USING_ENHANCED_HELPER","status":"START","data":{"taskId":"6a1525acf8a34b461eca9627","taskType":"regular"},"processId":20620}
{"timestamp":"2026-05-26T04:46:37.708Z","eventType":"task_creation","step":"NOTIFICATION_START","status":"START","data":{"taskId":"6a1525acf8a34b461eca9627","taskType":"regular","title":"check the text","createdBy":"69f1b70ef22a552efa7865d8","assignedTo":"69f1b70ef22a552efa7865d8","collaborators":0,"approvers":0},"processId":20620}
{"timestamp":"2026-05-26T04:46:37.709Z","eventType":"task_creation","step":"NOTIFY_ASSIGNEE_SKIPPED","status":"SKIP","data":{"reason":"Creator is assignee","createdBy":"69f1b70ef22a552efa7865d8","assignedTo":"69f1b70ef22a552efa7865d8"},"processId":20620}
{"timestamp":"2026-05-26T04:46:38.372Z","eventType":"task_creation","step":"NOTIFY_CREATOR_SUCCESS","status":"SUCCESS","data":{"createdBy":"69f1b70ef22a552efa7865d8","notificationId":"6a1525aef8a34b461eca9638"},"processId":20620}
{"timestamp":"2026-05-26T04:46:38.373Z","eventType":"task_creation","step":"NOTIFICATION_COMPLETE","status":"SUCCESS","data":{"taskId":"6a1525acf8a34b461eca9627","summary":{"assigneeNotifications":0,"collaboratorNotifications":0,"approverNotifications":0,"errors":0}},"processId":20620}
{"timestamp":"2026-05-26T04:46:38.374Z","eventType":"task_creation","step":"ENHANCED_NOTIFICATIONS_SENT","status":"SUCCESS","data":{"taskId":"6a1525acf8a34b461eca9627","assigneeNotifications":0,"collaboratorNotifications":0,"approverNotifications":0,"errors":0},"processId":20620}
{"timestamp":"2026-05-26T04:51:48.192Z","eventType":"task_creation","step":"USING_ENHANCED_HELPER","status":"START","data":{"taskId":"6a1526e34a138448ff3549e4","taskType":"regular"},"processId":8736}
{"timestamp":"2026-05-26T04:51:48.298Z","eventType":"task_creation","step":"NOTIFICATION_START","status":"START","data":{"taskId":"6a1526e34a138448ff3549e4","taskType":"regular","title":"Testing 1","createdBy":"69f1b70ef22a552efa7865d8","assignedTo":"69f1b70ef22a552efa7865d8","collaborators":0,"approvers":0},"processId":8736}
{"timestamp":"2026-05-26T04:51:48.300Z","eventType":"task_creation","step":"NOTIFY_ASSIGNEE_SKIPPED","status":"SKIP","data":{"reason":"Creator is assignee","createdBy":"69f1b70ef22a552efa7865d8","assignedTo":"69f1b70ef22a552efa7865d8"},"processId":8736}
{"timestamp":"2026-05-26T04:51:49.094Z","eventType":"task_creation","step":"NOTIFY_CREATOR_SUCCESS","status":"SUCCESS","data":{"createdBy":"69f1b70ef22a552efa7865d8","notificationId":"6a1526e44a138448ff354a28"},"processId":8736}
{"timestamp":"2026-05-26T04:51:49.094Z","eventType":"task_creation","step":"NOTIFICATION_COMPLETE","status":"SUCCESS","data":{"taskId":"6a1526e34a138448ff3549e4","summary":{"assigneeNotifications":0,"collaboratorNotifications":0,"approverNotifications":0,"errors":0}},"processId":8736}
{"timestamp":"2026-05-26T04:51:49.095Z","eventType":"task_creation","step":"ENHANCED_NOTIFICATIONS_SENT","status":"SUCCESS","data":{"taskId":"6a1526e34a138448ff3549e4","assigneeNotifications":0,"collaboratorNotifications":0,"approverNotifications":0,"errors":0},"processId":8736}
{"timestamp":"2026-05-26T08:33:14.775Z","eventType":"task_creation","step":"USING_ENHANCED_HELPER","status":"START","data":{"taskId":"6a155ac844be5549b8946f89","taskType":"recurring"},"processId":16876}
{"timestamp":"2026-05-26T08:33:14.808Z","eventType":"task_creation","step":"NOTIFICATION_START","status":"START","data":{"taskId":"6a155ac844be5549b8946f89","taskType":"recurring","title":"Testing recurring 2","createdBy":"69f1b70ef22a552efa7865d8","assignedTo":"69f1b70ef22a552efa7865d8","collaborators":0,"approvers":0},"processId":16876}
{"timestamp":"2026-05-26T08:33:14.811Z","eventType":"task_creation","step":"NOTIFY_ASSIGNEE_SKIPPED","status":"SKIP","data":{"reason":"Creator is assignee","createdBy":"69f1b70ef22a552efa7865d8","assignedTo":"69f1b70ef22a552efa7865d8"},"processId":16876}
{"timestamp":"2026-05-26T08:33:16.979Z","eventType":"task_creation","step":"NOTIFY_CREATOR_SUCCESS","status":"SUCCESS","data":{"createdBy":"69f1b70ef22a552efa7865d8","notificationId":"6a155acc44be5549b8946faf"},"processId":16876}
{"timestamp":"2026-05-26T08:33:16.981Z","eventType":"task_creation","step":"NOTIFICATION_COMPLETE","status":"SUCCESS","data":{"taskId":"6a155ac844be5549b8946f89","summary":{"assigneeNotifications":0,"collaboratorNotifications":0,"approverNotifications":0,"errors":0}},"processId":16876}
{"timestamp":"2026-05-26T08:33:16.983Z","eventType":"task_creation","step":"ENHANCED_NOTIFICATIONS_SENT","status":"SUCCESS","data":{"taskId":"6a155ac844be5549b8946f89","assigneeNotifications":0,"collaboratorNotifications":0,"approverNotifications":0,"errors":0},"processId":16876}
{"timestamp":"2026-05-26T08:59:02.138Z","eventType":"task_creation","step":"USING_ENHANCED_HELPER","status":"START","data":{"taskId":"6a1560d544be5549b8949438","taskType":"regular"},"processId":16876}
{"timestamp":"2026-05-26T08:59:02.157Z","eventType":"task_creation","step":"NOTIFICATION_START","status":"START","data":{"taskId":"6a1560d544be5549b8949438","taskType":"regular","title":"task 1","createdBy":"69f1ea6824bbc693a12da7da","assignedTo":"69f1b70ef22a552efa7865d8","collaborators":0,"approvers":0},"processId":16876}
{"timestamp":"2026-05-26T08:59:02.161Z","eventType":"task_creation","step":"NOTIFY_ASSIGNEE_START","status":"PROGRESS","data":{"assigneeId":"69f1b70ef22a552efa7865d8","taskId":"6a1560d544be5549b8949438","taskTitle":"task 1"},"processId":16876}
{"timestamp":"2026-05-26T08:59:03.108Z","eventType":"task_creation","step":"NOTIFY_ASSIGNEE_SUCCESS","status":"SUCCESS","data":{"assigneeId":"69f1b70ef22a552efa7865d8","notificationId":"6a1560d644be5549b8949451"},"processId":16876}
{"timestamp":"2026-05-26T08:59:03.707Z","eventType":"task_creation","step":"NOTIFY_CREATOR_SUCCESS","status":"SUCCESS","data":{"createdBy":"69f1ea6824bbc693a12da7da","notificationId":"6a1560d744be5549b8949460"},"processId":16876}
{"timestamp":"2026-05-26T08:59:03.708Z","eventType":"task_creation","step":"NOTIFICATION_COMPLETE","status":"SUCCESS","data":{"taskId":"6a1560d544be5549b8949438","summary":{"assigneeNotifications":1,"collaboratorNotifications":0,"approverNotifications":0,"errors":0}},"processId":16876}
{"timestamp":"2026-05-26T08:59:03.709Z","eventType":"task_creation","step":"ENHANCED_NOTIFICATIONS_SENT","status":"SUCCESS","data":{"taskId":"6a1560d544be5549b8949438","assigneeNotifications":1,"collaboratorNotifications":0,"approverNotifications":0,"errors":0},"processId":16876}
{"timestamp":"2026-05-26T08:59:46.893Z","eventType":"task_creation","step":"USING_ENHANCED_HELPER","status":"START","data":{"taskId":"6a15610144be5549b894954e","taskType":"regular"},"processId":16876}
{"timestamp":"2026-05-26T08:59:46.895Z","eventType":"task_creation","step":"NOTIFICATION_START","status":"START","data":{"taskId":"6a15610144be5549b894954e","taskType":"regular","title":"hohih","createdBy":"69f1ea6824bbc693a12da7da","assignedTo":"69f1ea6824bbc693a12da7da","collaborators":0,"approvers":0},"processId":16876}
{"timestamp":"2026-05-26T08:59:46.897Z","eventType":"task_creation","step":"NOTIFY_ASSIGNEE_SKIPPED","status":"SKIP","data":{"reason":"Creator is assignee","createdBy":"69f1ea6824bbc693a12da7da","assignedTo":"69f1ea6824bbc693a12da7da"},"processId":16876}
{"timestamp":"2026-05-26T08:59:47.780Z","eventType":"task_creation","step":"NOTIFY_CREATOR_SUCCESS","status":"SUCCESS","data":{"createdBy":"69f1ea6824bbc693a12da7da","notificationId":"6a15610344be5549b8949561"},"processId":16876}
{"timestamp":"2026-05-26T08:59:47.781Z","eventType":"task_creation","step":"NOTIFICATION_COMPLETE","status":"SUCCESS","data":{"taskId":"6a15610144be5549b894954e","summary":{"assigneeNotifications":0,"collaboratorNotifications":0,"approverNotifications":0,"errors":0}},"processId":16876}
{"timestamp":"2026-05-26T08:59:47.782Z","eventType":"task_creation","step":"ENHANCED_NOTIFICATIONS_SENT","status":"SUCCESS","data":{"taskId":"6a15610144be5549b894954e","assigneeNotifications":0,"collaboratorNotifications":0,"approverNotifications":0,"errors":0},"processId":16876}
{"timestamp":"2026-05-26T10:13:39.221Z","eventType":"task_creation","step":"USING_ENHANCED_HELPER","status":"START","data":{"taskId":"6a157252109bebff43014349","taskType":"regular"},"processId":33144}
{"timestamp":"2026-05-26T10:13:39.238Z","eventType":"task_creation","step":"NOTIFICATION_START","status":"START","data":{"taskId":"6a157252109bebff43014349","taskType":"regular","title":"Testing 1","createdBy":"69f1a9f4cef05240117bd5b8","assignedTo":"69f1a9f4cef05240117bd5b8","collaborators":0,"approvers":0},"processId":33144}
{"timestamp":"2026-05-26T10:13:39.240Z","eventType":"task_creation","step":"NOTIFY_ASSIGNEE_SKIPPED","status":"SKIP","data":{"reason":"Creator is assignee","createdBy":"69f1a9f4cef05240117bd5b8","assignedTo":"69f1a9f4cef05240117bd5b8"},"processId":33144}
{"timestamp":"2026-05-26T10:13:41.212Z","eventType":"task_creation","step":"NOTIFY_CREATOR_SUCCESS","status":"SUCCESS","data":{"createdBy":"69f1a9f4cef05240117bd5b8","notificationId":"6a157254109bebff43014359"},"processId":33144}
{"timestamp":"2026-05-26T10:13:41.213Z","eventType":"task_creation","step":"NOTIFICATION_COMPLETE","status":"SUCCESS","data":{"taskId":"6a157252109bebff43014349","summary":{"assigneeNotifications":0,"collaboratorNotifications":0,"approverNotifications":0,"errors":0}},"processId":33144}
{"timestamp":"2026-05-26T10:13:41.214Z","eventType":"task_creation","step":"ENHANCED_NOTIFICATIONS_SENT","status":"SUCCESS","data":{"taskId":"6a157252109bebff43014349","assigneeNotifications":0,"collaboratorNotifications":0,"approverNotifications":0,"errors":0},"processId":33144}
