{"timestamp":"2026-05-21T06:54:57.418Z","eventType":"task_update","step":"USING_ENHANCED_HELPER","status":"START","data":{"taskId":"69fcad755fb5981c5d29bddd","updateKeys":["progress","updatedAt"]},"processId":12108}
{"timestamp":"2026-05-21T06:54:57.421Z","eventType":"task_update","step":"NOTIFICATION_START","status":"START","data":{"taskId":"69fcad755fb5981c5d29bddd","taskTitle":"update task design","updatedBy":"69f85d924b4a527968d7e69e","changedFields":["progress"]},"processId":12108}
{"timestamp":"2026-05-21T06:54:57.421Z","eventType":"task_update","step":"NOTIFICATION_COMPLETE","status":"SUCCESS","data":{"taskId":"69fcad755fb5981c5d29bddd","usersNotified":0},"processId":12108}
{"timestamp":"2026-05-21T06:54:57.422Z","eventType":"task_update","step":"ENHANCED_NOTIFICATIONS_SENT","status":"SUCCESS","data":{"taskId":"69fcad755fb5981c5d29bddd","usersNotified":0},"processId":12108}
{"timestamp":"2026-05-21T08:10:07.529Z","eventType":"task_update","step":"USING_ENHANCED_HELPER","status":"START","data":{"taskId":"6a0eb0f648dfa8b24618823d","updateKeys":["title","updatedAt"]},"processId":15952}
{"timestamp":"2026-05-21T08:10:07.532Z","eventType":"task_update","step":"NOTIFICATION_START","status":"START","data":{"taskId":"6a0eb0f648dfa8b24618823d","taskTitle":"Regular task","updatedBy":"69f85d924b4a527968d7e69e","changedFields":["title"]},"processId":15952}
{"timestamp":"2026-05-21T08:10:07.536Z","eventType":"task_update","step":"NOTIFICATION_COMPLETE","status":"SUCCESS","data":{"taskId":"6a0eb0f648dfa8b24618823d","usersNotified":0},"processId":15952}
{"timestamp":"2026-05-21T08:10:07.537Z","eventType":"task_update","step":"ENHANCED_NOTIFICATIONS_SENT","status":"SUCCESS","data":{"taskId":"6a0eb0f648dfa8b24618823d","usersNotified":0},"processId":15952}
{"timestamp":"2026-05-21T08:18:37.988Z","eventType":"task_update","step":"USING_ENHANCED_HELPER","status":"START","data":{"taskId":"6a0eb0f648dfa8b24618823d","updateKeys":["description","updatedAt"]},"processId":15952}
{"timestamp":"2026-05-21T08:18:37.992Z","eventType":"task_update","step":"NOTIFICATION_START","status":"START","data":{"taskId":"6a0eb0f648dfa8b24618823d","taskTitle":"Regular task","updatedBy":"69f85d924b4a527968d7e69e","changedFields":["description"]},"processId":15952}
{"timestamp":"2026-05-21T08:18:37.995Z","eventType":"task_update","step":"NOTIFICATION_COMPLETE","status":"SUCCESS","data":{"taskId":"6a0eb0f648dfa8b24618823d","usersNotified":0},"processId":15952}
{"timestamp":"2026-05-21T08:18:37.997Z","eventType":"task_update","step":"ENHANCED_NOTIFICATIONS_SENT","status":"SUCCESS","data":{"taskId":"6a0eb0f648dfa8b24618823d","usersNotified":0},"processId":15952}
{"timestamp":"2026-05-21T08:18:52.908Z","eventType":"task_update","step":"USING_ENHANCED_HELPER","status":"START","data":{"taskId":"6a0eb0f648dfa8b24618823d","updateKeys":["tags","updatedAt"]},"processId":15952}
{"timestamp":"2026-05-21T08:18:52.911Z","eventType":"task_update","step":"NOTIFICATION_START","status":"START","data":{"taskId":"6a0eb0f648dfa8b24618823d","taskTitle":"Regular task","updatedBy":"69f85d924b4a527968d7e69e","changedFields":["tags"]},"processId":15952}
{"timestamp":"2026-05-21T08:18:52.913Z","eventType":"task_update","step":"NOTIFICATION_COMPLETE","status":"SUCCESS","data":{"taskId":"6a0eb0f648dfa8b24618823d","usersNotified":0},"processId":15952}
{"timestamp":"2026-05-21T08:18:52.915Z","eventType":"task_update","step":"ENHANCED_NOTIFICATIONS_SENT","status":"SUCCESS","data":{"taskId":"6a0eb0f648dfa8b24618823d","usersNotified":0},"processId":15952}
{"timestamp":"2026-05-21T08:19:12.266Z","eventType":"task_update","step":"USING_ENHANCED_HELPER","status":"START","data":{"taskId":"6a0eb0f648dfa8b24618823d","updateKeys":["tags","updatedAt"]},"processId":15952}
{"timestamp":"2026-05-21T08:19:12.267Z","eventType":"task_update","step":"NOTIFICATION_START","status":"START","data":{"taskId":"6a0eb0f648dfa8b24618823d","taskTitle":"Regular task","updatedBy":"69f85d924b4a527968d7e69e","changedFields":["tags"]},"processId":15952}
{"timestamp":"2026-05-21T08:19:12.268Z","eventType":"task_update","step":"NOTIFICATION_COMPLETE","status":"SUCCESS","data":{"taskId":"6a0eb0f648dfa8b24618823d","usersNotified":0},"processId":15952}
{"timestamp":"2026-05-21T08:19:12.269Z","eventType":"task_update","step":"ENHANCED_NOTIFICATIONS_SENT","status":"SUCCESS","data":{"taskId":"6a0eb0f648dfa8b24618823d","usersNotified":0},"processId":15952}
{"timestamp":"2026-05-21T08:19:18.541Z","eventType":"task_update","step":"USING_ENHANCED_HELPER","status":"START","data":{"taskId":"6a0eb0f648dfa8b24618823d","updateKeys":["tags","updatedAt"]},"processId":15952}
{"timestamp":"2026-05-21T08:19:18.544Z","eventType":"task_update","step":"NOTIFICATION_START","status":"START","data":{"taskId":"6a0eb0f648dfa8b24618823d","taskTitle":"Regular task","updatedBy":"69f85d924b4a527968d7e69e","changedFields":["tags"]},"processId":15952}
{"timestamp":"2026-05-21T08:19:18.546Z","eventType":"task_update","step":"NOTIFICATION_COMPLETE","status":"SUCCESS","data":{"taskId":"6a0eb0f648dfa8b24618823d","usersNotified":0},"processId":15952}
{"timestamp":"2026-05-21T08:19:18.548Z","eventType":"task_update","step":"ENHANCED_NOTIFICATIONS_SENT","status":"SUCCESS","data":{"taskId":"6a0eb0f648dfa8b24618823d","usersNotified":0},"processId":15952}
{"timestamp":"2026-05-21T08:20:38.978Z","eventType":"task_update","step":"USING_ENHANCED_HELPER","status":"START","data":{"taskId":"6a0eb0f648dfa8b24618823d","updateKeys":["description","updatedAt"]},"processId":15952}
{"timestamp":"2026-05-21T08:20:38.979Z","eventType":"task_update","step":"NOTIFICATION_START","status":"START","data":{"taskId":"6a0eb0f648dfa8b24618823d","taskTitle":"Regular task","updatedBy":"69f85d924b4a527968d7e69e","changedFields":["description"]},"processId":15952}
{"timestamp":"2026-05-21T08:20:38.980Z","eventType":"task_update","step":"NOTIFICATION_COMPLETE","status":"SUCCESS","data":{"taskId":"6a0eb0f648dfa8b24618823d","usersNotified":0},"processId":15952}
{"timestamp":"2026-05-21T08:20:38.980Z","eventType":"task_update","step":"ENHANCED_NOTIFICATIONS_SENT","status":"SUCCESS","data":{"taskId":"6a0eb0f648dfa8b24618823d","usersNotified":0},"processId":15952}
{"timestamp":"2026-05-21T08:29:40.125Z","eventType":"task_update","step":"USING_ENHANCED_HELPER","status":"START","data":{"taskId":"6a0eb0f648dfa8b24618823d","updateKeys":["progress","updatedAt"]},"processId":19220}
{"timestamp":"2026-05-21T08:29:40.130Z","eventType":"task_update","step":"NOTIFICATION_START","status":"START","data":{"taskId":"6a0eb0f648dfa8b24618823d","taskTitle":"Regular task","updatedBy":"69f85d924b4a527968d7e69e","changedFields":["progress"]},"processId":19220}
{"timestamp":"2026-05-21T08:29:40.131Z","eventType":"task_update","step":"NOTIFICATION_COMPLETE","status":"SUCCESS","data":{"taskId":"6a0eb0f648dfa8b24618823d","usersNotified":0},"processId":19220}
{"timestamp":"2026-05-21T08:29:40.132Z","eventType":"task_update","step":"ENHANCED_NOTIFICATIONS_SENT","status":"SUCCESS","data":{"taskId":"6a0eb0f648dfa8b24618823d","usersNotified":0},"processId":19220}
{"timestamp":"2026-05-21T08:58:00.685Z","eventType":"task_update","step":"USING_ENHANCED_HELPER","status":"START","data":{"taskId":"6a0eb13a48dfa8b2461882cc","updateKeys":["tags","updatedAt"]},"processId":16644}
{"timestamp":"2026-05-21T08:58:00.699Z","eventType":"task_update","step":"NOTIFICATION_START","status":"START","data":{"taskId":"6a0eb13a48dfa8b2461882cc","taskTitle":"Recurring","updatedBy":"69f85d924b4a527968d7e69e","changedFields":["tags"]},"processId":16644}
{"timestamp":"2026-05-21T08:58:00.700Z","eventType":"task_update","step":"NOTIFICATION_COMPLETE","status":"SUCCESS","data":{"taskId":"6a0eb13a48dfa8b2461882cc","usersNotified":0},"processId":16644}
{"timestamp":"2026-05-21T08:58:00.701Z","eventType":"task_update","step":"ENHANCED_NOTIFICATIONS_SENT","status":"SUCCESS","data":{"taskId":"6a0eb13a48dfa8b2461882cc","usersNotified":0},"processId":16644}
{"timestamp":"2026-05-21T11:17:26.635Z","eventType":"task_update","step":"USING_ENHANCED_HELPER","status":"START","data":{"taskId":"6a0ee0c1f297b7513031e8c3","updateKeys":["dueDate","updatedAt"]},"processId":21988}
{"timestamp":"2026-05-21T11:17:26.644Z","eventType":"task_update","step":"NOTIFICATION_START","status":"START","data":{"taskId":"6a0ee0c1f297b7513031e8c3","taskTitle":"update code 01","updatedBy":"69f85d924b4a527968d7e69e","changedFields":["dueDate"]},"processId":21988}
{"timestamp":"2026-05-21T11:17:26.649Z","eventType":"task_update","step":"NOTIFICATION_COMPLETE","status":"SUCCESS","data":{"taskId":"6a0ee0c1f297b7513031e8c3","usersNotified":0},"processId":21988}
{"timestamp":"2026-05-21T11:17:26.651Z","eventType":"task_update","step":"ENHANCED_NOTIFICATIONS_SENT","status":"SUCCESS","data":{"taskId":"6a0ee0c1f297b7513031e8c3","usersNotified":0},"processId":21988}
{"timestamp":"2026-05-21T11:17:48.165Z","eventType":"task_update","step":"USING_ENHANCED_HELPER","status":"START","data":{"taskId":"6a0ee0c1f297b7513031e8c3","updateKeys":["dueDate","updatedAt"]},"processId":21988}
{"timestamp":"2026-05-21T11:17:48.166Z","eventType":"task_update","step":"NOTIFICATION_START","status":"START","data":{"taskId":"6a0ee0c1f297b7513031e8c3","taskTitle":"update code 01","updatedBy":"69f85d924b4a527968d7e69e","changedFields":["dueDate"]},"processId":21988}
{"timestamp":"2026-05-21T11:17:48.168Z","eventType":"task_update","step":"NOTIFICATION_COMPLETE","status":"SUCCESS","data":{"taskId":"6a0ee0c1f297b7513031e8c3","usersNotified":0},"processId":21988}
{"timestamp":"2026-05-21T11:17:48.170Z","eventType":"task_update","step":"ENHANCED_NOTIFICATIONS_SENT","status":"SUCCESS","data":{"taskId":"6a0ee0c1f297b7513031e8c3","usersNotified":0},"processId":21988}
{"timestamp":"2026-05-21T11:18:05.783Z","eventType":"task_update","step":"USING_ENHANCED_HELPER","status":"START","data":{"taskId":"6a0ee0c1f297b7513031e8c3","updateKeys":["dueDate","updatedAt"]},"processId":21988}
{"timestamp":"2026-05-21T11:18:05.785Z","eventType":"task_update","step":"NOTIFICATION_START","status":"START","data":{"taskId":"6a0ee0c1f297b7513031e8c3","taskTitle":"update code 01","updatedBy":"69f85d924b4a527968d7e69e","changedFields":["dueDate"]},"processId":21988}
{"timestamp":"2026-05-21T11:18:05.786Z","eventType":"task_update","step":"NOTIFICATION_COMPLETE","status":"SUCCESS","data":{"taskId":"6a0ee0c1f297b7513031e8c3","usersNotified":0},"processId":21988}
{"timestamp":"2026-05-21T11:18:05.788Z","eventType":"task_update","step":"ENHANCED_NOTIFICATIONS_SENT","status":"SUCCESS","data":{"taskId":"6a0ee0c1f297b7513031e8c3","usersNotified":0},"processId":21988}
{"timestamp":"2026-05-21T11:19:46.921Z","eventType":"task_update","step":"USING_ENHANCED_HELPER","status":"START","data":{"taskId":"6a0ee0c1f297b7513031e8c3","updateKeys":["dueDate","updatedAt"]},"processId":21988}
{"timestamp":"2026-05-21T11:19:46.922Z","eventType":"task_update","step":"NOTIFICATION_START","status":"START","data":{"taskId":"6a0ee0c1f297b7513031e8c3","taskTitle":"update code 01","updatedBy":"69f85d924b4a527968d7e69e","changedFields":["dueDate"]},"processId":21988}
{"timestamp":"2026-05-21T11:19:46.923Z","eventType":"task_update","step":"NOTIFICATION_COMPLETE","status":"SUCCESS","data":{"taskId":"6a0ee0c1f297b7513031e8c3","usersNotified":0},"processId":21988}
{"timestamp":"2026-05-21T11:19:46.924Z","eventType":"task_update","step":"ENHANCED_NOTIFICATIONS_SENT","status":"SUCCESS","data":{"taskId":"6a0ee0c1f297b7513031e8c3","usersNotified":0},"processId":21988}
{"timestamp":"2026-05-21T11:19:56.219Z","eventType":"task_update","step":"USING_ENHANCED_HELPER","status":"START","data":{"taskId":"6a0ee0c1f297b7513031e8c3","updateKeys":["dueDate","updatedAt"]},"processId":21988}
{"timestamp":"2026-05-21T11:19:56.219Z","eventType":"task_update","step":"NOTIFICATION_START","status":"START","data":{"taskId":"6a0ee0c1f297b7513031e8c3","taskTitle":"update code 01","updatedBy":"69f85d924b4a527968d7e69e","changedFields":["dueDate"]},"processId":21988}
{"timestamp":"2026-05-21T11:19:56.220Z","eventType":"task_update","step":"NOTIFICATION_COMPLETE","status":"SUCCESS","data":{"taskId":"6a0ee0c1f297b7513031e8c3","usersNotified":0},"processId":21988}
{"timestamp":"2026-05-21T11:19:56.220Z","eventType":"task_update","step":"ENHANCED_NOTIFICATIONS_SENT","status":"SUCCESS","data":{"taskId":"6a0ee0c1f297b7513031e8c3","usersNotified":0},"processId":21988}
