{"timestamp":"2026-06-03T07:53:09.907Z","eventType":"task_creation","step":"USING_ENHANCED_HELPER","status":"START","data":{"taskId":"6a1fdd64f615cf0c74d4769c","taskType":"regular"},"processId":11848}
{"timestamp":"2026-06-03T07:53:09.918Z","eventType":"task_creation","step":"NOTIFICATION_START","status":"START","data":{"taskId":"6a1fdd64f615cf0c74d4769c","taskType":"regular","title":"padding update","createdBy":"69f1ea6824bbc693a12da7da","assignedTo":"69f1ea6824bbc693a12da7da","collaborators":0,"approvers":0},"processId":11848}
{"timestamp":"2026-06-03T07:53:09.921Z","eventType":"task_creation","step":"NOTIFY_ASSIGNEE_SKIPPED","status":"SKIP","data":{"reason":"Creator is assignee","createdBy":"69f1ea6824bbc693a12da7da","assignedTo":"69f1ea6824bbc693a12da7da"},"processId":11848}
{"timestamp":"2026-06-03T07:53:10.428Z","eventType":"task_creation","step":"NOTIFY_CREATOR_SUCCESS","status":"SUCCESS","data":{"createdBy":"69f1ea6824bbc693a12da7da","notificationId":"6a1fdd66f615cf0c74d476b1"},"processId":11848}
{"timestamp":"2026-06-03T07:53:10.429Z","eventType":"task_creation","step":"NOTIFICATION_COMPLETE","status":"SUCCESS","data":{"taskId":"6a1fdd64f615cf0c74d4769c","summary":{"assigneeNotifications":0,"collaboratorNotifications":0,"approverNotifications":0,"errors":0}},"processId":11848}
{"timestamp":"2026-06-03T07:53:10.430Z","eventType":"task_creation","step":"ENHANCED_NOTIFICATIONS_SENT","status":"SUCCESS","data":{"taskId":"6a1fdd64f615cf0c74d4769c","assigneeNotifications":0,"collaboratorNotifications":0,"approverNotifications":0,"errors":0},"processId":11848}
{"timestamp":"2026-06-03T12:20:30.679Z","eventType":"task_creation","step":"USING_ENHANCED_HELPER","status":"START","data":{"taskId":"6a201c0e9290a941fec6308c","taskType":"regular"},"processId":13772}
{"timestamp":"2026-06-03T12:20:30.691Z","eventType":"task_creation","step":"NOTIFICATION_START","status":"START","data":{"taskId":"6a201c0e9290a941fec6308c","taskType":"regular","title":"regular task cronJobs","createdBy":"69f1b70ef22a552efa7865d8","assignedTo":"69f1b70ef22a552efa7865d8","collaborators":0,"approvers":0},"processId":13772}
{"timestamp":"2026-06-03T12:20:30.693Z","eventType":"task_creation","step":"NOTIFY_ASSIGNEE_SKIPPED","status":"SKIP","data":{"reason":"Creator is assignee","createdBy":"69f1b70ef22a552efa7865d8","assignedTo":"69f1b70ef22a552efa7865d8"},"processId":13772}
{"timestamp":"2026-06-03T12:20:31.167Z","eventType":"task_creation","step":"NOTIFY_CREATOR_SUCCESS","status":"SUCCESS","data":{"createdBy":"69f1b70ef22a552efa7865d8","notificationId":"6a201c0f9290a941fec6309d"},"processId":13772}
{"timestamp":"2026-06-03T12:20:31.170Z","eventType":"task_creation","step":"NOTIFICATION_COMPLETE","status":"SUCCESS","data":{"taskId":"6a201c0e9290a941fec6308c","summary":{"assigneeNotifications":0,"collaboratorNotifications":0,"approverNotifications":0,"errors":0}},"processId":13772}
{"timestamp":"2026-06-03T12:20:31.171Z","eventType":"task_creation","step":"ENHANCED_NOTIFICATIONS_SENT","status":"SUCCESS","data":{"taskId":"6a201c0e9290a941fec6308c","assigneeNotifications":0,"collaboratorNotifications":0,"approverNotifications":0,"errors":0},"processId":13772}
{"timestamp":"2026-06-03T12:21:38.190Z","eventType":"task_creation","step":"USING_ENHANCED_HELPER","status":"START","data":{"taskId":"6a201c509290a941fec63126","taskType":"recurring"},"processId":13772}
{"timestamp":"2026-06-03T12:21:38.191Z","eventType":"task_creation","step":"NOTIFICATION_START","status":"START","data":{"taskId":"6a201c509290a941fec63126","taskType":"recurring","title":"recurring task cronJobs","createdBy":"69f1b70ef22a552efa7865d8","assignedTo":"69f1b70ef22a552efa7865d8","collaborators":0,"approvers":0},"processId":13772}
{"timestamp":"2026-06-03T12:21:38.193Z","eventType":"task_creation","step":"NOTIFY_ASSIGNEE_SKIPPED","status":"SKIP","data":{"reason":"Creator is assignee","createdBy":"69f1b70ef22a552efa7865d8","assignedTo":"69f1b70ef22a552efa7865d8"},"processId":13772}
{"timestamp":"2026-06-03T12:21:38.766Z","eventType":"task_creation","step":"NOTIFY_CREATOR_SUCCESS","status":"SUCCESS","data":{"createdBy":"69f1b70ef22a552efa7865d8","notificationId":"6a201c529290a941fec63151"},"processId":13772}
{"timestamp":"2026-06-03T12:21:38.778Z","eventType":"task_creation","step":"NOTIFICATION_COMPLETE","status":"SUCCESS","data":{"taskId":"6a201c509290a941fec63126","summary":{"assigneeNotifications":0,"collaboratorNotifications":0,"approverNotifications":0,"errors":0}},"processId":13772}
{"timestamp":"2026-06-03T12:21:38.778Z","eventType":"task_creation","step":"ENHANCED_NOTIFICATIONS_SENT","status":"SUCCESS","data":{"taskId":"6a201c509290a941fec63126","assigneeNotifications":0,"collaboratorNotifications":0,"approverNotifications":0,"errors":0},"processId":13772}
{"timestamp":"2026-06-03T12:22:13.730Z","eventType":"task_creation","step":"USING_ENHANCED_HELPER","status":"START","data":{"taskId":"6a201c759290a941fec631d9","taskType":"milestone"},"processId":13772}
{"timestamp":"2026-06-03T12:22:13.734Z","eventType":"task_creation","step":"NOTIFICATION_START","status":"START","data":{"taskId":"6a201c759290a941fec631d9","taskType":"milestone","title":"milston task cronJobs","createdBy":"69f1b70ef22a552efa7865d8","assignedTo":"69f1b70ef22a552efa7865d8","collaborators":0,"approvers":0},"processId":13772}
{"timestamp":"2026-06-03T12:22:13.735Z","eventType":"task_creation","step":"NOTIFY_ASSIGNEE_SKIPPED","status":"SKIP","data":{"reason":"Creator is assignee","createdBy":"69f1b70ef22a552efa7865d8","assignedTo":"69f1b70ef22a552efa7865d8"},"processId":13772}
{"timestamp":"2026-06-03T12:22:14.289Z","eventType":"task_creation","step":"NOTIFY_CREATOR_SUCCESS","status":"SUCCESS","data":{"createdBy":"69f1b70ef22a552efa7865d8","notificationId":"6a201c769290a941fec631ea"},"processId":13772}
{"timestamp":"2026-06-03T12:22:14.290Z","eventType":"task_creation","step":"NOTIFICATION_COMPLETE","status":"SUCCESS","data":{"taskId":"6a201c759290a941fec631d9","summary":{"assigneeNotifications":0,"collaboratorNotifications":0,"approverNotifications":0,"errors":0}},"processId":13772}
{"timestamp":"2026-06-03T12:22:14.291Z","eventType":"task_creation","step":"ENHANCED_NOTIFICATIONS_SENT","status":"SUCCESS","data":{"taskId":"6a201c759290a941fec631d9","assigneeNotifications":0,"collaboratorNotifications":0,"approverNotifications":0,"errors":0},"processId":13772}
{"timestamp":"2026-06-03T12:23:20.169Z","eventType":"task_creation","step":"USING_ENHANCED_HELPER","status":"START","data":{"taskId":"6a201cb79290a941fec632cf","taskType":"approval"},"processId":13772}
{"timestamp":"2026-06-03T12:23:20.170Z","eventType":"task_creation","step":"NOTIFICATION_START","status":"START","data":{"taskId":"6a201cb79290a941fec632cf","taskType":"approval","title":"Any one approval testing CRONJOBS","createdBy":"69f1b70ef22a552efa7865d8","assignedTo":"69f1b70ef22a552efa7865d8","collaborators":0,"approvers":2},"processId":13772}
{"timestamp":"2026-06-03T12:23:20.172Z","eventType":"task_creation","step":"NOTIFY_ASSIGNEE_SKIPPED","status":"SKIP","data":{"reason":"Creator is assignee","createdBy":"69f1b70ef22a552efa7865d8","assignedTo":"69f1b70ef22a552efa7865d8"},"processId":13772}
{"timestamp":"2026-06-03T12:23:20.698Z","eventType":"task_creation","step":"NOTIFY_CREATOR_SUCCESS","status":"SUCCESS","data":{"createdBy":"69f1b70ef22a552efa7865d8","notificationId":"6a201cb89290a941fec632e8"},"processId":13772}
{"timestamp":"2026-06-03T12:23:20.700Z","eventType":"task_creation","step":"NOTIFY_APPROVERS_START","status":"PROGRESS","data":{"approverCount":2,"taskId":"6a201cb79290a941fec632cf","approvalMode":"all"},"processId":13772}
{"timestamp":"2026-06-03T12:23:21.034Z","eventType":"task_creation","step":"NOTIFY_APPROVER_SUCCESS","status":"SUCCESS","data":{"approverId":"69f1a9f4cef05240117bd5b8","index":1,"notificationId":"6a201cb89290a941fec632f3"},"processId":13772}
{"timestamp":"2026-06-03T12:23:21.383Z","eventType":"task_creation","step":"NOTIFY_APPROVER_SUCCESS","status":"SUCCESS","data":{"approverId":"69f1ea6824bbc693a12da7da","index":2,"notificationId":"6a201cb99290a941fec63302"},"processId":13772}
{"timestamp":"2026-06-03T12:23:21.384Z","eventType":"task_creation","step":"NOTIFICATION_COMPLETE","status":"SUCCESS","data":{"taskId":"6a201cb79290a941fec632cf","summary":{"assigneeNotifications":0,"collaboratorNotifications":0,"approverNotifications":2,"errors":0}},"processId":13772}
{"timestamp":"2026-06-03T12:23:21.385Z","eventType":"task_creation","step":"ENHANCED_NOTIFICATIONS_SENT","status":"SUCCESS","data":{"taskId":"6a201cb79290a941fec632cf","assigneeNotifications":0,"collaboratorNotifications":0,"approverNotifications":2,"errors":0},"processId":13772}
{"timestamp":"2026-06-03T12:29:39.488Z","eventType":"task_creation","step":"USING_ENHANCED_HELPER","status":"START","data":{"taskId":"6a201e339290a941fec63738","taskType":"regular"},"processId":13772}
{"timestamp":"2026-06-03T12:29:39.489Z","eventType":"task_creation","step":"NOTIFICATION_START","status":"START","data":{"taskId":"6a201e339290a941fec63738","taskType":"regular","title":"regular task cronJobs","createdBy":"6a1af76652030389b69002f9","assignedTo":"6a1af76652030389b69002f9","collaborators":0,"approvers":0},"processId":13772}
{"timestamp":"2026-06-03T12:29:39.489Z","eventType":"task_creation","step":"NOTIFY_ASSIGNEE_SKIPPED","status":"SKIP","data":{"reason":"Creator is assignee","createdBy":"6a1af76652030389b69002f9","assignedTo":"6a1af76652030389b69002f9"},"processId":13772}
{"timestamp":"2026-06-03T12:29:39.955Z","eventType":"task_creation","step":"NOTIFY_CREATOR_SUCCESS","status":"SUCCESS","data":{"createdBy":"6a1af76652030389b69002f9","notificationId":"6a201e339290a941fec63748"},"processId":13772}
{"timestamp":"2026-06-03T12:29:39.956Z","eventType":"task_creation","step":"NOTIFICATION_COMPLETE","status":"SUCCESS","data":{"taskId":"6a201e339290a941fec63738","summary":{"assigneeNotifications":0,"collaboratorNotifications":0,"approverNotifications":0,"errors":0}},"processId":13772}
{"timestamp":"2026-06-03T12:29:39.956Z","eventType":"task_creation","step":"ENHANCED_NOTIFICATIONS_SENT","status":"SUCCESS","data":{"taskId":"6a201e339290a941fec63738","assigneeNotifications":0,"collaboratorNotifications":0,"approverNotifications":0,"errors":0},"processId":13772}
{"timestamp":"2026-06-03T12:30:54.055Z","eventType":"task_creation","step":"USING_ENHANCED_HELPER","status":"START","data":{"taskId":"6a201e7c9290a941fec63860","taskType":"recurring"},"processId":13772}
{"timestamp":"2026-06-03T12:30:54.055Z","eventType":"task_creation","step":"NOTIFICATION_START","status":"START","data":{"taskId":"6a201e7c9290a941fec63860","taskType":"recurring","title":"recurring task cronJobs","createdBy":"6a1af76652030389b69002f9","assignedTo":"6a1af76652030389b69002f9","collaborators":0,"approvers":0},"processId":13772}
{"timestamp":"2026-06-03T12:30:54.060Z","eventType":"task_creation","step":"NOTIFY_ASSIGNEE_SKIPPED","status":"SKIP","data":{"reason":"Creator is assignee","createdBy":"6a1af76652030389b69002f9","assignedTo":"6a1af76652030389b69002f9"},"processId":13772}
{"timestamp":"2026-06-03T12:30:54.408Z","eventType":"task_creation","step":"NOTIFY_CREATOR_SUCCESS","status":"SUCCESS","data":{"createdBy":"6a1af76652030389b69002f9","notificationId":"6a201e7e9290a941fec63889"},"processId":13772}
{"timestamp":"2026-06-03T12:30:54.412Z","eventType":"task_creation","step":"NOTIFICATION_COMPLETE","status":"SUCCESS","data":{"taskId":"6a201e7c9290a941fec63860","summary":{"assigneeNotifications":0,"collaboratorNotifications":0,"approverNotifications":0,"errors":0}},"processId":13772}
{"timestamp":"2026-06-03T12:30:54.418Z","eventType":"task_creation","step":"ENHANCED_NOTIFICATIONS_SENT","status":"SUCCESS","data":{"taskId":"6a201e7c9290a941fec63860","assigneeNotifications":0,"collaboratorNotifications":0,"approverNotifications":0,"errors":0},"processId":13772}
{"timestamp":"2026-06-03T12:31:16.201Z","eventType":"task_creation","step":"USING_ENHANCED_HELPER","status":"START","data":{"taskId":"6a201e939290a941fec638d9","taskType":"milestone"},"processId":13772}
{"timestamp":"2026-06-03T12:31:16.202Z","eventType":"task_creation","step":"NOTIFICATION_START","status":"START","data":{"taskId":"6a201e939290a941fec638d9","taskType":"milestone","title":"milestone task cronJobs","createdBy":"6a1af76652030389b69002f9","assignedTo":"6a1af76652030389b69002f9","collaborators":0,"approvers":0},"processId":13772}
{"timestamp":"2026-06-03T12:31:16.210Z","eventType":"task_creation","step":"NOTIFY_ASSIGNEE_SKIPPED","status":"SKIP","data":{"reason":"Creator is assignee","createdBy":"6a1af76652030389b69002f9","assignedTo":"6a1af76652030389b69002f9"},"processId":13772}
{"timestamp":"2026-06-03T12:31:16.695Z","eventType":"task_creation","step":"NOTIFY_CREATOR_SUCCESS","status":"SUCCESS","data":{"createdBy":"6a1af76652030389b69002f9","notificationId":"6a201e949290a941fec638eb"},"processId":13772}
{"timestamp":"2026-06-03T12:31:16.696Z","eventType":"task_creation","step":"NOTIFICATION_COMPLETE","status":"SUCCESS","data":{"taskId":"6a201e939290a941fec638d9","summary":{"assigneeNotifications":0,"collaboratorNotifications":0,"approverNotifications":0,"errors":0}},"processId":13772}
{"timestamp":"2026-06-03T12:31:16.696Z","eventType":"task_creation","step":"ENHANCED_NOTIFICATIONS_SENT","status":"SUCCESS","data":{"taskId":"6a201e939290a941fec638d9","assigneeNotifications":0,"collaboratorNotifications":0,"approverNotifications":0,"errors":0},"processId":13772}
