{"timestamp":"2026-05-27T10:05:31.268Z","eventType":"task_creation","step":"USING_ENHANCED_HELPER","status":"START","data":{"taskId":"6a16c1dfdc49b5f2662d5685","taskType":"approval"},"processId":3564}
{"timestamp":"2026-05-27T10:05:31.285Z","eventType":"task_creation","step":"NOTIFICATION_START","status":"START","data":{"taskId":"6a16c1dfdc49b5f2662d5685","taskType":"approval","title":"approval form sequential","createdBy":"69f1b70ef22a552efa7865d8","assignedTo":"69f1b70ef22a552efa7865d8","collaborators":0,"approvers":2},"processId":3564}
{"timestamp":"2026-05-27T10:05:31.289Z","eventType":"task_creation","step":"NOTIFY_ASSIGNEE_SKIPPED","status":"SKIP","data":{"reason":"Creator is assignee","createdBy":"69f1b70ef22a552efa7865d8","assignedTo":"69f1b70ef22a552efa7865d8"},"processId":3564}
{"timestamp":"2026-05-27T10:05:35.656Z","eventType":"task_creation","step":"NOTIFY_CREATOR_SUCCESS","status":"SUCCESS","data":{"createdBy":"69f1b70ef22a552efa7865d8","notificationId":"6a16c1efdc49b5f2662d56a0"},"processId":3564}
{"timestamp":"2026-05-27T10:05:35.658Z","eventType":"task_creation","step":"NOTIFY_APPROVERS_START","status":"PROGRESS","data":{"approverCount":2,"taskId":"6a16c1dfdc49b5f2662d5685","approvalMode":"all"},"processId":3564}
{"timestamp":"2026-05-27T10:05:38.587Z","eventType":"task_creation","step":"NOTIFY_APPROVER_SUCCESS","status":"SUCCESS","data":{"approverId":"69f1a9f4cef05240117bd5b8","index":1,"notificationId":"6a16c1f2dc49b5f2662d56b3"},"processId":3564}
{"timestamp":"2026-05-27T10:05:40.172Z","eventType":"task_creation","step":"NOTIFY_APPROVER_SUCCESS","status":"SUCCESS","data":{"approverId":"69f1ea6824bbc693a12da7da","index":2,"notificationId":"6a16c1f4dc49b5f2662d56c4"},"processId":3564}
{"timestamp":"2026-05-27T10:05:40.173Z","eventType":"task_creation","step":"NOTIFICATION_COMPLETE","status":"SUCCESS","data":{"taskId":"6a16c1dfdc49b5f2662d5685","summary":{"assigneeNotifications":0,"collaboratorNotifications":0,"approverNotifications":2,"errors":0}},"processId":3564}
{"timestamp":"2026-05-27T10:05:40.173Z","eventType":"task_creation","step":"ENHANCED_NOTIFICATIONS_SENT","status":"SUCCESS","data":{"taskId":"6a16c1dfdc49b5f2662d5685","assigneeNotifications":0,"collaboratorNotifications":0,"approverNotifications":2,"errors":0},"processId":3564}
{"timestamp":"2026-05-27T10:16:30.168Z","eventType":"task_creation","step":"USING_ENHANCED_HELPER","status":"START","data":{"taskId":"6a16c47ddc49b5f2662d6a20","taskType":"regular"},"processId":3564}
{"timestamp":"2026-05-27T10:16:30.170Z","eventType":"task_creation","step":"NOTIFICATION_START","status":"START","data":{"taskId":"6a16c47ddc49b5f2662d6a20","taskType":"regular","title":"update task design","createdBy":"69f1b70ef22a552efa7865d8","assignedTo":"69f1b70ef22a552efa7865d8","collaborators":0,"approvers":0},"processId":3564}
{"timestamp":"2026-05-27T10:16:30.170Z","eventType":"task_creation","step":"NOTIFY_ASSIGNEE_SKIPPED","status":"SKIP","data":{"reason":"Creator is assignee","createdBy":"69f1b70ef22a552efa7865d8","assignedTo":"69f1b70ef22a552efa7865d8"},"processId":3564}
{"timestamp":"2026-05-27T10:16:30.795Z","eventType":"task_creation","step":"NOTIFY_CREATOR_SUCCESS","status":"SUCCESS","data":{"createdBy":"69f1b70ef22a552efa7865d8","notificationId":"6a16c47edc49b5f2662d6a31"},"processId":3564}
{"timestamp":"2026-05-27T10:16:30.796Z","eventType":"task_creation","step":"NOTIFICATION_COMPLETE","status":"SUCCESS","data":{"taskId":"6a16c47ddc49b5f2662d6a20","summary":{"assigneeNotifications":0,"collaboratorNotifications":0,"approverNotifications":0,"errors":0}},"processId":3564}
{"timestamp":"2026-05-27T10:16:30.796Z","eventType":"task_creation","step":"ENHANCED_NOTIFICATIONS_SENT","status":"SUCCESS","data":{"taskId":"6a16c47ddc49b5f2662d6a20","assigneeNotifications":0,"collaboratorNotifications":0,"approverNotifications":0,"errors":0},"processId":3564}
{"timestamp":"2026-05-27T10:18:41.487Z","eventType":"task_creation","step":"USING_ENHANCED_HELPER","status":"START","data":{"taskId":"6a16c4fadc49b5f2662d6b59","taskType":"recurring"},"processId":3564}
{"timestamp":"2026-05-27T10:18:41.489Z","eventType":"task_creation","step":"NOTIFICATION_START","status":"START","data":{"taskId":"6a16c4fadc49b5f2662d6b59","taskType":"recurring","title":"update task design recurrinng","createdBy":"69f1b70ef22a552efa7865d8","assignedTo":"69f1b70ef22a552efa7865d8","collaborators":0,"approvers":0},"processId":3564}
{"timestamp":"2026-05-27T10:18:41.490Z","eventType":"task_creation","step":"NOTIFY_ASSIGNEE_SKIPPED","status":"SKIP","data":{"reason":"Creator is assignee","createdBy":"69f1b70ef22a552efa7865d8","assignedTo":"69f1b70ef22a552efa7865d8"},"processId":3564}
{"timestamp":"2026-05-27T10:18:43.520Z","eventType":"task_creation","step":"NOTIFY_CREATOR_SUCCESS","status":"SUCCESS","data":{"createdBy":"69f1b70ef22a552efa7865d8","notificationId":"6a16c503dc49b5f2662d6b74"},"processId":3564}
{"timestamp":"2026-05-27T10:18:43.520Z","eventType":"task_creation","step":"NOTIFICATION_COMPLETE","status":"SUCCESS","data":{"taskId":"6a16c4fadc49b5f2662d6b59","summary":{"assigneeNotifications":0,"collaboratorNotifications":0,"approverNotifications":0,"errors":0}},"processId":3564}
{"timestamp":"2026-05-27T10:18:43.521Z","eventType":"task_creation","step":"ENHANCED_NOTIFICATIONS_SENT","status":"SUCCESS","data":{"taskId":"6a16c4fadc49b5f2662d6b59","assigneeNotifications":0,"collaboratorNotifications":0,"approverNotifications":0,"errors":0},"processId":3564}
